info: Server started at http://localhost:3000/api/v1/ {"timestamp":"2025-02-11T18:39:03.845Z"}
info: Connected to the database. {"timestamp":"2025-02-11T18:39:03.867Z"}
info: Server started at http://localhost:3000/api/v1/ {"timestamp":"2025-02-11T18:40:50.465Z"}
info: Connected to the database. {"timestamp":"2025-02-11T18:40:50.484Z"}
info: Server started at http://localhost:3000/api/v1/ {"timestamp":"2025-02-11T18:41:11.221Z"}
info: Connected to the database. {"timestamp":"2025-02-11T18:41:11.239Z"}
info: Server started at http://localhost:3000/api/v1/ {"timestamp":"2025-02-11T18:42:14.890Z"}
info: Connected to the database. {"timestamp":"2025-02-11T18:42:14.910Z"}
info: Server started at http://localhost:3000/api/v1/ {"timestamp":"2025-02-11T18:47:37.787Z"}
info: Connected to the database. {"timestamp":"2025-02-11T18:47:37.819Z"}
info: Server started at http://localhost:3000/api/v1/ {"timestamp":"2025-02-11T18:49:02.119Z"}
info: Connected to the database. {"timestamp":"2025-02-11T18:49:02.152Z"}
info: Server started at http://localhost:3000/api/v1/ {"timestamp":"2025-02-11T18:49:35.416Z"}
info: Connected to the database. {"timestamp":"2025-02-11T18:49:35.445Z"}
info: Server started at http://localhost:3000/api/v1/ {"timestamp":"2025-02-11T18:50:33.619Z"}
info: Connected to the database. {"timestamp":"2025-02-11T18:50:33.640Z"}
info: Server started at http://localhost:3000/api/v1/ {"timestamp":"2025-02-11T18:50:47.941Z"}
info: Connected to the database. {"timestamp":"2025-02-11T18:50:47.968Z"}
info: Server started at http://localhost:3000/api/v1/ {"timestamp":"2025-02-11T18:50:57.214Z"}
info: Connected to the database. {"timestamp":"2025-02-11T18:50:57.241Z"}
info: Server started at http://localhost:3000/api/v1/ {"timestamp":"2025-02-11T18:51:07.431Z"}
info: Connected to the database. {"timestamp":"2025-02-11T18:51:07.451Z"}
info: Server started at http://localhost:3000/api/v1/ {"timestamp":"2025-02-11T18:52:07.436Z"}
info: Connected to the database. {"timestamp":"2025-02-11T18:52:07.458Z"}
info: Server started at http://localhost:3000/api/v1/ {"timestamp":"2025-02-11T18:52:18.369Z"}
info: Connected to the database. {"timestamp":"2025-02-11T18:52:18.394Z"}
info: Server started at http://localhost:3000/api/v1/ {"timestamp":"2025-02-11T19:02:29.217Z"}
info: Connected to the database. {"timestamp":"2025-02-11T19:02:29.286Z"}
error: 
    status - 500 
    message - ValidationError: "email" must be a valid email 
    url - /api/v1/users/register 
    method - POST 
    IP - ::1
   {"timestamp":"2025-02-11T19:03:00.951Z"}
error: 
    status - 500 
    message - ValidationError: "password" length must be at least 8 characters long 
    url - /api/v1/users/register 
    method - POST 
    IP - ::1
   {"timestamp":"2025-02-11T19:03:28.794Z"}
info: Server started at http://localhost:3000/api/v1/ {"timestamp":"2025-02-11T19:14:20.027Z"}
info: Connected to the database. {"timestamp":"2025-02-11T19:14:20.041Z"}
info: Server started at http://localhost:3000/api/v1/ {"timestamp":"2025-02-11T19:14:46.095Z"}
info: Connected to the database. {"timestamp":"2025-02-11T19:14:46.108Z"}
info: Server started at http://localhost:3000/api/v1/ {"timestamp":"2025-02-11T19:14:54.633Z"}
info: Connected to the database. {"timestamp":"2025-02-11T19:14:54.649Z"}
info: Server started at http://localhost:3000/api/v1/ {"timestamp":"2025-02-11T19:14:57.930Z"}
info: Connected to the database. {"timestamp":"2025-02-11T19:14:57.944Z"}
info: Server started at http://localhost:3000/api/v1/ {"timestamp":"2025-02-11T19:15:01.715Z"}
info: Connected to the database. {"timestamp":"2025-02-11T19:15:01.728Z"}
info: Server started at http://localhost:3000/api/v1/ {"timestamp":"2025-02-11T19:15:17.733Z"}
info: Connected to the database. {"timestamp":"2025-02-11T19:15:17.753Z"}
info: Server started at http://localhost:3000/api/v1/ {"timestamp":"2025-02-11T19:15:29.770Z"}
info: Connected to the database. {"timestamp":"2025-02-11T19:15:29.791Z"}
error: 
    status - 500 
    message - ValidationError: "password" length must be at least 8 characters long 
    url - /api/v1/users/login 
    method - POST 
    IP - ::1
   {"timestamp":"2025-02-11T19:15:40.106Z"}
error: 
    status - 500 
    message - ValidationError: "name" is required 
    url - /api/v1/users/login 
    method - POST 
    IP - ::1
   {"timestamp":"2025-02-11T19:15:52.026Z"}
info: Server started at http://localhost:3000/api/v1/ {"timestamp":"2025-02-11T19:17:04.649Z"}
info: Connected to the database. {"timestamp":"2025-02-11T19:17:04.663Z"}
info: Server started at http://localhost:3000/api/v1/ {"timestamp":"2025-02-11T19:17:12.709Z"}
info: Connected to the database. {"timestamp":"2025-02-11T19:17:12.725Z"}
info: Server started at http://localhost:3000/api/v1/ {"timestamp":"2025-02-11T19:17:20.996Z"}
info: Connected to the database. {"timestamp":"2025-02-11T19:17:21.010Z"}
info: Server started at http://localhost:3000/api/v1/ {"timestamp":"2025-02-11T19:17:29.760Z"}
info: Connected to the database. {"timestamp":"2025-02-11T19:17:29.775Z"}
info: Server started at http://localhost:3000/api/v1/ {"timestamp":"2025-02-11T19:18:04.726Z"}
info: Connected to the database. {"timestamp":"2025-02-11T19:18:04.741Z"}
error: 
    status - 500 
    message - ValidationError: "password" is not allowed 
    url - /api/v1/users/login 
    method - POST 
    IP - ::1
   {"timestamp":"2025-02-11T19:18:08.878Z"}
info: Server started at http://localhost:3000/api/v1/ {"timestamp":"2025-02-11T19:18:38.792Z"}
info: Connected to the database. {"timestamp":"2025-02-11T19:18:38.806Z"}
error: 
    status - 500 
    message - ValidationError: "password" length must be at least 8 characters long 
    url - /api/v1/users/login 
    method - POST 
    IP - ::1
   {"timestamp":"2025-02-11T19:18:55.154Z"}
error: 
    status - 500 
    message - ValidationError: "name" is required 
    url - /api/v1/users/register 
    method - POST 
    IP - ::1
   {"timestamp":"2025-02-11T19:19:44.635Z"}
info: Server started at http://localhost:3000/api/v1/ {"timestamp":"2025-02-12T04:23:31.213Z"}
info: Connected to the database. {"timestamp":"2025-02-12T04:23:31.225Z"}
error: 
    status - 500 
    message - ValidationError: "name" is required 
    url - /api/v1/users/register 
    method - POST 
    IP - ::1
   {"timestamp":"2025-02-12T04:23:59.762Z"}
error: 
    status - 500 
    message - ValidationError: "email" must be a valid email 
    url - /api/v1/users/login 
    method - POST 
    IP - ::1
   {"timestamp":"2025-02-12T04:25:11.425Z"}
info: Server started at http://localhost:3000/api/v1/ {"timestamp":"2025-02-12T04:41:28.694Z"}
info: Connected to the database. {"timestamp":"2025-02-12T04:41:28.707Z"}
info: Server started at http://localhost:3000/api/v1/ {"timestamp":"2025-02-12T04:42:56.148Z"}
info: Connected to the database. {"timestamp":"2025-02-12T04:42:56.162Z"}
info: Server started at http://localhost:3000/api/v1/ {"timestamp":"2025-02-12T04:43:08.267Z"}
info: Connected to the database. {"timestamp":"2025-02-12T04:43:08.288Z"}
info: Server started at http://localhost:3000/api/v1/ {"timestamp":"2025-02-12T04:43:12.367Z"}
info: Connected to the database. {"timestamp":"2025-02-12T04:43:12.380Z"}
info: Server started at http://localhost:3000/api/v1/ {"timestamp":"2025-02-12T04:43:23.193Z"}
info: Connected to the database. {"timestamp":"2025-02-12T04:43:23.206Z"}
info: Server started at http://localhost:3000/api/v1/ {"timestamp":"2025-02-12T04:43:47.855Z"}
info: Connected to the database. {"timestamp":"2025-02-12T04:43:47.870Z"}
info: Server started at http://localhost:3000/api/v1/ {"timestamp":"2025-02-12T04:43:53.711Z"}
info: Connected to the database. {"timestamp":"2025-02-12T04:43:53.725Z"}
info: Server started at http://localhost:3000/api/v1/ {"timestamp":"2025-02-12T04:44:02.072Z"}
info: Connected to the database. {"timestamp":"2025-02-12T04:44:02.084Z"}
info: Server started at http://localhost:3000/api/v1/ {"timestamp":"2025-02-12T04:44:22.499Z"}
info: Connected to the database. {"timestamp":"2025-02-12T04:44:22.514Z"}
info: Server started at http://localhost:3000/api/v1/ {"timestamp":"2025-02-12T04:44:31.416Z"}
info: Connected to the database. {"timestamp":"2025-02-12T04:44:31.428Z"}
info: Server started at http://localhost:3000/api/v1/ {"timestamp":"2025-02-12T04:44:38.520Z"}
info: Connected to the database. {"timestamp":"2025-02-12T04:44:38.532Z"}
info: Server started at http://localhost:3000/api/v1/ {"timestamp":"2025-02-12T04:44:57.476Z"}
info: Connected to the database. {"timestamp":"2025-02-12T04:44:57.493Z"}
info: Server started at http://localhost:3000/api/v1/ {"timestamp":"2025-02-12T04:45:02.086Z"}
info: Connected to the database. {"timestamp":"2025-02-12T04:45:02.098Z"}
info: Server started at http://localhost:3000/api/v1/ {"timestamp":"2025-02-12T04:45:11.257Z"}
info: Connected to the database. {"timestamp":"2025-02-12T04:45:11.272Z"}
info: Server started at http://localhost:3000/api/v1/ {"timestamp":"2025-02-12T04:46:34.582Z"}
info: Connected to the database. {"timestamp":"2025-02-12T04:46:34.601Z"}
info: Server started at http://localhost:3000/api/v1/ {"timestamp":"2025-02-12T04:46:40.773Z"}
info: Connected to the database. {"timestamp":"2025-02-12T04:46:40.787Z"}
info: Server started at http://localhost:3000/api/v1/ {"timestamp":"2025-02-12T04:46:59.902Z"}
info: Connected to the database. {"timestamp":"2025-02-12T04:46:59.914Z"}
info: Server started at http://localhost:3000/api/v1/ {"timestamp":"2025-02-12T04:47:19.642Z"}
info: Connected to the database. {"timestamp":"2025-02-12T04:47:19.656Z"}
info: Server started at http://localhost:3000/api/v1/ {"timestamp":"2025-02-12T04:47:44.572Z"}
info: Connected to the database. {"timestamp":"2025-02-12T04:47:44.586Z"}
info: Server started at http://localhost:3000/api/v1/ {"timestamp":"2025-02-12T04:48:00.349Z"}
info: Connected to the database. {"timestamp":"2025-02-12T04:48:00.368Z"}
info: Server started at http://localhost:3000/api/v1/ {"timestamp":"2025-02-12T04:48:17.194Z"}
info: Connected to the database. {"timestamp":"2025-02-12T04:48:17.209Z"}
info: Server started at http://localhost:3000/api/v1/ {"timestamp":"2025-02-12T04:49:13.893Z"}
info: Connected to the database. {"timestamp":"2025-02-12T04:49:13.908Z"}
info: Server started at http://localhost:3000/api/v1/ {"timestamp":"2025-02-12T04:49:19.490Z"}
info: Connected to the database. {"timestamp":"2025-02-12T04:49:19.503Z"}
info: Server started at http://localhost:3000/api/v1/ {"timestamp":"2025-02-12T04:49:23.665Z"}
info: Connected to the database. {"timestamp":"2025-02-12T04:49:23.678Z"}
info: Server started at http://localhost:3000/api/v1/ {"timestamp":"2025-02-12T04:49:28.885Z"}
info: Connected to the database. {"timestamp":"2025-02-12T04:49:28.898Z"}
info: Server started at http://localhost:3000/api/v1/ {"timestamp":"2025-02-12T04:50:19.348Z"}
info: Connected to the database. {"timestamp":"2025-02-12T04:50:19.360Z"}
info: Server started at http://localhost:3000/api/v1/ {"timestamp":"2025-02-12T04:50:25.526Z"}
info: Connected to the database. {"timestamp":"2025-02-12T04:50:25.541Z"}
info: Server started at http://localhost:3000/api/v1/ {"timestamp":"2025-02-12T04:55:57.792Z"}
info: Connected to the database. {"timestamp":"2025-02-12T04:55:57.808Z"}
info: Server started at http://localhost:3000/api/v1/ {"timestamp":"2025-02-12T04:56:05.910Z"}
info: Connected to the database. {"timestamp":"2025-02-12T04:56:05.922Z"}
info: Server started at http://localhost:3000/api/v1/ {"timestamp":"2025-02-12T04:56:31.173Z"}
info: Connected to the database. {"timestamp":"2025-02-12T04:56:31.190Z"}
info: Server started at http://localhost:3000/api/v1/ {"timestamp":"2025-02-12T04:56:39.708Z"}
info: Connected to the database. {"timestamp":"2025-02-12T04:56:39.721Z"}
info: Server started at http://localhost:3000/api/v1/ {"timestamp":"2025-02-12T04:56:43.938Z"}
info: Connected to the database. {"timestamp":"2025-02-12T04:56:43.953Z"}
info: Server started at http://localhost:3000/api/v1/ {"timestamp":"2025-02-12T04:56:52.118Z"}
info: Connected to the database. {"timestamp":"2025-02-12T04:56:52.129Z"}
info: Server started at http://localhost:3000/api/v1/ {"timestamp":"2025-02-12T04:56:58.016Z"}
info: Connected to the database. {"timestamp":"2025-02-12T04:56:58.031Z"}
info: Server started at http://localhost:3000/api/v1/ {"timestamp":"2025-02-12T04:57:10.071Z"}
info: Connected to the database. {"timestamp":"2025-02-12T04:57:10.085Z"}
info: Server started at http://localhost:3000/api/v1/ {"timestamp":"2025-02-12T04:57:19.655Z"}
info: Connected to the database. {"timestamp":"2025-02-12T04:57:19.669Z"}
info: Server started at http://localhost:3000/api/v1/ {"timestamp":"2025-02-12T04:57:28.462Z"}
info: Connected to the database. {"timestamp":"2025-02-12T04:57:28.475Z"}
info: Server started at http://localhost:3000/api/v1/ {"timestamp":"2025-02-12T04:57:33.953Z"}
info: Connected to the database. {"timestamp":"2025-02-12T04:57:33.968Z"}
info: Server started at http://localhost:3000/api/v1/ {"timestamp":"2025-02-12T04:57:36.931Z"}
info: Connected to the database. {"timestamp":"2025-02-12T04:57:36.945Z"}
info: Server started at http://localhost:3000/api/v1/ {"timestamp":"2025-02-12T04:57:49.671Z"}
info: Connected to the database. {"timestamp":"2025-02-12T04:57:49.684Z"}
info: Server started at http://localhost:3000/api/v1/ {"timestamp":"2025-02-12T04:57:52.182Z"}
info: Connected to the database. {"timestamp":"2025-02-12T04:57:52.195Z"}
info: Server started at http://localhost:3000/api/v1/ {"timestamp":"2025-02-12T04:57:59.988Z"}
info: Connected to the database. {"timestamp":"2025-02-12T04:58:00.001Z"}
info: Server started at http://localhost:3000/api/v1/ {"timestamp":"2025-02-12T04:58:04.719Z"}
info: Connected to the database. {"timestamp":"2025-02-12T04:58:04.735Z"}
info: Server started at http://localhost:3000/api/v1/ {"timestamp":"2025-02-12T04:59:04.879Z"}
info: Connected to the database. {"timestamp":"2025-02-12T04:59:04.892Z"}
info: Server started at http://localhost:3000/api/v1/ {"timestamp":"2025-02-12T04:59:49.299Z"}
info: Connected to the database. {"timestamp":"2025-02-12T04:59:49.312Z"}
info: Server started at http://localhost:3000/api/v1/ {"timestamp":"2025-02-12T04:59:55.788Z"}
info: Connected to the database. {"timestamp":"2025-02-12T04:59:55.801Z"}
info: Server started at http://localhost:3000/api/v1/ {"timestamp":"2025-02-12T05:02:31.578Z"}
info: Connected to the database. {"timestamp":"2025-02-12T05:02:31.592Z"}
info: Server started at http://localhost:3000/api/v1/ {"timestamp":"2025-02-12T05:03:46.529Z"}
info: Connected to the database. {"timestamp":"2025-02-12T05:03:46.543Z"}
info: Server started at http://localhost:3000/api/v1/ {"timestamp":"2025-02-12T05:03:49.333Z"}
info: Connected to the database. {"timestamp":"2025-02-12T05:03:49.348Z"}
info: Server started at http://localhost:3000/api/v1/ {"timestamp":"2025-02-12T05:03:55.400Z"}
info: Connected to the database. {"timestamp":"2025-02-12T05:03:55.416Z"}
info: Server started at http://localhost:3000/api/v1/ {"timestamp":"2025-02-12T05:04:04.286Z"}
info: Connected to the database. {"timestamp":"2025-02-12T05:04:04.304Z"}
info: Server started at http://localhost:3000/api/v1/ {"timestamp":"2025-02-12T05:04:07.923Z"}
info: Connected to the database. {"timestamp":"2025-02-12T05:04:07.939Z"}
info: Server started at http://localhost:3000/api/v1/ {"timestamp":"2025-02-12T05:04:11.930Z"}
info: Connected to the database. {"timestamp":"2025-02-12T05:04:11.945Z"}
info: Server started at http://localhost:3000/api/v1/ {"timestamp":"2025-02-12T05:04:20.004Z"}
info: Connected to the database. {"timestamp":"2025-02-12T05:04:20.017Z"}
info: Server started at http://localhost:3000/api/v1/ {"timestamp":"2025-02-12T05:04:23.490Z"}
info: Connected to the database. {"timestamp":"2025-02-12T05:04:23.506Z"}
info: Server started at http://localhost:3000/api/v1/ {"timestamp":"2025-02-12T05:04:47.509Z"}
info: Connected to the database. {"timestamp":"2025-02-12T05:04:47.522Z"}
info: Server started at http://localhost:3000/api/v1/ {"timestamp":"2025-02-12T05:05:06.785Z"}
info: Connected to the database. {"timestamp":"2025-02-12T05:05:06.797Z"}
info: Server started at http://localhost:3000/api/v1/ {"timestamp":"2025-02-12T05:05:12.295Z"}
info: Connected to the database. {"timestamp":"2025-02-12T05:05:12.313Z"}
info: Server started at http://localhost:3000/api/v1/ {"timestamp":"2025-02-12T05:06:07.189Z"}
info: Connected to the database. {"timestamp":"2025-02-12T05:06:07.210Z"}
info: Server started at http://localhost:3000/api/v1/ {"timestamp":"2025-02-12T05:06:14.133Z"}
info: Connected to the database. {"timestamp":"2025-02-12T05:06:14.148Z"}
info: Server started at http://localhost:3000/api/v1/ {"timestamp":"2025-02-12T05:07:36.752Z"}
info: Connected to the database. {"timestamp":"2025-02-12T05:07:36.766Z"}
info: Server started at http://localhost:3000/api/v1/ {"timestamp":"2025-02-12T05:07:46.819Z"}
info: Connected to the database. {"timestamp":"2025-02-12T05:07:46.832Z"}
info: Server started at http://localhost:3000/api/v1/ {"timestamp":"2025-02-12T05:07:49.866Z"}
info: Connected to the database. {"timestamp":"2025-02-12T05:07:49.880Z"}
info: Server started at http://localhost:3000/api/v1/ {"timestamp":"2025-02-12T05:07:55.548Z"}
info: Connected to the database. {"timestamp":"2025-02-12T05:07:55.562Z"}
info: Server started at http://localhost:3000/api/v1/ {"timestamp":"2025-02-12T05:08:03.210Z"}
info: Connected to the database. {"timestamp":"2025-02-12T05:08:03.224Z"}
info: Server started at http://localhost:3000/api/v1/ {"timestamp":"2025-02-12T05:08:29.899Z"}
info: Connected to the database. {"timestamp":"2025-02-12T05:08:29.913Z"}
info: Server started at http://localhost:3000/api/v1/ {"timestamp":"2025-02-12T05:43:57.841Z"}
info: Connected to the database. {"timestamp":"2025-02-12T05:43:57.855Z"}
info: Server started at http://localhost:3000/api/v1/ {"timestamp":"2025-02-12T05:44:49.275Z"}
info: Connected to the database. {"timestamp":"2025-02-12T05:44:49.287Z"}
info: Server started at http://localhost:3000/api/v1/ {"timestamp":"2025-02-12T05:44:55.563Z"}
info: Connected to the database. {"timestamp":"2025-02-12T05:44:55.580Z"}
info: Server started at http://localhost:3000/api/v1/ {"timestamp":"2025-02-12T05:45:30.171Z"}
info: Connected to the database. {"timestamp":"2025-02-12T05:45:30.187Z"}
info: Server started at http://localhost:3000/api/v1/ {"timestamp":"2025-02-12T05:45:35.042Z"}
info: Connected to the database. {"timestamp":"2025-02-12T05:45:35.059Z"}
info: Server started at http://localhost:3000/api/v1/ {"timestamp":"2025-02-12T05:45:38.295Z"}
info: Connected to the database. {"timestamp":"2025-02-12T05:45:38.307Z"}
info: Server started at http://localhost:3000/api/v1/ {"timestamp":"2025-02-12T05:45:47.678Z"}
info: Connected to the database. {"timestamp":"2025-02-12T05:45:47.691Z"}
info: Server started at http://localhost:3000/api/v1/ {"timestamp":"2025-02-12T05:45:53.036Z"}
info: Connected to the database. {"timestamp":"2025-02-12T05:45:53.051Z"}
info: Server started at http://localhost:3000/api/v1/ {"timestamp":"2025-02-12T05:45:59.472Z"}
info: Connected to the database. {"timestamp":"2025-02-12T05:45:59.485Z"}
info: Server started at http://localhost:3000/api/v1/ {"timestamp":"2025-02-12T05:46:15.847Z"}
info: Connected to the database. {"timestamp":"2025-02-12T05:46:15.860Z"}
info: Server started at http://localhost:3000/api/v1/ {"timestamp":"2025-02-12T05:46:22.854Z"}
info: Connected to the database. {"timestamp":"2025-02-12T05:46:22.867Z"}
info: Server started at http://localhost:3000/api/v1/ {"timestamp":"2025-02-12T05:46:43.444Z"}
info: Connected to the database. {"timestamp":"2025-02-12T05:46:43.461Z"}
info: Server started at http://localhost:3000/api/v1/ {"timestamp":"2025-02-12T05:46:58.120Z"}
info: Connected to the database. {"timestamp":"2025-02-12T05:46:58.132Z"}
info: Server started at http://localhost:3000/api/v1/ {"timestamp":"2025-02-12T05:47:00.672Z"}
info: Connected to the database. {"timestamp":"2025-02-12T05:47:00.685Z"}
info: Server started at http://localhost:3000/api/v1/ {"timestamp":"2025-02-12T05:47:29.351Z"}
info: Connected to the database. {"timestamp":"2025-02-12T05:47:29.365Z"}
info: Server started at http://localhost:3000/api/v1/ {"timestamp":"2025-02-12T05:47:36.742Z"}
info: Connected to the database. {"timestamp":"2025-02-12T05:47:36.761Z"}
info: Server started at http://localhost:3000/api/v1/ {"timestamp":"2025-02-12T05:47:44.553Z"}
info: Connected to the database. {"timestamp":"2025-02-12T05:47:44.570Z"}
info: Server started at http://localhost:3000/api/v1/ {"timestamp":"2025-02-12T05:48:35.388Z"}
info: Connected to the database. {"timestamp":"2025-02-12T05:48:35.402Z"}
info: Server started at http://localhost:3000/api/v1/ {"timestamp":"2025-02-12T05:48:47.290Z"}
info: Connected to the database. {"timestamp":"2025-02-12T05:48:47.305Z"}
info: Server started at http://localhost:3000/api/v1/ {"timestamp":"2025-02-12T05:49:38.328Z"}
info: Connected to the database. {"timestamp":"2025-02-12T05:49:38.342Z"}
info: Server started at http://localhost:3000/api/v1/ {"timestamp":"2025-02-12T05:50:25.077Z"}
info: Connected to the database. {"timestamp":"2025-02-12T05:50:25.095Z"}
info: Server started at http://localhost:3000/api/v1/ {"timestamp":"2025-02-12T05:50:31.836Z"}
info: Connected to the database. {"timestamp":"2025-02-12T05:50:31.849Z"}
info: Server started at http://localhost:3000/api/v1/ {"timestamp":"2025-02-12T05:50:46.328Z"}
info: Connected to the database. {"timestamp":"2025-02-12T05:50:46.346Z"}
info: Server started at http://localhost:3000/api/v1/ {"timestamp":"2025-02-12T05:50:49.796Z"}
info: Connected to the database. {"timestamp":"2025-02-12T05:50:49.809Z"}
info: Server started at http://localhost:3000/api/v1/ {"timestamp":"2025-02-12T05:51:04.822Z"}
info: Connected to the database. {"timestamp":"2025-02-12T05:51:04.835Z"}
info: Server started at http://localhost:3000/api/v1/ {"timestamp":"2025-02-12T05:51:16.024Z"}
info: Connected to the database. {"timestamp":"2025-02-12T05:51:16.037Z"}
info: Server started at http://localhost:3000/api/v1/ {"timestamp":"2025-02-12T05:51:18.687Z"}
info: Connected to the database. {"timestamp":"2025-02-12T05:51:18.703Z"}
info: Server started at http://localhost:3000/api/v1/ {"timestamp":"2025-02-12T05:51:23.554Z"}
info: Connected to the database. {"timestamp":"2025-02-12T05:51:23.569Z"}
info: Server started at http://localhost:3000/api/v1/ {"timestamp":"2025-02-12T05:52:20.872Z"}
info: Connected to the database. {"timestamp":"2025-02-12T05:52:20.893Z"}
info: Server started at http://localhost:3000/api/v1/ {"timestamp":"2025-02-12T05:52:34.882Z"}
info: Connected to the database. {"timestamp":"2025-02-12T05:52:34.897Z"}
info: Server started at http://localhost:3000/api/v1/ {"timestamp":"2025-02-12T05:52:46.057Z"}
info: Connected to the database. {"timestamp":"2025-02-12T05:52:46.069Z"}
info: Server started at http://localhost:3000/api/v1/ {"timestamp":"2025-02-12T06:04:31.512Z"}
info: Connected to the database. {"timestamp":"2025-02-12T06:04:31.528Z"}
info: Server started at http://localhost:3000/api/v1/ {"timestamp":"2025-02-12T06:04:38.312Z"}
info: Connected to the database. {"timestamp":"2025-02-12T06:04:38.327Z"}
info: Server started at http://localhost:3000/api/v1/ {"timestamp":"2025-02-12T06:04:49.210Z"}
info: Connected to the database. {"timestamp":"2025-02-12T06:04:49.223Z"}
info: Server started at http://localhost:3000/api/v1/ {"timestamp":"2025-02-12T06:04:53.647Z"}
info: Connected to the database. {"timestamp":"2025-02-12T06:04:53.665Z"}
info: Server started at http://localhost:3000/api/v1/ {"timestamp":"2025-02-12T06:11:25.328Z"}
info: Connected to the database. {"timestamp":"2025-02-12T06:11:25.346Z"}
info: Server started at http://localhost:3000/api/v1/ {"timestamp":"2025-02-12T06:11:38.614Z"}
info: Connected to the database. {"timestamp":"2025-02-12T06:11:38.627Z"}
info: Server started at http://localhost:3000/api/v1/ {"timestamp":"2025-02-12T06:13:22.169Z"}
info: Connected to the database. {"timestamp":"2025-02-12T06:13:22.186Z"}
info: Server started at http://localhost:3000/api/v1/ {"timestamp":"2025-02-12T06:13:38.741Z"}
info: Connected to the database. {"timestamp":"2025-02-12T06:13:38.757Z"}
info: Server started at http://localhost:3000/api/v1/ {"timestamp":"2025-02-12T06:13:56.635Z"}
info: Connected to the database. {"timestamp":"2025-02-12T06:13:56.649Z"}
info: Server started at http://localhost:3000/api/v1/ {"timestamp":"2025-02-12T06:14:08.725Z"}
info: Connected to the database. {"timestamp":"2025-02-12T06:14:08.739Z"}
info: Server started at http://localhost:3000/api/v1/ {"timestamp":"2025-02-12T06:14:35.018Z"}
info: Connected to the database. {"timestamp":"2025-02-12T06:14:35.031Z"}
info: Server started at http://localhost:3000/api/v1/ {"timestamp":"2025-02-12T06:15:15.488Z"}
info: Connected to the database. {"timestamp":"2025-02-12T06:15:15.502Z"}
info: Server started at http://localhost:3000/api/v1/ {"timestamp":"2025-02-12T06:15:29.124Z"}
info: Connected to the database. {"timestamp":"2025-02-12T06:15:29.136Z"}
info: Server started at http://localhost:3000/api/v1/ {"timestamp":"2025-02-12T06:15:43.545Z"}
info: Connected to the database. {"timestamp":"2025-02-12T06:15:43.562Z"}
info: Server started at http://localhost:3000/api/v1/ {"timestamp":"2025-02-12T06:15:48.113Z"}
info: Connected to the database. {"timestamp":"2025-02-12T06:15:48.126Z"}
info: Server started at http://localhost:3000/api/v1/ {"timestamp":"2025-02-12T06:15:52.356Z"}
info: Connected to the database. {"timestamp":"2025-02-12T06:15:52.368Z"}
info: Server started at http://localhost:3000/api/v1/ {"timestamp":"2025-02-12T06:16:07.053Z"}
info: Connected to the database. {"timestamp":"2025-02-12T06:16:07.067Z"}
info: Server started at http://localhost:3000/api/v1/ {"timestamp":"2025-02-12T06:16:13.132Z"}
info: Connected to the database. {"timestamp":"2025-02-12T06:16:13.145Z"}
info: Server started at http://localhost:3000/api/v1/ {"timestamp":"2025-02-12T06:16:28.920Z"}
info: Connected to the database. {"timestamp":"2025-02-12T06:16:28.935Z"}
info: Server started at http://localhost:3000/api/v1/ {"timestamp":"2025-02-12T06:17:01.059Z"}
info: Connected to the database. {"timestamp":"2025-02-12T06:17:01.074Z"}
info: Server started at http://localhost:3000/api/v1/ {"timestamp":"2025-02-12T06:17:14.373Z"}
info: Connected to the database. {"timestamp":"2025-02-12T06:17:14.390Z"}
info: Server started at http://localhost:3000/api/v1/ {"timestamp":"2025-02-12T06:17:51.540Z"}
info: Connected to the database. {"timestamp":"2025-02-12T06:17:51.554Z"}
info: Server started at http://localhost:3000/api/v1/ {"timestamp":"2025-02-12T06:17:57.202Z"}
info: Connected to the database. {"timestamp":"2025-02-12T06:17:57.214Z"}
info: Server started at http://localhost:3000/api/v1/ {"timestamp":"2025-02-12T06:18:10.764Z"}
info: Connected to the database. {"timestamp":"2025-02-12T06:18:10.777Z"}
info: Server started at http://localhost:3000/api/v1/ {"timestamp":"2025-02-12T06:18:27.539Z"}
info: Connected to the database. {"timestamp":"2025-02-12T06:18:27.553Z"}
info: Server started at http://localhost:3000/api/v1/ {"timestamp":"2025-02-12T06:18:34.154Z"}
info: Connected to the database. {"timestamp":"2025-02-12T06:18:34.173Z"}
info: Server started at http://localhost:3000/api/v1/ {"timestamp":"2025-02-12T06:19:08.121Z"}
info: Connected to the database. {"timestamp":"2025-02-12T06:19:08.133Z"}
info: Server started at http://localhost:3000/api/v1/ {"timestamp":"2025-02-12T06:19:19.271Z"}
info: Connected to the database. {"timestamp":"2025-02-12T06:19:19.286Z"}
info: Server started at http://localhost:3000/api/v1/ {"timestamp":"2025-02-12T06:19:22.876Z"}
info: Connected to the database. {"timestamp":"2025-02-12T06:19:22.892Z"}
info: Server started at http://localhost:3000/api/v1/ {"timestamp":"2025-02-12T06:19:39.115Z"}
info: Connected to the database. {"timestamp":"2025-02-12T06:19:39.129Z"}
info: Server started at http://localhost:3000/api/v1/ {"timestamp":"2025-02-12T06:19:44.038Z"}
info: Connected to the database. {"timestamp":"2025-02-12T06:19:44.052Z"}
info: Server started at http://localhost:3000/api/v1/ {"timestamp":"2025-02-12T06:19:50.802Z"}
info: Connected to the database. {"timestamp":"2025-02-12T06:19:50.819Z"}
info: Server started at http://localhost:3000/api/v1/ {"timestamp":"2025-02-12T06:20:09.691Z"}
info: Connected to the database. {"timestamp":"2025-02-12T06:20:09.704Z"}
info: Server started at http://localhost:3000/api/v1/ {"timestamp":"2025-02-12T06:20:13.622Z"}
info: Connected to the database. {"timestamp":"2025-02-12T06:20:13.635Z"}
info: Server started at http://localhost:3000/api/v1/ {"timestamp":"2025-02-12T06:20:17.602Z"}
info: Connected to the database. {"timestamp":"2025-02-12T06:20:17.615Z"}
info: Server started at http://localhost:3000/api/v1/ {"timestamp":"2025-02-12T06:20:50.342Z"}
info: Connected to the database. {"timestamp":"2025-02-12T06:20:50.359Z"}
info: Server started at http://localhost:3000/api/v1/ {"timestamp":"2025-02-12T06:21:04.104Z"}
info: Connected to the database. {"timestamp":"2025-02-12T06:21:04.117Z"}
info: Server started at http://localhost:3000/api/v1/ {"timestamp":"2025-02-12T06:21:12.635Z"}
info: Connected to the database. {"timestamp":"2025-02-12T06:21:12.649Z"}
info: Server started at http://localhost:3000/api/v1/ {"timestamp":"2025-02-12T06:21:25.654Z"}
info: Connected to the database. {"timestamp":"2025-02-12T06:21:25.670Z"}
info: Server started at http://localhost:3000/api/v1/ {"timestamp":"2025-02-12T06:21:57.016Z"}
info: Connected to the database. {"timestamp":"2025-02-12T06:21:57.032Z"}
info: Server started at http://localhost:3000/api/v1/ {"timestamp":"2025-02-12T06:22:04.027Z"}
info: Connected to the database. {"timestamp":"2025-02-12T06:22:04.045Z"}
info: Server started at http://localhost:3000/api/v1/ {"timestamp":"2025-02-12T06:22:11.286Z"}
info: Connected to the database. {"timestamp":"2025-02-12T06:22:11.298Z"}
info: Server started at http://localhost:3000/api/v1/ {"timestamp":"2025-02-12T08:02:25.210Z"}
info: Connected to the database. {"timestamp":"2025-02-12T08:02:25.223Z"}
info: Server started at http://localhost:3000/api/v1/ {"timestamp":"2025-02-12T08:05:37.538Z"}
info: Connected to the database. {"timestamp":"2025-02-12T08:05:37.557Z"}
info: Server started at http://localhost:3000/api/v1/ {"timestamp":"2025-02-12T08:13:05.813Z"}
info: Connected to the database. {"timestamp":"2025-02-12T08:13:05.826Z"}
info: Server started at http://localhost:3000/api/v1/ {"timestamp":"2025-02-12T08:13:12.893Z"}
info: Connected to the database. {"timestamp":"2025-02-12T08:13:12.909Z"}
info: Server started at http://localhost:3000/api/v1/ {"timestamp":"2025-02-12T08:13:20.749Z"}
info: Connected to the database. {"timestamp":"2025-02-12T08:13:20.763Z"}
info: Server started at http://localhost:3000/api/v1/ {"timestamp":"2025-02-12T08:13:40.692Z"}
info: Connected to the database. {"timestamp":"2025-02-12T08:13:40.707Z"}
info: Server started at http://localhost:3000/api/v1/ {"timestamp":"2025-02-12T08:14:30.053Z"}
info: Connected to the database. {"timestamp":"2025-02-12T08:14:30.067Z"}
info: Server started at http://localhost:3000/api/v1/ {"timestamp":"2025-02-12T08:14:37.277Z"}
info: Connected to the database. {"timestamp":"2025-02-12T08:14:37.294Z"}
info: Server started at http://localhost:3000/api/v1/ {"timestamp":"2025-02-12T08:14:45.297Z"}
info: Connected to the database. {"timestamp":"2025-02-12T08:14:45.313Z"}
info: Server started at http://localhost:3000/api/v1/ {"timestamp":"2025-02-12T08:14:54.684Z"}
info: Connected to the database. {"timestamp":"2025-02-12T08:14:54.700Z"}
info: Server started at http://localhost:3000/api/v1/ {"timestamp":"2025-02-12T08:15:03.060Z"}
info: Connected to the database. {"timestamp":"2025-02-12T08:15:03.076Z"}
info: Server started at http://localhost:3000/api/v1/ {"timestamp":"2025-02-12T08:15:34.134Z"}
info: Connected to the database. {"timestamp":"2025-02-12T08:15:34.150Z"}
info: Server started at http://localhost:3000/api/v1/ {"timestamp":"2025-02-12T08:15:43.588Z"}
info: Connected to the database. {"timestamp":"2025-02-12T08:15:43.600Z"}
info: Server started at http://localhost:3000/api/v1/ {"timestamp":"2025-02-12T08:15:46.988Z"}
info: Connected to the database. {"timestamp":"2025-02-12T08:15:47.000Z"}
info: Server started at http://localhost:3000/api/v1/ {"timestamp":"2025-02-12T08:15:51.766Z"}
info: Connected to the database. {"timestamp":"2025-02-12T08:15:51.779Z"}
info: Server started at http://localhost:3000/api/v1/ {"timestamp":"2025-02-12T08:16:23.050Z"}
info: Connected to the database. {"timestamp":"2025-02-12T08:16:23.063Z"}
info: Server started at http://localhost:3000/api/v1/ {"timestamp":"2025-02-12T08:16:27.393Z"}
info: Connected to the database. {"timestamp":"2025-02-12T08:16:27.408Z"}
info: Server started at http://localhost:3000/api/v1/ {"timestamp":"2025-02-12T08:16:39.126Z"}
info: Connected to the database. {"timestamp":"2025-02-12T08:16:39.138Z"}
info: Server started at http://localhost:3000/api/v1/ {"timestamp":"2025-02-12T08:16:51.931Z"}
info: Connected to the database. {"timestamp":"2025-02-12T08:16:51.945Z"}
info: Server started at http://localhost:3000/api/v1/ {"timestamp":"2025-02-12T08:16:58.907Z"}
info: Connected to the database. {"timestamp":"2025-02-12T08:16:58.924Z"}
info: Server started at http://localhost:3000/api/v1/ {"timestamp":"2025-02-12T08:17:05.715Z"}
info: Connected to the database. {"timestamp":"2025-02-12T08:17:05.728Z"}
info: Server started at http://localhost:3000/api/v1/ {"timestamp":"2025-02-12T08:17:11.727Z"}
info: Connected to the database. {"timestamp":"2025-02-12T08:17:11.740Z"}
info: Server started at http://localhost:3000/api/v1/ {"timestamp":"2025-02-12T08:17:15.745Z"}
info: Connected to the database. {"timestamp":"2025-02-12T08:17:15.758Z"}
info: Server started at http://localhost:3000/api/v1/ {"timestamp":"2025-02-12T08:17:25.410Z"}
info: Connected to the database. {"timestamp":"2025-02-12T08:17:25.425Z"}
info: Server started at http://localhost:3000/api/v1/ {"timestamp":"2025-02-12T08:17:36.117Z"}
info: Connected to the database. {"timestamp":"2025-02-12T08:17:36.130Z"}
info: Server started at http://localhost:3000/api/v1/ {"timestamp":"2025-02-12T08:17:40.354Z"}
info: Connected to the database. {"timestamp":"2025-02-12T08:17:40.372Z"}
info: Server started at http://localhost:3000/api/v1/ {"timestamp":"2025-02-12T08:17:44.586Z"}
info: Connected to the database. {"timestamp":"2025-02-12T08:17:44.600Z"}
info: Server started at http://localhost:3000/api/v1/ {"timestamp":"2025-02-12T08:18:11.887Z"}
info: Connected to the database. {"timestamp":"2025-02-12T08:18:11.906Z"}
info: Server started at http://localhost:3000/api/v1/ {"timestamp":"2025-02-12T08:18:14.733Z"}
info: Connected to the database. {"timestamp":"2025-02-12T08:18:14.750Z"}
info: Server started at http://localhost:3000/api/v1/ {"timestamp":"2025-02-12T08:18:18.777Z"}
info: Connected to the database. {"timestamp":"2025-02-12T08:18:18.792Z"}
info: Server started at http://localhost:3000/api/v1/ {"timestamp":"2025-02-12T08:18:24.468Z"}
info: Connected to the database. {"timestamp":"2025-02-12T08:18:24.482Z"}
info: Server started at http://localhost:3000/api/v1/ {"timestamp":"2025-02-12T08:20:23.248Z"}
info: Connected to the database. {"timestamp":"2025-02-12T08:20:23.260Z"}
info: Server started at http://localhost:3000/api/v1/ {"timestamp":"2025-02-12T08:20:30.227Z"}
info: Connected to the database. {"timestamp":"2025-02-12T08:20:30.242Z"}
info: Server started at http://localhost:3000/api/v1/ {"timestamp":"2025-02-12T08:20:35.987Z"}
info: Connected to the database. {"timestamp":"2025-02-12T08:20:36.007Z"}
info: Server started at http://localhost:3000/api/v1/ {"timestamp":"2025-02-12T08:20:58.130Z"}
info: Connected to the database. {"timestamp":"2025-02-12T08:20:58.144Z"}
info: Server started at http://localhost:3000/api/v1/ {"timestamp":"2025-02-12T08:21:02.559Z"}
info: Connected to the database. {"timestamp":"2025-02-12T08:21:02.575Z"}
info: Server started at http://localhost:3000/api/v1/ {"timestamp":"2025-02-12T08:21:11.408Z"}
info: Connected to the database. {"timestamp":"2025-02-12T08:21:11.423Z"}
info: Server started at http://localhost:3000/api/v1/ {"timestamp":"2025-02-12T08:21:19.390Z"}
info: Connected to the database. {"timestamp":"2025-02-12T08:21:19.408Z"}
info: Server started at http://localhost:3000/api/v1/ {"timestamp":"2025-02-12T08:21:23.152Z"}
info: Connected to the database. {"timestamp":"2025-02-12T08:21:23.168Z"}
info: Server started at http://localhost:3000/api/v1/ {"timestamp":"2025-02-12T08:21:28.054Z"}
info: Connected to the database. {"timestamp":"2025-02-12T08:21:28.068Z"}
info: Server started at http://localhost:3000/api/v1/ {"timestamp":"2025-02-12T08:21:31.260Z"}
info: Connected to the database. {"timestamp":"2025-02-12T08:21:31.274Z"}
info: Server started at http://localhost:3000/api/v1/ {"timestamp":"2025-02-12T08:21:34.448Z"}
info: Connected to the database. {"timestamp":"2025-02-12T08:21:34.467Z"}
info: Server started at http://localhost:3000/api/v1/ {"timestamp":"2025-02-12T08:21:40.398Z"}
info: Connected to the database. {"timestamp":"2025-02-12T08:21:40.413Z"}
info: Server started at http://localhost:3000/api/v1/ {"timestamp":"2025-02-12T08:21:44.727Z"}
info: Connected to the database. {"timestamp":"2025-02-12T08:21:44.741Z"}
info: Server started at http://localhost:3000/api/v1/ {"timestamp":"2025-02-12T08:21:53.862Z"}
info: Connected to the database. {"timestamp":"2025-02-12T08:21:53.877Z"}
info: Server started at http://localhost:3000/api/v1/ {"timestamp":"2025-02-12T08:21:59.406Z"}
info: Connected to the database. {"timestamp":"2025-02-12T08:21:59.420Z"}
info: Server started at http://localhost:3000/api/v1/ {"timestamp":"2025-02-12T08:24:17.582Z"}
info: Connected to the database. {"timestamp":"2025-02-12T08:24:17.597Z"}
info: Server started at http://localhost:3000/api/v1/ {"timestamp":"2025-02-12T08:24:31.254Z"}
info: Connected to the database. {"timestamp":"2025-02-12T08:24:31.267Z"}
info: Server started at http://localhost:3000/api/v1/ {"timestamp":"2025-02-12T08:25:40.497Z"}
info: Connected to the database. {"timestamp":"2025-02-12T08:25:40.509Z"}
info: Server started at http://localhost:3000/api/v1/ {"timestamp":"2025-02-12T08:25:46.956Z"}
info: Connected to the database. {"timestamp":"2025-02-12T08:25:46.969Z"}
info: Server started at http://localhost:3000/api/v1/ {"timestamp":"2025-02-12T08:25:50.912Z"}
info: Connected to the database. {"timestamp":"2025-02-12T08:25:50.925Z"}
info: Server started at http://localhost:3000/api/v1/ {"timestamp":"2025-02-12T08:26:00.688Z"}
info: Connected to the database. {"timestamp":"2025-02-12T08:26:00.702Z"}
info: Server started at http://localhost:3000/api/v1/ {"timestamp":"2025-02-12T08:26:04.393Z"}
info: Connected to the database. {"timestamp":"2025-02-12T08:26:04.410Z"}
info: Server started at http://localhost:3000/api/v1/ {"timestamp":"2025-02-12T08:43:53.572Z"}
info: Connected to the database. {"timestamp":"2025-02-12T08:43:53.584Z"}
info: Server started at http://localhost:3000/api/v1/ {"timestamp":"2025-02-12T08:43:56.939Z"}
info: Connected to the database. {"timestamp":"2025-02-12T08:43:56.953Z"}
info: Server started at http://localhost:3000/api/v1/ {"timestamp":"2025-02-12T08:44:08.738Z"}
info: Connected to the database. {"timestamp":"2025-02-12T08:44:08.750Z"}
info: Server started at http://localhost:3000/api/v1/ {"timestamp":"2025-02-12T08:44:18.563Z"}
info: Connected to the database. {"timestamp":"2025-02-12T08:44:18.578Z"}
info: Server started at http://localhost:3000/api/v1/ {"timestamp":"2025-02-12T08:44:23.106Z"}
info: Connected to the database. {"timestamp":"2025-02-12T08:44:23.126Z"}
info: Server started at http://localhost:3000/api/v1/ {"timestamp":"2025-02-12T08:44:26.840Z"}
info: Connected to the database. {"timestamp":"2025-02-12T08:44:26.857Z"}
info: Server started at http://localhost:3000/api/v1/ {"timestamp":"2025-02-12T08:44:30.883Z"}
info: Connected to the database. {"timestamp":"2025-02-12T08:44:30.897Z"}
info: Server started at http://localhost:3000/api/v1/ {"timestamp":"2025-02-12T08:44:44.198Z"}
info: Connected to the database. {"timestamp":"2025-02-12T08:44:44.212Z"}
info: Server started at http://localhost:3000/api/v1/ {"timestamp":"2025-02-12T08:44:46.540Z"}
info: Connected to the database. {"timestamp":"2025-02-12T08:44:46.553Z"}
info: Server started at http://localhost:3000/api/v1/ {"timestamp":"2025-02-12T08:45:59.194Z"}
info: Connected to the database. {"timestamp":"2025-02-12T08:45:59.212Z"}
info: Server started at http://localhost:3000/api/v1/ {"timestamp":"2025-02-12T08:46:10.140Z"}
info: Connected to the database. {"timestamp":"2025-02-12T08:46:10.152Z"}
info: Server started at http://localhost:3000/api/v1/ {"timestamp":"2025-02-12T08:46:17.605Z"}
info: Connected to the database. {"timestamp":"2025-02-12T08:46:17.618Z"}
info: Server started at http://localhost:3000/api/v1/ {"timestamp":"2025-02-12T08:46:45.877Z"}
info: Connected to the database. {"timestamp":"2025-02-12T08:46:45.891Z"}
info: Server started at http://localhost:3000/api/v1/ {"timestamp":"2025-02-12T08:46:48.480Z"}
info: Connected to the database. {"timestamp":"2025-02-12T08:46:48.498Z"}
info: Server started at http://localhost:3000/api/v1/ {"timestamp":"2025-02-12T08:47:01.356Z"}
info: Connected to the database. {"timestamp":"2025-02-12T08:47:01.372Z"}
info: Server started at http://localhost:3000/api/v1/ {"timestamp":"2025-02-12T08:47:28.205Z"}
info: Connected to the database. {"timestamp":"2025-02-12T08:47:28.218Z"}
info: Server started at http://localhost:3000/api/v1/ {"timestamp":"2025-02-12T08:47:32.467Z"}
info: Connected to the database. {"timestamp":"2025-02-12T08:47:32.481Z"}
info: Server started at http://localhost:3000/api/v1/ {"timestamp":"2025-02-12T08:47:38.352Z"}
info: Connected to the database. {"timestamp":"2025-02-12T08:47:38.366Z"}
info: Server started at http://localhost:3000/api/v1/ {"timestamp":"2025-02-12T08:47:49.024Z"}
info: Connected to the database. {"timestamp":"2025-02-12T08:47:49.040Z"}
info: Server started at http://localhost:3000/api/v1/ {"timestamp":"2025-02-12T08:47:56.039Z"}
info: Connected to the database. {"timestamp":"2025-02-12T08:47:56.055Z"}
info: Server started at http://localhost:3000/api/v1/ {"timestamp":"2025-02-12T08:48:30.217Z"}
info: Connected to the database. {"timestamp":"2025-02-12T08:48:30.231Z"}
info: Server started at http://localhost:3000/api/v1/ {"timestamp":"2025-02-12T08:48:43.406Z"}
info: Connected to the database. {"timestamp":"2025-02-12T08:48:43.419Z"}
info: Server started at http://localhost:3000/api/v1/ {"timestamp":"2025-02-12T08:48:47.938Z"}
info: Connected to the database. {"timestamp":"2025-02-12T08:48:47.950Z"}
info: Server started at http://localhost:3000/api/v1/ {"timestamp":"2025-02-12T08:48:53.430Z"}
info: Connected to the database. {"timestamp":"2025-02-12T08:48:53.443Z"}
info: Server started at http://localhost:3000/api/v1/ {"timestamp":"2025-02-12T08:49:05.547Z"}
info: Connected to the database. {"timestamp":"2025-02-12T08:49:05.567Z"}
info: Server started at http://localhost:3000/api/v1/ {"timestamp":"2025-02-12T08:49:18.670Z"}
info: Connected to the database. {"timestamp":"2025-02-12T08:49:18.683Z"}
info: Server started at http://localhost:3000/api/v1/ {"timestamp":"2025-02-12T08:49:25.107Z"}
info: Connected to the database. {"timestamp":"2025-02-12T08:49:25.120Z"}
info: Server started at http://localhost:3000/api/v1/ {"timestamp":"2025-02-12T08:49:33.527Z"}
info: Connected to the database. {"timestamp":"2025-02-12T08:49:33.539Z"}
info: Server started at http://localhost:3000/api/v1/ {"timestamp":"2025-02-12T08:49:55.359Z"}
info: Connected to the database. {"timestamp":"2025-02-12T08:49:55.373Z"}
info: Server started at http://localhost:3000/api/v1/ {"timestamp":"2025-02-12T08:53:25.335Z"}
info: Connected to the database. {"timestamp":"2025-02-12T08:53:25.352Z"}
info: Server started at http://localhost:3000/api/v1/ {"timestamp":"2025-02-12T08:54:29.299Z"}
info: Connected to the database. {"timestamp":"2025-02-12T08:54:29.314Z"}
info: Server started at http://localhost:3000/api/v1/ {"timestamp":"2025-02-12T08:54:44.676Z"}
info: Connected to the database. {"timestamp":"2025-02-12T08:54:44.688Z"}
info: Server started at http://localhost:3000/api/v1/ {"timestamp":"2025-02-12T08:55:14.830Z"}
info: Connected to the database. {"timestamp":"2025-02-12T08:55:14.843Z"}
info: Server started at http://localhost:3000/api/v1/ {"timestamp":"2025-02-12T08:59:35.277Z"}
info: Connected to the database. {"timestamp":"2025-02-12T08:59:35.292Z"}
info: Server started at http://localhost:3000/api/v1/ {"timestamp":"2025-02-12T08:59:40.262Z"}
info: Connected to the database. {"timestamp":"2025-02-12T08:59:40.276Z"}
info: Server started at http://localhost:3000/api/v1/ {"timestamp":"2025-02-12T08:59:48.539Z"}
info: Connected to the database. {"timestamp":"2025-02-12T08:59:48.556Z"}
info: Server started at http://localhost:3000/api/v1/ {"timestamp":"2025-02-12T09:03:29.871Z"}
info: Connected to the database. {"timestamp":"2025-02-12T09:03:29.884Z"}
info: Server started at http://localhost:3000/api/v1/ {"timestamp":"2025-02-12T09:03:41.803Z"}
info: Connected to the database. {"timestamp":"2025-02-12T09:03:41.816Z"}
info: Server started at http://localhost:3000/api/v1/ {"timestamp":"2025-02-12T09:04:07.490Z"}
info: Connected to the database. {"timestamp":"2025-02-12T09:04:07.504Z"}
info: Server started at http://localhost:3000/api/v1/ {"timestamp":"2025-02-12T09:04:18.810Z"}
info: Connected to the database. {"timestamp":"2025-02-12T09:04:18.824Z"}
info: Server started at http://localhost:3000/api/v1/ {"timestamp":"2025-02-12T09:04:33.270Z"}
info: Connected to the database. {"timestamp":"2025-02-12T09:04:33.287Z"}
info: Server started at http://localhost:3000/api/v1/ {"timestamp":"2025-02-12T09:05:19.662Z"}
info: Connected to the database. {"timestamp":"2025-02-12T09:05:19.675Z"}
info: Server started at http://localhost:3000/api/v1/ {"timestamp":"2025-02-12T09:15:41.174Z"}
info: Connected to the database. {"timestamp":"2025-02-12T09:15:41.189Z"}
info: Server started at http://localhost:3000/api/v1/ {"timestamp":"2025-02-12T09:17:14.305Z"}
info: Connected to the database. {"timestamp":"2025-02-12T09:17:14.319Z"}
info: Server started at http://localhost:3000/api/v1/ {"timestamp":"2025-02-12T09:17:25.934Z"}
info: Connected to the database. {"timestamp":"2025-02-12T09:17:25.954Z"}
info: Server started at http://localhost:3000/api/v1/ {"timestamp":"2025-02-12T09:17:34.029Z"}
info: Connected to the database. {"timestamp":"2025-02-12T09:17:34.042Z"}
info: Server started at http://localhost:3000/api/v1/ {"timestamp":"2025-02-12T09:17:40.726Z"}
info: Connected to the database. {"timestamp":"2025-02-12T09:17:40.740Z"}
info: Server started at http://localhost:3000/api/v1/ {"timestamp":"2025-02-12T09:17:45.081Z"}
info: Connected to the database. {"timestamp":"2025-02-12T09:17:45.094Z"}
info: Server started at http://localhost:3000/api/v1/ {"timestamp":"2025-02-12T09:17:50.416Z"}
info: Connected to the database. {"timestamp":"2025-02-12T09:17:50.429Z"}
info: Server started at http://localhost:3000/api/v1/ {"timestamp":"2025-02-12T09:17:53.366Z"}
info: Connected to the database. {"timestamp":"2025-02-12T09:17:53.379Z"}
info: Server started at http://localhost:3000/api/v1/ {"timestamp":"2025-02-12T09:18:10.698Z"}
info: Connected to the database. {"timestamp":"2025-02-12T09:18:10.718Z"}
info: Server started at http://localhost:3000/api/v1/ {"timestamp":"2025-02-12T09:18:25.985Z"}
info: Connected to the database. {"timestamp":"2025-02-12T09:18:26.000Z"}
info: Server started at http://localhost:3000/api/v1/ {"timestamp":"2025-02-12T09:18:33.489Z"}
info: Connected to the database. {"timestamp":"2025-02-12T09:18:33.507Z"}
info: Server started at http://localhost:3000/api/v1/ {"timestamp":"2025-02-12T09:18:36.419Z"}
info: Connected to the database. {"timestamp":"2025-02-12T09:18:36.437Z"}
info: Server started at http://localhost:3000/api/v1/ {"timestamp":"2025-02-12T09:19:35.308Z"}
info: Connected to the database. {"timestamp":"2025-02-12T09:19:35.322Z"}
info: Server started at http://localhost:3000/api/v1/ {"timestamp":"2025-02-12T09:19:39.561Z"}
info: Connected to the database. {"timestamp":"2025-02-12T09:19:39.589Z"}
info: Server started at http://localhost:3000/api/v1/ {"timestamp":"2025-02-12T09:19:53.405Z"}
info: Connected to the database. {"timestamp":"2025-02-12T09:19:53.421Z"}
info: Server started at http://localhost:3000/api/v1/ {"timestamp":"2025-02-12T09:19:56.634Z"}
info: Connected to the database. {"timestamp":"2025-02-12T09:19:56.653Z"}
info: Server started at http://localhost:3000/api/v1/ {"timestamp":"2025-02-12T09:20:00.197Z"}
info: Connected to the database. {"timestamp":"2025-02-12T09:20:00.211Z"}
info: Server started at http://localhost:3000/api/v1/ {"timestamp":"2025-02-12T09:20:07.933Z"}
info: Connected to the database. {"timestamp":"2025-02-12T09:20:07.946Z"}
info: Server started at http://localhost:3000/api/v1/ {"timestamp":"2025-02-12T09:20:14.763Z"}
info: Connected to the database. {"timestamp":"2025-02-12T09:20:14.776Z"}
info: Server started at http://localhost:3000/api/v1/ {"timestamp":"2025-02-12T09:20:18.488Z"}
info: Connected to the database. {"timestamp":"2025-02-12T09:20:18.502Z"}
info: Server started at http://localhost:3000/api/v1/ {"timestamp":"2025-02-12T09:20:23.801Z"}
info: Connected to the database. {"timestamp":"2025-02-12T09:20:23.821Z"}
info: Server started at http://localhost:3000/api/v1/ {"timestamp":"2025-02-12T09:20:27.973Z"}
info: Connected to the database. {"timestamp":"2025-02-12T09:20:27.986Z"}
info: Server started at http://localhost:3000/api/v1/ {"timestamp":"2025-02-12T09:21:27.131Z"}
info: Connected to the database. {"timestamp":"2025-02-12T09:21:27.149Z"}
info: Server started at http://localhost:3000/api/v1/ {"timestamp":"2025-02-12T09:21:34.620Z"}
info: Connected to the database. {"timestamp":"2025-02-12T09:21:34.633Z"}
info: Server started at http://localhost:3000/api/v1/ {"timestamp":"2025-02-12T09:22:05.760Z"}
info: Connected to the database. {"timestamp":"2025-02-12T09:22:05.775Z"}
info: Server started at http://localhost:3000/api/v1/ {"timestamp":"2025-02-12T09:22:10.537Z"}
info: Connected to the database. {"timestamp":"2025-02-12T09:22:10.550Z"}
info: Server started at http://localhost:3000/api/v1/ {"timestamp":"2025-02-12T09:22:26.329Z"}
info: Connected to the database. {"timestamp":"2025-02-12T09:22:26.344Z"}
info: Server started at http://localhost:3000/api/v1/ {"timestamp":"2025-02-12T09:22:37.311Z"}
info: Connected to the database. {"timestamp":"2025-02-12T09:22:37.326Z"}
info: Server started at http://localhost:3000/api/v1/ {"timestamp":"2025-02-12T09:22:43.040Z"}
info: Connected to the database. {"timestamp":"2025-02-12T09:22:43.055Z"}
info: Server started at http://localhost:3000/api/v1/ {"timestamp":"2025-02-12T09:23:09.578Z"}
info: Connected to the database. {"timestamp":"2025-02-12T09:23:09.595Z"}
info: Server started at http://localhost:3000/api/v1/ {"timestamp":"2025-02-12T09:23:12.857Z"}
info: Connected to the database. {"timestamp":"2025-02-12T09:23:12.870Z"}
info: Server started at http://localhost:3000/api/v1/ {"timestamp":"2025-02-12T09:23:23.610Z"}
info: Connected to the database. {"timestamp":"2025-02-12T09:23:23.624Z"}
info: Server started at http://localhost:3000/api/v1/ {"timestamp":"2025-02-12T09:25:34.371Z"}
info: Connected to the database. {"timestamp":"2025-02-12T09:25:34.388Z"}
info: Server started at http://localhost:3000/api/v1/ {"timestamp":"2025-02-12T09:25:39.491Z"}
info: Connected to the database. {"timestamp":"2025-02-12T09:25:39.504Z"}
info: Server started at http://localhost:3000/api/v1/ {"timestamp":"2025-02-12T09:25:47.351Z"}
info: Connected to the database. {"timestamp":"2025-02-12T09:25:47.366Z"}
info: Server started at http://localhost:3000/api/v1/ {"timestamp":"2025-02-12T09:25:56.909Z"}
info: Connected to the database. {"timestamp":"2025-02-12T09:25:56.926Z"}
info: Server started at http://localhost:3000/api/v1/ {"timestamp":"2025-02-12T09:26:45.250Z"}
info: Connected to the database. {"timestamp":"2025-02-12T09:26:45.264Z"}
info: Server started at http://localhost:3000/api/v1/ {"timestamp":"2025-02-12T09:27:45.278Z"}
info: Connected to the database. {"timestamp":"2025-02-12T09:27:45.294Z"}
info: Server started at http://localhost:3000/api/v1/ {"timestamp":"2025-02-12T09:28:01.767Z"}
info: Connected to the database. {"timestamp":"2025-02-12T09:28:01.783Z"}
info: Server started at http://localhost:3000/api/v1/ {"timestamp":"2025-02-12T09:29:10.379Z"}
info: Connected to the database. {"timestamp":"2025-02-12T09:29:10.391Z"}
info: Server started at http://localhost:3000/api/v1/ {"timestamp":"2025-02-12T09:29:13.834Z"}
info: Connected to the database. {"timestamp":"2025-02-12T09:29:13.852Z"}
info: Server started at http://localhost:3000/api/v1/ {"timestamp":"2025-02-12T09:29:20.580Z"}
info: Connected to the database. {"timestamp":"2025-02-12T09:29:20.593Z"}
info: Server started at http://localhost:3000/api/v1/ {"timestamp":"2025-02-12T09:30:06.713Z"}
info: Connected to the database. {"timestamp":"2025-02-12T09:30:06.730Z"}
info: Server started at http://localhost:3000/api/v1/ {"timestamp":"2025-02-12T09:30:34.375Z"}
info: Connected to the database. {"timestamp":"2025-02-12T09:30:34.387Z"}
info: Server started at http://localhost:3000/api/v1/ {"timestamp":"2025-02-12T09:30:37.164Z"}
info: Connected to the database. {"timestamp":"2025-02-12T09:30:37.182Z"}
info: Server started at http://localhost:3000/api/v1/ {"timestamp":"2025-02-12T09:31:26.272Z"}
info: Connected to the database. {"timestamp":"2025-02-12T09:31:26.286Z"}
info: Server started at http://localhost:3000/api/v1/ {"timestamp":"2025-02-12T09:31:31.156Z"}
info: Connected to the database. {"timestamp":"2025-02-12T09:31:31.169Z"}
info: Server started at http://localhost:3000/api/v1/ {"timestamp":"2025-02-12T09:31:36.399Z"}
info: Connected to the database. {"timestamp":"2025-02-12T09:31:36.414Z"}
info: Server started at http://localhost:3000/api/v1/ {"timestamp":"2025-02-12T09:31:39.050Z"}
info: Connected to the database. {"timestamp":"2025-02-12T09:31:39.063Z"}
info: Server started at http://localhost:3000/api/v1/ {"timestamp":"2025-02-12T09:31:50.929Z"}
info: Connected to the database. {"timestamp":"2025-02-12T09:31:50.942Z"}
info: Server started at http://localhost:3000/api/v1/ {"timestamp":"2025-02-12T09:31:55.232Z"}
info: Connected to the database. {"timestamp":"2025-02-12T09:31:55.246Z"}
info: Server started at http://localhost:3000/api/v1/ {"timestamp":"2025-02-12T09:32:01.363Z"}
info: Connected to the database. {"timestamp":"2025-02-12T09:32:01.376Z"}
info: Server started at http://localhost:3000/api/v1/ {"timestamp":"2025-02-12T09:32:16.917Z"}
info: Connected to the database. {"timestamp":"2025-02-12T09:32:16.931Z"}
info: Server started at http://localhost:3000/api/v1/ {"timestamp":"2025-02-12T09:33:03.353Z"}
info: Connected to the database. {"timestamp":"2025-02-12T09:33:03.366Z"}
info: Server started at http://localhost:3000/api/v1/ {"timestamp":"2025-02-12T09:33:09.171Z"}
info: Connected to the database. {"timestamp":"2025-02-12T09:33:09.186Z"}
info: Server started at http://localhost:3000/api/v1/ {"timestamp":"2025-02-12T09:33:35.652Z"}
info: Connected to the database. {"timestamp":"2025-02-12T09:33:35.666Z"}
info: Server started at http://localhost:3000/api/v1/ {"timestamp":"2025-02-12T09:38:13.579Z"}
info: Connected to the database. {"timestamp":"2025-02-12T09:38:13.594Z"}
info: Server started at http://localhost:3000/api/v1/ {"timestamp":"2025-02-12T09:38:21.418Z"}
info: Connected to the database. {"timestamp":"2025-02-12T09:38:21.439Z"}
info: Server started at http://localhost:3000/api/v1/ {"timestamp":"2025-02-12T09:38:25.436Z"}
info: Connected to the database. {"timestamp":"2025-02-12T09:38:25.449Z"}
info: Server started at http://localhost:3000/api/v1/ {"timestamp":"2025-02-12T09:38:31.549Z"}
info: Connected to the database. {"timestamp":"2025-02-12T09:38:31.563Z"}
info: Server started at http://localhost:3000/api/v1/ {"timestamp":"2025-02-12T09:39:26.535Z"}
info: Connected to the database. {"timestamp":"2025-02-12T09:39:26.548Z"}
info: Server started at http://localhost:3000/api/v1/ {"timestamp":"2025-02-12T09:39:30.772Z"}
info: Connected to the database. {"timestamp":"2025-02-12T09:39:30.786Z"}
info: Server started at http://localhost:3000/api/v1/ {"timestamp":"2025-02-12T09:40:56.275Z"}
info: Connected to the database. {"timestamp":"2025-02-12T09:40:56.288Z"}
info: Server started at http://localhost:3000/api/v1/ {"timestamp":"2025-02-12T09:41:02.493Z"}
info: Connected to the database. {"timestamp":"2025-02-12T09:41:02.508Z"}
info: Server started at http://localhost:3000/api/v1/ {"timestamp":"2025-02-12T09:41:37.975Z"}
info: Connected to the database. {"timestamp":"2025-02-12T09:41:37.987Z"}
info: Server started at http://localhost:3000/api/v1/ {"timestamp":"2025-02-12T09:41:41.235Z"}
info: Connected to the database. {"timestamp":"2025-02-12T09:41:41.251Z"}
info: Server started at http://localhost:3000/api/v1/ {"timestamp":"2025-02-12T09:41:50.696Z"}
info: Connected to the database. {"timestamp":"2025-02-12T09:41:50.709Z"}
info: Server started at http://localhost:3000/api/v1/ {"timestamp":"2025-02-12T09:42:02.996Z"}
info: Connected to the database. {"timestamp":"2025-02-12T09:42:03.018Z"}
info: Server started at http://localhost:3000/api/v1/ {"timestamp":"2025-02-12T09:42:06.508Z"}
info: Connected to the database. {"timestamp":"2025-02-12T09:42:06.522Z"}
info: Server started at http://localhost:3000/api/v1/ {"timestamp":"2025-02-12T09:42:26.175Z"}
info: Connected to the database. {"timestamp":"2025-02-12T09:42:26.188Z"}
info: Server started at http://localhost:3000/api/v1/ {"timestamp":"2025-02-12T09:42:32.215Z"}
info: Connected to the database. {"timestamp":"2025-02-12T09:42:32.235Z"}
info: Server started at http://localhost:3000/api/v1/ {"timestamp":"2025-02-12T09:42:38.610Z"}
info: Connected to the database. {"timestamp":"2025-02-12T09:42:38.623Z"}
info: Server started at http://localhost:3000/api/v1/ {"timestamp":"2025-02-12T09:48:10.125Z"}
info: Connected to the database. {"timestamp":"2025-02-12T09:48:10.138Z"}
info: Server started at http://localhost:3000/api/v1/ {"timestamp":"2025-02-12T09:48:49.924Z"}
info: Connected to the database. {"timestamp":"2025-02-12T09:48:49.942Z"}
info: Server started at http://localhost:3000/api/v1/ {"timestamp":"2025-02-12T09:49:36.704Z"}
info: Connected to the database. {"timestamp":"2025-02-12T09:49:36.718Z"}
info: Server started at http://localhost:3000/api/v1/ {"timestamp":"2025-02-12T09:49:46.353Z"}
info: Connected to the database. {"timestamp":"2025-02-12T09:49:46.368Z"}
info: Server started at http://localhost:3000/api/v1/ {"timestamp":"2025-02-12T09:49:53.553Z"}
info: Connected to the database. {"timestamp":"2025-02-12T09:49:53.571Z"}
info: Server started at http://localhost:3000/api/v1/ {"timestamp":"2025-02-12T09:49:56.993Z"}
info: Connected to the database. {"timestamp":"2025-02-12T09:49:57.007Z"}
info: Server started at http://localhost:3000/api/v1/ {"timestamp":"2025-02-12T09:50:41.569Z"}
info: Connected to the database. {"timestamp":"2025-02-12T09:50:41.583Z"}
info: Server started at http://localhost:3000/api/v1/ {"timestamp":"2025-02-12T09:50:53.767Z"}
info: Connected to the database. {"timestamp":"2025-02-12T09:50:53.780Z"}
info: Server started at http://localhost:3000/api/v1/ {"timestamp":"2025-02-12T09:51:02.354Z"}
info: Connected to the database. {"timestamp":"2025-02-12T09:51:02.367Z"}
info: Server started at http://localhost:3000/api/v1/ {"timestamp":"2025-02-12T09:51:13.149Z"}
info: Connected to the database. {"timestamp":"2025-02-12T09:51:13.164Z"}
info: Server started at http://localhost:3000/api/v1/ {"timestamp":"2025-02-12T10:16:02.068Z"}
info: Connected to the database. {"timestamp":"2025-02-12T10:16:02.081Z"}
info: Server started at http://localhost:3000/api/v1/ {"timestamp":"2025-02-12T10:16:33.362Z"}
info: Connected to the database. {"timestamp":"2025-02-12T10:16:33.378Z"}
info: Server started at http://localhost:3000/api/v1/ {"timestamp":"2025-02-12T10:16:38.596Z"}
info: Connected to the database. {"timestamp":"2025-02-12T10:16:38.609Z"}
info: Server started at http://localhost:3000/api/v1/ {"timestamp":"2025-02-12T10:16:41.202Z"}
info: Connected to the database. {"timestamp":"2025-02-12T10:16:41.215Z"}
info: Server started at http://localhost:3000/api/v1/ {"timestamp":"2025-02-12T10:16:48.160Z"}
info: Connected to the database. {"timestamp":"2025-02-12T10:16:48.177Z"}
info: Server started at http://localhost:3000/api/v1/ {"timestamp":"2025-02-12T10:21:14.254Z"}
info: Connected to the database. {"timestamp":"2025-02-12T10:21:14.271Z"}
info: Server started at http://localhost:3000/api/v1/ {"timestamp":"2025-02-12T10:21:19.631Z"}
info: Connected to the database. {"timestamp":"2025-02-12T10:21:19.647Z"}
info: Server started at http://localhost:3000/api/v1/ {"timestamp":"2025-02-12T10:21:29.099Z"}
info: Connected to the database. {"timestamp":"2025-02-12T10:21:29.116Z"}
info: Server started at http://localhost:3000/api/v1/ {"timestamp":"2025-02-12T10:21:33.178Z"}
info: Connected to the database. {"timestamp":"2025-02-12T10:21:33.194Z"}
