info: Server started at http://localhost:3000/api/v1/ {"timestamp":"2025-02-11T04:35:00.683Z"}
info: Connected to the database. {"timestamp":"2025-02-11T04:35:06.037Z"}
info: Server started at http://localhost:3000/api/v1/ {"timestamp":"2025-02-11T04:36:59.429Z"}
info: Connected to the database. {"timestamp":"2025-02-11T04:36:59.441Z"}
info: Server started at http://localhost:3000/api/v1/ {"timestamp":"2025-02-11T04:54:54.561Z"}
info: Connected to the database. {"timestamp":"2025-02-11T04:54:54.581Z"}
info: Server started at http://localhost:3000/api/v1/ {"timestamp":"2025-02-11T04:55:01.387Z"}
info: Connected to the database. {"timestamp":"2025-02-11T04:55:01.406Z"}
info: Server started at http://localhost:3000/api/v1/ {"timestamp":"2025-02-11T18:27:23.071Z"}
info: Connected to the database. {"timestamp":"2025-02-11T18:27:23.091Z"}
info: Server started at http://localhost:3000/api/v1/ {"timestamp":"2025-02-11T18:28:25.667Z"}
info: Connected to the database. {"timestamp":"2025-02-11T18:28:25.685Z"}
info: Server started at http://localhost:3000/api/v1/ {"timestamp":"2025-02-11T18:39:03.845Z"}
info: Connected to the database. {"timestamp":"2025-02-11T18:39:03.867Z"}
error: uncaughtException: req.body is not a function
TypeError: req.body is not a function
    at _callee$ (C:\Users\ASUS\OneDrive\Desktop\BL_Backend\Fundoo-Notes\src\services\/user.service.js:3:56)
    at tryCatch (C:\Users\ASUS\OneDrive\Desktop\BL_Backend\Fundoo-Notes\node_modules\@babel\runtime\helpers\regeneratorRuntime.js:45:16)
    at Generator.<anonymous> (C:\Users\ASUS\OneDrive\Desktop\BL_Backend\Fundoo-Notes\node_modules\@babel\runtime\helpers\regeneratorRuntime.js:133:17)
    at Generator.next (C:\Users\ASUS\OneDrive\Desktop\BL_Backend\Fundoo-Notes\node_modules\@babel\runtime\helpers\regeneratorRuntime.js:74:21)
    at asyncGeneratorStep (C:\Users\ASUS\OneDrive\Desktop\BL_Backend\Fundoo-Notes\node_modules\@babel\runtime\helpers\asyncToGenerator.js:3:17)
    at _next (C:\Users\ASUS\OneDrive\Desktop\BL_Backend\Fundoo-Notes\node_modules\@babel\runtime\helpers\asyncToGenerator.js:17:9)
    at C:\Users\ASUS\OneDrive\Desktop\BL_Backend\Fundoo-Notes\node_modules\@babel\runtime\helpers\asyncToGenerator.js:22:7
    at new Promise (<anonymous>)
    at apply (C:\Users\ASUS\OneDrive\Desktop\BL_Backend\Fundoo-Notes\node_modules\@babel\runtime\helpers\asyncToGenerator.js:14:12)
    at apply (C:\Users\ASUS\OneDrive\Desktop\BL_Backend\Fundoo-Notes\src\services\/user.service.js:16:2)
    at UserService (C:\Users\ASUS\OneDrive\Desktop\BL_Backend\Fundoo-Notes\src\services\/user.service.js:1:34)
    at _callee$ (C:\Users\ASUS\OneDrive\Desktop\BL_Backend\Fundoo-Notes\src\controllers\/user.controller.js:4:34)
    at tryCatch (C:\Users\ASUS\OneDrive\Desktop\BL_Backend\Fundoo-Notes\node_modules\@babel\runtime\helpers\regeneratorRuntime.js:45:16)
    at Generator.<anonymous> (C:\Users\ASUS\OneDrive\Desktop\BL_Backend\Fundoo-Notes\node_modules\@babel\runtime\helpers\regeneratorRuntime.js:133:17)
    at Generator.next (C:\Users\ASUS\OneDrive\Desktop\BL_Backend\Fundoo-Notes\node_modules\@babel\runtime\helpers\regeneratorRuntime.js:74:21)
    at asyncGeneratorStep (C:\Users\ASUS\OneDrive\Desktop\BL_Backend\Fundoo-Notes\node_modules\@babel\runtime\helpers\asyncToGenerator.js:3:17)
    at _next (C:\Users\ASUS\OneDrive\Desktop\BL_Backend\Fundoo-Notes\node_modules\@babel\runtime\helpers\asyncToGenerator.js:17:9)
    at C:\Users\ASUS\OneDrive\Desktop\BL_Backend\Fundoo-Notes\node_modules\@babel\runtime\helpers\asyncToGenerator.js:22:7
    at new Promise (<anonymous>)
    at apply (C:\Users\ASUS\OneDrive\Desktop\BL_Backend\Fundoo-Notes\node_modules\@babel\runtime\helpers\asyncToGenerator.js:14:12)
    at apply (C:\Users\ASUS\OneDrive\Desktop\BL_Backend\Fundoo-Notes\src\controllers\/user.controller.js:11:2)
    at registerUser (C:\Users\ASUS\OneDrive\Desktop\BL_Backend\Fundoo-Notes\src\controllers\/user.controller.js:3:35)
    at Layer.handle [as handle_request] (C:\Users\ASUS\OneDrive\Desktop\BL_Backend\Fundoo-Notes\node_modules\express\lib\router\layer.js:95:5)
    at next (C:\Users\ASUS\OneDrive\Desktop\BL_Backend\Fundoo-Notes\node_modules\express\lib\router\route.js:149:13)
    at Route.dispatch (C:\Users\ASUS\OneDrive\Desktop\BL_Backend\Fundoo-Notes\node_modules\express\lib\router\route.js:119:3)
    at Layer.handle [as handle_request] (C:\Users\ASUS\OneDrive\Desktop\BL_Backend\Fundoo-Notes\node_modules\express\lib\router\layer.js:95:5)
    at C:\Users\ASUS\OneDrive\Desktop\BL_Backend\Fundoo-Notes\node_modules\express\lib\router\index.js:284:15
    at Function.process_params (C:\Users\ASUS\OneDrive\Desktop\BL_Backend\Fundoo-Notes\node_modules\express\lib\router\index.js:346:12)
    at next (C:\Users\ASUS\OneDrive\Desktop\BL_Backend\Fundoo-Notes\node_modules\express\lib\router\index.js:280:10)
    at Function.handle (C:\Users\ASUS\OneDrive\Desktop\BL_Backend\Fundoo-Notes\node_modules\express\lib\router\index.js:175:3)
    at router (C:\Users\ASUS\OneDrive\Desktop\BL_Backend\Fundoo-Notes\node_modules\express\lib\router\index.js:47:12)
    at Layer.handle [as handle_request] (C:\Users\ASUS\OneDrive\Desktop\BL_Backend\Fundoo-Notes\node_modules\express\lib\router\layer.js:95:5)
    at trim_prefix (C:\Users\ASUS\OneDrive\Desktop\BL_Backend\Fundoo-Notes\node_modules\express\lib\router\index.js:328:13)
    at C:\Users\ASUS\OneDrive\Desktop\BL_Backend\Fundoo-Notes\node_modules\express\lib\router\index.js:286:9
    at Function.process_params (C:\Users\ASUS\OneDrive\Desktop\BL_Backend\Fundoo-Notes\node_modules\express\lib\router\index.js:346:12)
    at next (C:\Users\ASUS\OneDrive\Desktop\BL_Backend\Fundoo-Notes\node_modules\express\lib\router\index.js:280:10)
    at Function.handle (C:\Users\ASUS\OneDrive\Desktop\BL_Backend\Fundoo-Notes\node_modules\express\lib\router\index.js:175:3)
    at router (C:\Users\ASUS\OneDrive\Desktop\BL_Backend\Fundoo-Notes\node_modules\express\lib\router\index.js:47:12)
    at Layer.handle [as handle_request] (C:\Users\ASUS\OneDrive\Desktop\BL_Backend\Fundoo-Notes\node_modules\express\lib\router\layer.js:95:5)
    at trim_prefix (C:\Users\ASUS\OneDrive\Desktop\BL_Backend\Fundoo-Notes\node_modules\express\lib\router\index.js:328:13)
    at C:\Users\ASUS\OneDrive\Desktop\BL_Backend\Fundoo-Notes\node_modules\express\lib\router\index.js:286:9
    at Function.process_params (C:\Users\ASUS\OneDrive\Desktop\BL_Backend\Fundoo-Notes\node_modules\express\lib\router\index.js:346:12)
    at next (C:\Users\ASUS\OneDrive\Desktop\BL_Backend\Fundoo-Notes\node_modules\express\lib\router\index.js:280:10)
    at logger (C:\Users\ASUS\OneDrive\Desktop\BL_Backend\Fundoo-Notes\node_modules\morgan\index.js:144:5)
    at Layer.handle [as handle_request] (C:\Users\ASUS\OneDrive\Desktop\BL_Backend\Fundoo-Notes\node_modules\express\lib\router\layer.js:95:5)
    at trim_prefix (C:\Users\ASUS\OneDrive\Desktop\BL_Backend\Fundoo-Notes\node_modules\express\lib\router\index.js:328:13)
    at C:\Users\ASUS\OneDrive\Desktop\BL_Backend\Fundoo-Notes\node_modules\express\lib\router\index.js:286:9
    at Function.process_params (C:\Users\ASUS\OneDrive\Desktop\BL_Backend\Fundoo-Notes\node_modules\express\lib\router\index.js:346:12)
    at next (C:\Users\ASUS\OneDrive\Desktop\BL_Backend\Fundoo-Notes\node_modules\express\lib\router\index.js:280:10)
    at C:\Users\ASUS\OneDrive\Desktop\BL_Backend\Fundoo-Notes\node_modules\body-parser\lib\read.js:137:5
    at AsyncResource.runInAsyncScope (node:async_hooks:211:14)
    at invokeCallback (C:\Users\ASUS\OneDrive\Desktop\BL_Backend\Fundoo-Notes\node_modules\raw-body\index.js:238:16)
    at done (C:\Users\ASUS\OneDrive\Desktop\BL_Backend\Fundoo-Notes\node_modules\raw-body\index.js:227:7)
    at IncomingMessage.onEnd (C:\Users\ASUS\OneDrive\Desktop\BL_Backend\Fundoo-Notes\node_modules\raw-body\index.js:287:7)
    at IncomingMessage.emit (node:events:518:28)
    at IncomingMessage.emit (node:domain:489:12) {"date":"Wed Feb 12 2025 00:09:47 GMT+0530 (India Standard Time)","error":{},"exception":true,"os":{"loadavg":[0,0,0],"uptime":657336.031},"process":{"argv":["node","C:\\Users\\ASUS\\OneDrive\\Desktop\\BL_Backend\\Fundoo-Notes\\src\\index.js"],"cwd":"C:\\Users\\ASUS\\OneDrive\\Desktop\\BL_Backend\\Fundoo-Notes","execPath":"C:\\Program Files\\nodejs\\node.exe","gid":null,"memoryUsage":{"arrayBuffers":18262450,"external":21306837,"heapTotal":48570368,"heapUsed":45752152,"rss":92499968},"pid":8772,"uid":null,"version":"v22.11.0"},"stack":"TypeError: req.body is not a function\n    at _callee$ (C:\\Users\\ASUS\\OneDrive\\Desktop\\BL_Backend\\Fundoo-Notes\\src\\services\\/user.service.js:3:56)\n    at tryCatch (C:\\Users\\ASUS\\OneDrive\\Desktop\\BL_Backend\\Fundoo-Notes\\node_modules\\@babel\\runtime\\helpers\\regeneratorRuntime.js:45:16)\n    at Generator.<anonymous> (C:\\Users\\ASUS\\OneDrive\\Desktop\\BL_Backend\\Fundoo-Notes\\node_modules\\@babel\\runtime\\helpers\\regeneratorRuntime.js:133:17)\n    at Generator.next (C:\\Users\\ASUS\\OneDrive\\Desktop\\BL_Backend\\Fundoo-Notes\\node_modules\\@babel\\runtime\\helpers\\regeneratorRuntime.js:74:21)\n    at asyncGeneratorStep (C:\\Users\\ASUS\\OneDrive\\Desktop\\BL_Backend\\Fundoo-Notes\\node_modules\\@babel\\runtime\\helpers\\asyncToGenerator.js:3:17)\n    at _next (C:\\Users\\ASUS\\OneDrive\\Desktop\\BL_Backend\\Fundoo-Notes\\node_modules\\@babel\\runtime\\helpers\\asyncToGenerator.js:17:9)\n    at C:\\Users\\ASUS\\OneDrive\\Desktop\\BL_Backend\\Fundoo-Notes\\node_modules\\@babel\\runtime\\helpers\\asyncToGenerator.js:22:7\n    at new Promise (<anonymous>)\n    at apply (C:\\Users\\ASUS\\OneDrive\\Desktop\\BL_Backend\\Fundoo-Notes\\node_modules\\@babel\\runtime\\helpers\\asyncToGenerator.js:14:12)\n    at apply (C:\\Users\\ASUS\\OneDrive\\Desktop\\BL_Backend\\Fundoo-Notes\\src\\services\\/user.service.js:16:2)\n    at UserService (C:\\Users\\ASUS\\OneDrive\\Desktop\\BL_Backend\\Fundoo-Notes\\src\\services\\/user.service.js:1:34)\n    at _callee$ (C:\\Users\\ASUS\\OneDrive\\Desktop\\BL_Backend\\Fundoo-Notes\\src\\controllers\\/user.controller.js:4:34)\n    at tryCatch (C:\\Users\\ASUS\\OneDrive\\Desktop\\BL_Backend\\Fundoo-Notes\\node_modules\\@babel\\runtime\\helpers\\regeneratorRuntime.js:45:16)\n    at Generator.<anonymous> (C:\\Users\\ASUS\\OneDrive\\Desktop\\BL_Backend\\Fundoo-Notes\\node_modules\\@babel\\runtime\\helpers\\regeneratorRuntime.js:133:17)\n    at Generator.next (C:\\Users\\ASUS\\OneDrive\\Desktop\\BL_Backend\\Fundoo-Notes\\node_modules\\@babel\\runtime\\helpers\\regeneratorRuntime.js:74:21)\n    at asyncGeneratorStep (C:\\Users\\ASUS\\OneDrive\\Desktop\\BL_Backend\\Fundoo-Notes\\node_modules\\@babel\\runtime\\helpers\\asyncToGenerator.js:3:17)\n    at _next (C:\\Users\\ASUS\\OneDrive\\Desktop\\BL_Backend\\Fundoo-Notes\\node_modules\\@babel\\runtime\\helpers\\asyncToGenerator.js:17:9)\n    at C:\\Users\\ASUS\\OneDrive\\Desktop\\BL_Backend\\Fundoo-Notes\\node_modules\\@babel\\runtime\\helpers\\asyncToGenerator.js:22:7\n    at new Promise (<anonymous>)\n    at apply (C:\\Users\\ASUS\\OneDrive\\Desktop\\BL_Backend\\Fundoo-Notes\\node_modules\\@babel\\runtime\\helpers\\asyncToGenerator.js:14:12)\n    at apply (C:\\Users\\ASUS\\OneDrive\\Desktop\\BL_Backend\\Fundoo-Notes\\src\\controllers\\/user.controller.js:11:2)\n    at registerUser (C:\\Users\\ASUS\\OneDrive\\Desktop\\BL_Backend\\Fundoo-Notes\\src\\controllers\\/user.controller.js:3:35)\n    at Layer.handle [as handle_request] (C:\\Users\\ASUS\\OneDrive\\Desktop\\BL_Backend\\Fundoo-Notes\\node_modules\\express\\lib\\router\\layer.js:95:5)\n    at next (C:\\Users\\ASUS\\OneDrive\\Desktop\\BL_Backend\\Fundoo-Notes\\node_modules\\express\\lib\\router\\route.js:149:13)\n    at Route.dispatch (C:\\Users\\ASUS\\OneDrive\\Desktop\\BL_Backend\\Fundoo-Notes\\node_modules\\express\\lib\\router\\route.js:119:3)\n    at Layer.handle [as handle_request] (C:\\Users\\ASUS\\OneDrive\\Desktop\\BL_Backend\\Fundoo-Notes\\node_modules\\express\\lib\\router\\layer.js:95:5)\n    at C:\\Users\\ASUS\\OneDrive\\Desktop\\BL_Backend\\Fundoo-Notes\\node_modules\\express\\lib\\router\\index.js:284:15\n    at Function.process_params (C:\\Users\\ASUS\\OneDrive\\Desktop\\BL_Backend\\Fundoo-Notes\\node_modules\\express\\lib\\router\\index.js:346:12)\n    at next (C:\\Users\\ASUS\\OneDrive\\Desktop\\BL_Backend\\Fundoo-Notes\\node_modules\\express\\lib\\router\\index.js:280:10)\n    at Function.handle (C:\\Users\\ASUS\\OneDrive\\Desktop\\BL_Backend\\Fundoo-Notes\\node_modules\\express\\lib\\router\\index.js:175:3)\n    at router (C:\\Users\\ASUS\\OneDrive\\Desktop\\BL_Backend\\Fundoo-Notes\\node_modules\\express\\lib\\router\\index.js:47:12)\n    at Layer.handle [as handle_request] (C:\\Users\\ASUS\\OneDrive\\Desktop\\BL_Backend\\Fundoo-Notes\\node_modules\\express\\lib\\router\\layer.js:95:5)\n    at trim_prefix (C:\\Users\\ASUS\\OneDrive\\Desktop\\BL_Backend\\Fundoo-Notes\\node_modules\\express\\lib\\router\\index.js:328:13)\n    at C:\\Users\\ASUS\\OneDrive\\Desktop\\BL_Backend\\Fundoo-Notes\\node_modules\\express\\lib\\router\\index.js:286:9\n    at Function.process_params (C:\\Users\\ASUS\\OneDrive\\Desktop\\BL_Backend\\Fundoo-Notes\\node_modules\\express\\lib\\router\\index.js:346:12)\n    at next (C:\\Users\\ASUS\\OneDrive\\Desktop\\BL_Backend\\Fundoo-Notes\\node_modules\\express\\lib\\router\\index.js:280:10)\n    at Function.handle (C:\\Users\\ASUS\\OneDrive\\Desktop\\BL_Backend\\Fundoo-Notes\\node_modules\\express\\lib\\router\\index.js:175:3)\n    at router (C:\\Users\\ASUS\\OneDrive\\Desktop\\BL_Backend\\Fundoo-Notes\\node_modules\\express\\lib\\router\\index.js:47:12)\n    at Layer.handle [as handle_request] (C:\\Users\\ASUS\\OneDrive\\Desktop\\BL_Backend\\Fundoo-Notes\\node_modules\\express\\lib\\router\\layer.js:95:5)\n    at trim_prefix (C:\\Users\\ASUS\\OneDrive\\Desktop\\BL_Backend\\Fundoo-Notes\\node_modules\\express\\lib\\router\\index.js:328:13)\n    at C:\\Users\\ASUS\\OneDrive\\Desktop\\BL_Backend\\Fundoo-Notes\\node_modules\\express\\lib\\router\\index.js:286:9\n    at Function.process_params (C:\\Users\\ASUS\\OneDrive\\Desktop\\BL_Backend\\Fundoo-Notes\\node_modules\\express\\lib\\router\\index.js:346:12)\n    at next (C:\\Users\\ASUS\\OneDrive\\Desktop\\BL_Backend\\Fundoo-Notes\\node_modules\\express\\lib\\router\\index.js:280:10)\n    at logger (C:\\Users\\ASUS\\OneDrive\\Desktop\\BL_Backend\\Fundoo-Notes\\node_modules\\morgan\\index.js:144:5)\n    at Layer.handle [as handle_request] (C:\\Users\\ASUS\\OneDrive\\Desktop\\BL_Backend\\Fundoo-Notes\\node_modules\\express\\lib\\router\\layer.js:95:5)\n    at trim_prefix (C:\\Users\\ASUS\\OneDrive\\Desktop\\BL_Backend\\Fundoo-Notes\\node_modules\\express\\lib\\router\\index.js:328:13)\n    at C:\\Users\\ASUS\\OneDrive\\Desktop\\BL_Backend\\Fundoo-Notes\\node_modules\\express\\lib\\router\\index.js:286:9\n    at Function.process_params (C:\\Users\\ASUS\\OneDrive\\Desktop\\BL_Backend\\Fundoo-Notes\\node_modules\\express\\lib\\router\\index.js:346:12)\n    at next (C:\\Users\\ASUS\\OneDrive\\Desktop\\BL_Backend\\Fundoo-Notes\\node_modules\\express\\lib\\router\\index.js:280:10)\n    at C:\\Users\\ASUS\\OneDrive\\Desktop\\BL_Backend\\Fundoo-Notes\\node_modules\\body-parser\\lib\\read.js:137:5\n    at AsyncResource.runInAsyncScope (node:async_hooks:211:14)\n    at invokeCallback (C:\\Users\\ASUS\\OneDrive\\Desktop\\BL_Backend\\Fundoo-Notes\\node_modules\\raw-body\\index.js:238:16)\n    at done (C:\\Users\\ASUS\\OneDrive\\Desktop\\BL_Backend\\Fundoo-Notes\\node_modules\\raw-body\\index.js:227:7)\n    at IncomingMessage.onEnd (C:\\Users\\ASUS\\OneDrive\\Desktop\\BL_Backend\\Fundoo-Notes\\node_modules\\raw-body\\index.js:287:7)\n    at IncomingMessage.emit (node:events:518:28)\n    at IncomingMessage.emit (node:domain:489:12)","timestamp":"2025-02-11T18:39:47.546Z","trace":[{"column":56,"file":"C:\\Users\\ASUS\\OneDrive\\Desktop\\BL_Backend\\Fundoo-Notes\\src\\services\\/user.service.js","function":"_callee$","line":3,"method":null,"native":false},{"column":16,"file":"C:\\Users\\ASUS\\OneDrive\\Desktop\\BL_Backend\\Fundoo-Notes\\node_modules\\@babel\\runtime\\helpers\\regeneratorRuntime.js","function":"tryCatch","line":45,"method":null,"native":false},{"column":17,"file":"C:\\Users\\ASUS\\OneDrive\\Desktop\\BL_Backend\\Fundoo-Notes\\node_modules\\@babel\\runtime\\helpers\\regeneratorRuntime.js","function":null,"line":133,"method":null,"native":false},{"column":21,"file":"C:\\Users\\ASUS\\OneDrive\\Desktop\\BL_Backend\\Fundoo-Notes\\node_modules\\@babel\\runtime\\helpers\\regeneratorRuntime.js","function":"Generator.next","line":74,"method":"next","native":false},{"column":17,"file":"C:\\Users\\ASUS\\OneDrive\\Desktop\\BL_Backend\\Fundoo-Notes\\node_modules\\@babel\\runtime\\helpers\\asyncToGenerator.js","function":"asyncGeneratorStep","line":3,"method":null,"native":false},{"column":9,"file":"C:\\Users\\ASUS\\OneDrive\\Desktop\\BL_Backend\\Fundoo-Notes\\node_modules\\@babel\\runtime\\helpers\\asyncToGenerator.js","function":"_next","line":17,"method":null,"native":false},{"column":7,"file":"C:\\Users\\ASUS\\OneDrive\\Desktop\\BL_Backend\\Fundoo-Notes\\node_modules\\@babel\\runtime\\helpers\\asyncToGenerator.js","function":null,"line":22,"method":null,"native":false},{"column":null,"file":null,"function":"new Promise","line":null,"method":null,"native":false},{"column":12,"file":"C:\\Users\\ASUS\\OneDrive\\Desktop\\BL_Backend\\Fundoo-Notes\\node_modules\\@babel\\runtime\\helpers\\asyncToGenerator.js","function":"apply","line":14,"method":null,"native":false},{"column":2,"file":"C:\\Users\\ASUS\\OneDrive\\Desktop\\BL_Backend\\Fundoo-Notes\\src\\services\\/user.service.js","function":"apply","line":16,"method":null,"native":false},{"column":34,"file":"C:\\Users\\ASUS\\OneDrive\\Desktop\\BL_Backend\\Fundoo-Notes\\src\\services\\/user.service.js","function":"UserService","line":1,"method":null,"native":false},{"column":34,"file":"C:\\Users\\ASUS\\OneDrive\\Desktop\\BL_Backend\\Fundoo-Notes\\src\\controllers\\/user.controller.js","function":"_callee$","line":4,"method":null,"native":false},{"column":16,"file":"C:\\Users\\ASUS\\OneDrive\\Desktop\\BL_Backend\\Fundoo-Notes\\node_modules\\@babel\\runtime\\helpers\\regeneratorRuntime.js","function":"tryCatch","line":45,"method":null,"native":false},{"column":17,"file":"C:\\Users\\ASUS\\OneDrive\\Desktop\\BL_Backend\\Fundoo-Notes\\node_modules\\@babel\\runtime\\helpers\\regeneratorRuntime.js","function":null,"line":133,"method":null,"native":false},{"column":21,"file":"C:\\Users\\ASUS\\OneDrive\\Desktop\\BL_Backend\\Fundoo-Notes\\node_modules\\@babel\\runtime\\helpers\\regeneratorRuntime.js","function":"Generator.next","line":74,"method":"next","native":false},{"column":17,"file":"C:\\Users\\ASUS\\OneDrive\\Desktop\\BL_Backend\\Fundoo-Notes\\node_modules\\@babel\\runtime\\helpers\\asyncToGenerator.js","function":"asyncGeneratorStep","line":3,"method":null,"native":false},{"column":9,"file":"C:\\Users\\ASUS\\OneDrive\\Desktop\\BL_Backend\\Fundoo-Notes\\node_modules\\@babel\\runtime\\helpers\\asyncToGenerator.js","function":"_next","line":17,"method":null,"native":false},{"column":7,"file":"C:\\Users\\ASUS\\OneDrive\\Desktop\\BL_Backend\\Fundoo-Notes\\node_modules\\@babel\\runtime\\helpers\\asyncToGenerator.js","function":null,"line":22,"method":null,"native":false},{"column":null,"file":null,"function":"new Promise","line":null,"method":null,"native":false},{"column":12,"file":"C:\\Users\\ASUS\\OneDrive\\Desktop\\BL_Backend\\Fundoo-Notes\\node_modules\\@babel\\runtime\\helpers\\asyncToGenerator.js","function":"apply","line":14,"method":null,"native":false},{"column":2,"file":"C:\\Users\\ASUS\\OneDrive\\Desktop\\BL_Backend\\Fundoo-Notes\\src\\controllers\\/user.controller.js","function":"apply","line":11,"method":null,"native":false},{"column":35,"file":"C:\\Users\\ASUS\\OneDrive\\Desktop\\BL_Backend\\Fundoo-Notes\\src\\controllers\\/user.controller.js","function":"registerUser","line":3,"method":null,"native":false},{"column":5,"file":"C:\\Users\\ASUS\\OneDrive\\Desktop\\BL_Backend\\Fundoo-Notes\\node_modules\\express\\lib\\router\\layer.js","function":"Layer.handle [as handle_request]","line":95,"method":"handle [as handle_request]","native":false},{"column":13,"file":"C:\\Users\\ASUS\\OneDrive\\Desktop\\BL_Backend\\Fundoo-Notes\\node_modules\\express\\lib\\router\\route.js","function":"next","line":149,"method":null,"native":false},{"column":3,"file":"C:\\Users\\ASUS\\OneDrive\\Desktop\\BL_Backend\\Fundoo-Notes\\node_modules\\express\\lib\\router\\route.js","function":"Route.dispatch","line":119,"method":"dispatch","native":false},{"column":5,"file":"C:\\Users\\ASUS\\OneDrive\\Desktop\\BL_Backend\\Fundoo-Notes\\node_modules\\express\\lib\\router\\layer.js","function":"Layer.handle [as handle_request]","line":95,"method":"handle [as handle_request]","native":false},{"column":15,"file":"C:\\Users\\ASUS\\OneDrive\\Desktop\\BL_Backend\\Fundoo-Notes\\node_modules\\express\\lib\\router\\index.js","function":null,"line":284,"method":null,"native":false},{"column":12,"file":"C:\\Users\\ASUS\\OneDrive\\Desktop\\BL_Backend\\Fundoo-Notes\\node_modules\\express\\lib\\router\\index.js","function":"Function.process_params","line":346,"method":"process_params","native":false},{"column":10,"file":"C:\\Users\\ASUS\\OneDrive\\Desktop\\BL_Backend\\Fundoo-Notes\\node_modules\\express\\lib\\router\\index.js","function":"next","line":280,"method":null,"native":false},{"column":3,"file":"C:\\Users\\ASUS\\OneDrive\\Desktop\\BL_Backend\\Fundoo-Notes\\node_modules\\express\\lib\\router\\index.js","function":"Function.handle","line":175,"method":"handle","native":false},{"column":12,"file":"C:\\Users\\ASUS\\OneDrive\\Desktop\\BL_Backend\\Fundoo-Notes\\node_modules\\express\\lib\\router\\index.js","function":"router","line":47,"method":null,"native":false},{"column":5,"file":"C:\\Users\\ASUS\\OneDrive\\Desktop\\BL_Backend\\Fundoo-Notes\\node_modules\\express\\lib\\router\\layer.js","function":"Layer.handle [as handle_request]","line":95,"method":"handle [as handle_request]","native":false},{"column":13,"file":"C:\\Users\\ASUS\\OneDrive\\Desktop\\BL_Backend\\Fundoo-Notes\\node_modules\\express\\lib\\router\\index.js","function":"trim_prefix","line":328,"method":null,"native":false},{"column":9,"file":"C:\\Users\\ASUS\\OneDrive\\Desktop\\BL_Backend\\Fundoo-Notes\\node_modules\\express\\lib\\router\\index.js","function":null,"line":286,"method":null,"native":false},{"column":12,"file":"C:\\Users\\ASUS\\OneDrive\\Desktop\\BL_Backend\\Fundoo-Notes\\node_modules\\express\\lib\\router\\index.js","function":"Function.process_params","line":346,"method":"process_params","native":false},{"column":10,"file":"C:\\Users\\ASUS\\OneDrive\\Desktop\\BL_Backend\\Fundoo-Notes\\node_modules\\express\\lib\\router\\index.js","function":"next","line":280,"method":null,"native":false},{"column":3,"file":"C:\\Users\\ASUS\\OneDrive\\Desktop\\BL_Backend\\Fundoo-Notes\\node_modules\\express\\lib\\router\\index.js","function":"Function.handle","line":175,"method":"handle","native":false},{"column":12,"file":"C:\\Users\\ASUS\\OneDrive\\Desktop\\BL_Backend\\Fundoo-Notes\\node_modules\\express\\lib\\router\\index.js","function":"router","line":47,"method":null,"native":false},{"column":5,"file":"C:\\Users\\ASUS\\OneDrive\\Desktop\\BL_Backend\\Fundoo-Notes\\node_modules\\express\\lib\\router\\layer.js","function":"Layer.handle [as handle_request]","line":95,"method":"handle [as handle_request]","native":false},{"column":13,"file":"C:\\Users\\ASUS\\OneDrive\\Desktop\\BL_Backend\\Fundoo-Notes\\node_modules\\express\\lib\\router\\index.js","function":"trim_prefix","line":328,"method":null,"native":false},{"column":9,"file":"C:\\Users\\ASUS\\OneDrive\\Desktop\\BL_Backend\\Fundoo-Notes\\node_modules\\express\\lib\\router\\index.js","function":null,"line":286,"method":null,"native":false},{"column":12,"file":"C:\\Users\\ASUS\\OneDrive\\Desktop\\BL_Backend\\Fundoo-Notes\\node_modules\\express\\lib\\router\\index.js","function":"Function.process_params","line":346,"method":"process_params","native":false},{"column":10,"file":"C:\\Users\\ASUS\\OneDrive\\Desktop\\BL_Backend\\Fundoo-Notes\\node_modules\\express\\lib\\router\\index.js","function":"next","line":280,"method":null,"native":false},{"column":5,"file":"C:\\Users\\ASUS\\OneDrive\\Desktop\\BL_Backend\\Fundoo-Notes\\node_modules\\morgan\\index.js","function":"logger","line":144,"method":null,"native":false},{"column":5,"file":"C:\\Users\\ASUS\\OneDrive\\Desktop\\BL_Backend\\Fundoo-Notes\\node_modules\\express\\lib\\router\\layer.js","function":"Layer.handle [as handle_request]","line":95,"method":"handle [as handle_request]","native":false},{"column":13,"file":"C:\\Users\\ASUS\\OneDrive\\Desktop\\BL_Backend\\Fundoo-Notes\\node_modules\\express\\lib\\router\\index.js","function":"trim_prefix","line":328,"method":null,"native":false},{"column":9,"file":"C:\\Users\\ASUS\\OneDrive\\Desktop\\BL_Backend\\Fundoo-Notes\\node_modules\\express\\lib\\router\\index.js","function":null,"line":286,"method":null,"native":false},{"column":12,"file":"C:\\Users\\ASUS\\OneDrive\\Desktop\\BL_Backend\\Fundoo-Notes\\node_modules\\express\\lib\\router\\index.js","function":"Function.process_params","line":346,"method":"process_params","native":false},{"column":10,"file":"C:\\Users\\ASUS\\OneDrive\\Desktop\\BL_Backend\\Fundoo-Notes\\node_modules\\express\\lib\\router\\index.js","function":"next","line":280,"method":null,"native":false},{"column":5,"file":"C:\\Users\\ASUS\\OneDrive\\Desktop\\BL_Backend\\Fundoo-Notes\\node_modules\\body-parser\\lib\\read.js","function":null,"line":137,"method":null,"native":false},{"column":14,"file":"node:async_hooks","function":"AsyncResource.runInAsyncScope","line":211,"method":"runInAsyncScope","native":false},{"column":16,"file":"C:\\Users\\ASUS\\OneDrive\\Desktop\\BL_Backend\\Fundoo-Notes\\node_modules\\raw-body\\index.js","function":"invokeCallback","line":238,"method":null,"native":false},{"column":7,"file":"C:\\Users\\ASUS\\OneDrive\\Desktop\\BL_Backend\\Fundoo-Notes\\node_modules\\raw-body\\index.js","function":"done","line":227,"method":null,"native":false},{"column":7,"file":"C:\\Users\\ASUS\\OneDrive\\Desktop\\BL_Backend\\Fundoo-Notes\\node_modules\\raw-body\\index.js","function":"IncomingMessage.onEnd","line":287,"method":"onEnd","native":false},{"column":28,"file":"node:events","function":"IncomingMessage.emit","line":518,"method":"emit","native":false},{"column":12,"file":"node:domain","function":"IncomingMessage.emit","line":489,"method":"emit","native":false}]}
info: Server started at http://localhost:3000/api/v1/ {"timestamp":"2025-02-11T18:40:50.465Z"}
info: Connected to the database. {"timestamp":"2025-02-11T18:40:50.484Z"}
info: Server started at http://localhost:3000/api/v1/ {"timestamp":"2025-02-11T18:41:11.221Z"}
info: Connected to the database. {"timestamp":"2025-02-11T18:41:11.239Z"}
info: Server started at http://localhost:3000/api/v1/ {"timestamp":"2025-02-11T18:42:14.890Z"}
info: Connected to the database. {"timestamp":"2025-02-11T18:42:14.910Z"}
info: Server started at http://localhost:3000/api/v1/ {"timestamp":"2025-02-11T18:47:37.787Z"}
info: Connected to the database. {"timestamp":"2025-02-11T18:47:37.819Z"}
info: Server started at http://localhost:3000/api/v1/ {"timestamp":"2025-02-11T18:49:02.119Z"}
info: Connected to the database. {"timestamp":"2025-02-11T18:49:02.152Z"}
info: Server started at http://localhost:3000/api/v1/ {"timestamp":"2025-02-11T18:49:35.416Z"}
info: Connected to the database. {"timestamp":"2025-02-11T18:49:35.445Z"}
error: uncaughtException: Email already exists
Error: Email already exists
    at _callee$ (C:\Users\ASUS\OneDrive\Desktop\BL_Backend\Fundoo-Notes\src\services\/user.service.js:13:13)
    at tryCatch (C:\Users\ASUS\OneDrive\Desktop\BL_Backend\Fundoo-Notes\node_modules\@babel\runtime\helpers\regeneratorRuntime.js:45:16)
    at Generator.<anonymous> (C:\Users\ASUS\OneDrive\Desktop\BL_Backend\Fundoo-Notes\node_modules\@babel\runtime\helpers\regeneratorRuntime.js:133:17)
    at Generator.next (C:\Users\ASUS\OneDrive\Desktop\BL_Backend\Fundoo-Notes\node_modules\@babel\runtime\helpers\regeneratorRuntime.js:74:21)
    at asyncGeneratorStep (C:\Users\ASUS\OneDrive\Desktop\BL_Backend\Fundoo-Notes\node_modules\@babel\runtime\helpers\asyncToGenerator.js:3:17)
    at _next (C:\Users\ASUS\OneDrive\Desktop\BL_Backend\Fundoo-Notes\node_modules\@babel\runtime\helpers\asyncToGenerator.js:17:9)
    at processTicksAndRejections (node:internal/process/task_queues:105:5) {"date":"Wed Feb 12 2025 00:19:42 GMT+0530 (India Standard Time)","error":{},"exception":true,"os":{"loadavg":[0,0,0],"uptime":657931.421},"process":{"argv":["node","C:\\Users\\ASUS\\OneDrive\\Desktop\\BL_Backend\\Fundoo-Notes\\src\\index.js"],"cwd":"C:\\Users\\ASUS\\OneDrive\\Desktop\\BL_Backend\\Fundoo-Notes","execPath":"C:\\Program Files\\nodejs\\node.exe","gid":null,"memoryUsage":{"arrayBuffers":18272586,"external":21313860,"heapTotal":95313920,"heapUsed":55670552,"rss":137326592},"pid":10628,"uid":null,"version":"v22.11.0"},"stack":"Error: Email already exists\n    at _callee$ (C:\\Users\\ASUS\\OneDrive\\Desktop\\BL_Backend\\Fundoo-Notes\\src\\services\\/user.service.js:13:13)\n    at tryCatch (C:\\Users\\ASUS\\OneDrive\\Desktop\\BL_Backend\\Fundoo-Notes\\node_modules\\@babel\\runtime\\helpers\\regeneratorRuntime.js:45:16)\n    at Generator.<anonymous> (C:\\Users\\ASUS\\OneDrive\\Desktop\\BL_Backend\\Fundoo-Notes\\node_modules\\@babel\\runtime\\helpers\\regeneratorRuntime.js:133:17)\n    at Generator.next (C:\\Users\\ASUS\\OneDrive\\Desktop\\BL_Backend\\Fundoo-Notes\\node_modules\\@babel\\runtime\\helpers\\regeneratorRuntime.js:74:21)\n    at asyncGeneratorStep (C:\\Users\\ASUS\\OneDrive\\Desktop\\BL_Backend\\Fundoo-Notes\\node_modules\\@babel\\runtime\\helpers\\asyncToGenerator.js:3:17)\n    at _next (C:\\Users\\ASUS\\OneDrive\\Desktop\\BL_Backend\\Fundoo-Notes\\node_modules\\@babel\\runtime\\helpers\\asyncToGenerator.js:17:9)\n    at processTicksAndRejections (node:internal/process/task_queues:105:5)","timestamp":"2025-02-11T18:49:42.931Z","trace":[{"column":13,"file":"C:\\Users\\ASUS\\OneDrive\\Desktop\\BL_Backend\\Fundoo-Notes\\src\\services\\/user.service.js","function":"_callee$","line":13,"method":null,"native":false},{"column":16,"file":"C:\\Users\\ASUS\\OneDrive\\Desktop\\BL_Backend\\Fundoo-Notes\\node_modules\\@babel\\runtime\\helpers\\regeneratorRuntime.js","function":"tryCatch","line":45,"method":null,"native":false},{"column":17,"file":"C:\\Users\\ASUS\\OneDrive\\Desktop\\BL_Backend\\Fundoo-Notes\\node_modules\\@babel\\runtime\\helpers\\regeneratorRuntime.js","function":null,"line":133,"method":null,"native":false},{"column":21,"file":"C:\\Users\\ASUS\\OneDrive\\Desktop\\BL_Backend\\Fundoo-Notes\\node_modules\\@babel\\runtime\\helpers\\regeneratorRuntime.js","function":"Generator.next","line":74,"method":"next","native":false},{"column":17,"file":"C:\\Users\\ASUS\\OneDrive\\Desktop\\BL_Backend\\Fundoo-Notes\\node_modules\\@babel\\runtime\\helpers\\asyncToGenerator.js","function":"asyncGeneratorStep","line":3,"method":null,"native":false},{"column":9,"file":"C:\\Users\\ASUS\\OneDrive\\Desktop\\BL_Backend\\Fundoo-Notes\\node_modules\\@babel\\runtime\\helpers\\asyncToGenerator.js","function":"_next","line":17,"method":null,"native":false},{"column":5,"file":"node:internal/process/task_queues","function":"processTicksAndRejections","line":105,"method":null,"native":false}]}
info: Server started at http://localhost:3000/api/v1/ {"timestamp":"2025-02-11T18:50:33.619Z"}
info: Connected to the database. {"timestamp":"2025-02-11T18:50:33.640Z"}
info: Server started at http://localhost:3000/api/v1/ {"timestamp":"2025-02-11T18:50:47.941Z"}
info: Connected to the database. {"timestamp":"2025-02-11T18:50:47.968Z"}
info: Server started at http://localhost:3000/api/v1/ {"timestamp":"2025-02-11T18:50:57.214Z"}
info: Connected to the database. {"timestamp":"2025-02-11T18:50:57.241Z"}
info: Server started at http://localhost:3000/api/v1/ {"timestamp":"2025-02-11T18:51:07.431Z"}
info: Connected to the database. {"timestamp":"2025-02-11T18:51:07.451Z"}
info: Server started at http://localhost:3000/api/v1/ {"timestamp":"2025-02-11T18:52:07.436Z"}
info: Connected to the database. {"timestamp":"2025-02-11T18:52:07.458Z"}
info: Server started at http://localhost:3000/api/v1/ {"timestamp":"2025-02-11T18:52:18.369Z"}
info: Connected to the database. {"timestamp":"2025-02-11T18:52:18.394Z"}
info: Server started at http://localhost:3000/api/v1/ {"timestamp":"2025-02-11T19:02:29.217Z"}
info: Connected to the database. {"timestamp":"2025-02-11T19:02:29.286Z"}
error: 
    status - 500 
    message - ValidationError: "email" must be a valid email 
    url - /api/v1/users/register 
    method - POST 
    IP - ::1
   {"timestamp":"2025-02-11T19:03:00.951Z"}
error: 
    status - 500 
    message - ValidationError: "password" length must be at least 8 characters long 
    url - /api/v1/users/register 
    method - POST 
    IP - ::1
   {"timestamp":"2025-02-11T19:03:28.794Z"}
info: Server started at http://localhost:3000/api/v1/ {"timestamp":"2025-02-11T19:14:20.027Z"}
info: Connected to the database. {"timestamp":"2025-02-11T19:14:20.041Z"}
info: Server started at http://localhost:3000/api/v1/ {"timestamp":"2025-02-11T19:14:46.095Z"}
info: Connected to the database. {"timestamp":"2025-02-11T19:14:46.108Z"}
info: Server started at http://localhost:3000/api/v1/ {"timestamp":"2025-02-11T19:14:54.633Z"}
info: Connected to the database. {"timestamp":"2025-02-11T19:14:54.649Z"}
info: Server started at http://localhost:3000/api/v1/ {"timestamp":"2025-02-11T19:14:57.930Z"}
info: Connected to the database. {"timestamp":"2025-02-11T19:14:57.944Z"}
info: Server started at http://localhost:3000/api/v1/ {"timestamp":"2025-02-11T19:15:01.715Z"}
info: Connected to the database. {"timestamp":"2025-02-11T19:15:01.728Z"}
info: Server started at http://localhost:3000/api/v1/ {"timestamp":"2025-02-11T19:15:17.733Z"}
info: Connected to the database. {"timestamp":"2025-02-11T19:15:17.753Z"}
info: Server started at http://localhost:3000/api/v1/ {"timestamp":"2025-02-11T19:15:29.770Z"}
info: Connected to the database. {"timestamp":"2025-02-11T19:15:29.791Z"}
error: 
    status - 500 
    message - ValidationError: "password" length must be at least 8 characters long 
    url - /api/v1/users/login 
    method - POST 
    IP - ::1
   {"timestamp":"2025-02-11T19:15:40.106Z"}
error: 
    status - 500 
    message - ValidationError: "name" is required 
    url - /api/v1/users/login 
    method - POST 
    IP - ::1
   {"timestamp":"2025-02-11T19:15:52.026Z"}
info: Server started at http://localhost:3000/api/v1/ {"timestamp":"2025-02-11T19:17:04.649Z"}
info: Connected to the database. {"timestamp":"2025-02-11T19:17:04.663Z"}
info: Server started at http://localhost:3000/api/v1/ {"timestamp":"2025-02-11T19:17:12.709Z"}
info: Connected to the database. {"timestamp":"2025-02-11T19:17:12.725Z"}
info: Server started at http://localhost:3000/api/v1/ {"timestamp":"2025-02-11T19:17:20.996Z"}
info: Connected to the database. {"timestamp":"2025-02-11T19:17:21.010Z"}
info: Server started at http://localhost:3000/api/v1/ {"timestamp":"2025-02-11T19:17:29.760Z"}
info: Connected to the database. {"timestamp":"2025-02-11T19:17:29.775Z"}
info: Server started at http://localhost:3000/api/v1/ {"timestamp":"2025-02-11T19:18:04.726Z"}
info: Connected to the database. {"timestamp":"2025-02-11T19:18:04.741Z"}
error: 
    status - 500 
    message - ValidationError: "password" is not allowed 
    url - /api/v1/users/login 
    method - POST 
    IP - ::1
   {"timestamp":"2025-02-11T19:18:08.878Z"}
info: Server started at http://localhost:3000/api/v1/ {"timestamp":"2025-02-11T19:18:38.792Z"}
info: Connected to the database. {"timestamp":"2025-02-11T19:18:38.806Z"}
error: 
    status - 500 
    message - ValidationError: "password" length must be at least 8 characters long 
    url - /api/v1/users/login 
    method - POST 
    IP - ::1
   {"timestamp":"2025-02-11T19:18:55.154Z"}
error: 
    status - 500 
    message - ValidationError: "name" is required 
    url - /api/v1/users/register 
    method - POST 
    IP - ::1
   {"timestamp":"2025-02-11T19:19:44.635Z"}
info: Server started at http://localhost:3000/api/v1/ {"timestamp":"2025-02-12T04:23:31.213Z"}
info: Connected to the database. {"timestamp":"2025-02-12T04:23:31.225Z"}
error: 
    status - 500 
    message - ValidationError: "name" is required 
    url - /api/v1/users/register 
    method - POST 
    IP - ::1
   {"timestamp":"2025-02-12T04:23:59.762Z"}
error: 
    status - 500 
    message - ValidationError: "email" must be a valid email 
    url - /api/v1/users/login 
    method - POST 
    IP - ::1
   {"timestamp":"2025-02-12T04:25:11.425Z"}
info: Server started at http://localhost:3000/api/v1/ {"timestamp":"2025-02-12T04:41:28.694Z"}
info: Connected to the database. {"timestamp":"2025-02-12T04:41:28.707Z"}
info: Server started at http://localhost:3000/api/v1/ {"timestamp":"2025-02-12T04:42:56.148Z"}
info: Connected to the database. {"timestamp":"2025-02-12T04:42:56.162Z"}
info: Server started at http://localhost:3000/api/v1/ {"timestamp":"2025-02-12T04:43:08.267Z"}
info: Connected to the database. {"timestamp":"2025-02-12T04:43:08.288Z"}
info: Server started at http://localhost:3000/api/v1/ {"timestamp":"2025-02-12T04:43:12.367Z"}
info: Connected to the database. {"timestamp":"2025-02-12T04:43:12.380Z"}
info: Server started at http://localhost:3000/api/v1/ {"timestamp":"2025-02-12T04:43:23.193Z"}
info: Connected to the database. {"timestamp":"2025-02-12T04:43:23.206Z"}
info: Server started at http://localhost:3000/api/v1/ {"timestamp":"2025-02-12T04:43:47.855Z"}
info: Connected to the database. {"timestamp":"2025-02-12T04:43:47.870Z"}
info: Server started at http://localhost:3000/api/v1/ {"timestamp":"2025-02-12T04:43:53.711Z"}
info: Connected to the database. {"timestamp":"2025-02-12T04:43:53.725Z"}
info: Server started at http://localhost:3000/api/v1/ {"timestamp":"2025-02-12T04:44:02.072Z"}
info: Connected to the database. {"timestamp":"2025-02-12T04:44:02.084Z"}
info: Server started at http://localhost:3000/api/v1/ {"timestamp":"2025-02-12T04:44:22.499Z"}
info: Connected to the database. {"timestamp":"2025-02-12T04:44:22.514Z"}
info: Server started at http://localhost:3000/api/v1/ {"timestamp":"2025-02-12T04:44:31.416Z"}
info: Connected to the database. {"timestamp":"2025-02-12T04:44:31.428Z"}
info: Server started at http://localhost:3000/api/v1/ {"timestamp":"2025-02-12T04:44:38.520Z"}
info: Connected to the database. {"timestamp":"2025-02-12T04:44:38.532Z"}
info: Server started at http://localhost:3000/api/v1/ {"timestamp":"2025-02-12T04:44:57.476Z"}
info: Connected to the database. {"timestamp":"2025-02-12T04:44:57.493Z"}
info: Server started at http://localhost:3000/api/v1/ {"timestamp":"2025-02-12T04:45:02.086Z"}
info: Connected to the database. {"timestamp":"2025-02-12T04:45:02.098Z"}
info: Server started at http://localhost:3000/api/v1/ {"timestamp":"2025-02-12T04:45:11.257Z"}
info: Connected to the database. {"timestamp":"2025-02-12T04:45:11.272Z"}
info: Server started at http://localhost:3000/api/v1/ {"timestamp":"2025-02-12T04:46:34.582Z"}
info: Connected to the database. {"timestamp":"2025-02-12T04:46:34.601Z"}
info: Server started at http://localhost:3000/api/v1/ {"timestamp":"2025-02-12T04:46:40.773Z"}
info: Connected to the database. {"timestamp":"2025-02-12T04:46:40.787Z"}
info: Server started at http://localhost:3000/api/v1/ {"timestamp":"2025-02-12T04:46:59.902Z"}
info: Connected to the database. {"timestamp":"2025-02-12T04:46:59.914Z"}
info: Server started at http://localhost:3000/api/v1/ {"timestamp":"2025-02-12T04:47:19.642Z"}
info: Connected to the database. {"timestamp":"2025-02-12T04:47:19.656Z"}
info: Server started at http://localhost:3000/api/v1/ {"timestamp":"2025-02-12T04:47:44.572Z"}
info: Connected to the database. {"timestamp":"2025-02-12T04:47:44.586Z"}
info: Server started at http://localhost:3000/api/v1/ {"timestamp":"2025-02-12T04:48:00.349Z"}
info: Connected to the database. {"timestamp":"2025-02-12T04:48:00.368Z"}
info: Server started at http://localhost:3000/api/v1/ {"timestamp":"2025-02-12T04:48:17.194Z"}
info: Connected to the database. {"timestamp":"2025-02-12T04:48:17.209Z"}
info: Server started at http://localhost:3000/api/v1/ {"timestamp":"2025-02-12T04:49:13.893Z"}
info: Connected to the database. {"timestamp":"2025-02-12T04:49:13.908Z"}
info: Server started at http://localhost:3000/api/v1/ {"timestamp":"2025-02-12T04:49:19.490Z"}
info: Connected to the database. {"timestamp":"2025-02-12T04:49:19.503Z"}
info: Server started at http://localhost:3000/api/v1/ {"timestamp":"2025-02-12T04:49:23.665Z"}
info: Connected to the database. {"timestamp":"2025-02-12T04:49:23.678Z"}
info: Server started at http://localhost:3000/api/v1/ {"timestamp":"2025-02-12T04:49:28.885Z"}
info: Connected to the database. {"timestamp":"2025-02-12T04:49:28.898Z"}
info: Server started at http://localhost:3000/api/v1/ {"timestamp":"2025-02-12T04:50:19.348Z"}
info: Connected to the database. {"timestamp":"2025-02-12T04:50:19.360Z"}
info: Server started at http://localhost:3000/api/v1/ {"timestamp":"2025-02-12T04:50:25.526Z"}
info: Connected to the database. {"timestamp":"2025-02-12T04:50:25.541Z"}
info: Server started at http://localhost:3000/api/v1/ {"timestamp":"2025-02-12T04:55:57.792Z"}
info: Connected to the database. {"timestamp":"2025-02-12T04:55:57.808Z"}
info: Server started at http://localhost:3000/api/v1/ {"timestamp":"2025-02-12T04:56:05.910Z"}
info: Connected to the database. {"timestamp":"2025-02-12T04:56:05.922Z"}
info: Server started at http://localhost:3000/api/v1/ {"timestamp":"2025-02-12T04:56:31.173Z"}
info: Connected to the database. {"timestamp":"2025-02-12T04:56:31.190Z"}
info: Server started at http://localhost:3000/api/v1/ {"timestamp":"2025-02-12T04:56:39.708Z"}
info: Connected to the database. {"timestamp":"2025-02-12T04:56:39.721Z"}
info: Server started at http://localhost:3000/api/v1/ {"timestamp":"2025-02-12T04:56:43.938Z"}
info: Connected to the database. {"timestamp":"2025-02-12T04:56:43.953Z"}
info: Server started at http://localhost:3000/api/v1/ {"timestamp":"2025-02-12T04:56:52.118Z"}
info: Connected to the database. {"timestamp":"2025-02-12T04:56:52.129Z"}
info: Server started at http://localhost:3000/api/v1/ {"timestamp":"2025-02-12T04:56:58.016Z"}
info: Connected to the database. {"timestamp":"2025-02-12T04:56:58.031Z"}
info: Server started at http://localhost:3000/api/v1/ {"timestamp":"2025-02-12T04:57:10.071Z"}
info: Connected to the database. {"timestamp":"2025-02-12T04:57:10.085Z"}
info: Server started at http://localhost:3000/api/v1/ {"timestamp":"2025-02-12T04:57:19.655Z"}
info: Connected to the database. {"timestamp":"2025-02-12T04:57:19.669Z"}
info: Server started at http://localhost:3000/api/v1/ {"timestamp":"2025-02-12T04:57:28.462Z"}
info: Connected to the database. {"timestamp":"2025-02-12T04:57:28.475Z"}
info: Server started at http://localhost:3000/api/v1/ {"timestamp":"2025-02-12T04:57:33.953Z"}
info: Connected to the database. {"timestamp":"2025-02-12T04:57:33.968Z"}
info: Server started at http://localhost:3000/api/v1/ {"timestamp":"2025-02-12T04:57:36.931Z"}
info: Connected to the database. {"timestamp":"2025-02-12T04:57:36.945Z"}
info: Server started at http://localhost:3000/api/v1/ {"timestamp":"2025-02-12T04:57:49.671Z"}
info: Connected to the database. {"timestamp":"2025-02-12T04:57:49.684Z"}
info: Server started at http://localhost:3000/api/v1/ {"timestamp":"2025-02-12T04:57:52.182Z"}
info: Connected to the database. {"timestamp":"2025-02-12T04:57:52.195Z"}
info: Server started at http://localhost:3000/api/v1/ {"timestamp":"2025-02-12T04:57:59.988Z"}
info: Connected to the database. {"timestamp":"2025-02-12T04:58:00.001Z"}
info: Server started at http://localhost:3000/api/v1/ {"timestamp":"2025-02-12T04:58:04.719Z"}
info: Connected to the database. {"timestamp":"2025-02-12T04:58:04.735Z"}
info: Server started at http://localhost:3000/api/v1/ {"timestamp":"2025-02-12T04:59:04.879Z"}
info: Connected to the database. {"timestamp":"2025-02-12T04:59:04.892Z"}
info: Server started at http://localhost:3000/api/v1/ {"timestamp":"2025-02-12T04:59:49.299Z"}
info: Connected to the database. {"timestamp":"2025-02-12T04:59:49.312Z"}
info: Server started at http://localhost:3000/api/v1/ {"timestamp":"2025-02-12T04:59:55.788Z"}
info: Connected to the database. {"timestamp":"2025-02-12T04:59:55.801Z"}
info: Server started at http://localhost:3000/api/v1/ {"timestamp":"2025-02-12T05:02:31.578Z"}
info: Connected to the database. {"timestamp":"2025-02-12T05:02:31.592Z"}
info: Server started at http://localhost:3000/api/v1/ {"timestamp":"2025-02-12T05:03:46.529Z"}
info: Connected to the database. {"timestamp":"2025-02-12T05:03:46.543Z"}
info: Server started at http://localhost:3000/api/v1/ {"timestamp":"2025-02-12T05:03:49.333Z"}
info: Connected to the database. {"timestamp":"2025-02-12T05:03:49.348Z"}
info: Server started at http://localhost:3000/api/v1/ {"timestamp":"2025-02-12T05:03:55.400Z"}
info: Connected to the database. {"timestamp":"2025-02-12T05:03:55.416Z"}
info: Server started at http://localhost:3000/api/v1/ {"timestamp":"2025-02-12T05:04:04.286Z"}
info: Connected to the database. {"timestamp":"2025-02-12T05:04:04.304Z"}
info: Server started at http://localhost:3000/api/v1/ {"timestamp":"2025-02-12T05:04:07.923Z"}
info: Connected to the database. {"timestamp":"2025-02-12T05:04:07.939Z"}
info: Server started at http://localhost:3000/api/v1/ {"timestamp":"2025-02-12T05:04:11.930Z"}
info: Connected to the database. {"timestamp":"2025-02-12T05:04:11.945Z"}
info: Server started at http://localhost:3000/api/v1/ {"timestamp":"2025-02-12T05:04:20.004Z"}
info: Connected to the database. {"timestamp":"2025-02-12T05:04:20.017Z"}
info: Server started at http://localhost:3000/api/v1/ {"timestamp":"2025-02-12T05:04:23.490Z"}
info: Connected to the database. {"timestamp":"2025-02-12T05:04:23.506Z"}
info: Server started at http://localhost:3000/api/v1/ {"timestamp":"2025-02-12T05:04:47.509Z"}
info: Connected to the database. {"timestamp":"2025-02-12T05:04:47.522Z"}
info: Server started at http://localhost:3000/api/v1/ {"timestamp":"2025-02-12T05:05:06.785Z"}
info: Connected to the database. {"timestamp":"2025-02-12T05:05:06.797Z"}
info: Server started at http://localhost:3000/api/v1/ {"timestamp":"2025-02-12T05:05:12.295Z"}
info: Connected to the database. {"timestamp":"2025-02-12T05:05:12.313Z"}
info: Server started at http://localhost:3000/api/v1/ {"timestamp":"2025-02-12T05:06:07.189Z"}
info: Connected to the database. {"timestamp":"2025-02-12T05:06:07.210Z"}
info: Server started at http://localhost:3000/api/v1/ {"timestamp":"2025-02-12T05:06:14.133Z"}
info: Connected to the database. {"timestamp":"2025-02-12T05:06:14.148Z"}
info: Server started at http://localhost:3000/api/v1/ {"timestamp":"2025-02-12T05:07:36.752Z"}
info: Connected to the database. {"timestamp":"2025-02-12T05:07:36.766Z"}
info: Server started at http://localhost:3000/api/v1/ {"timestamp":"2025-02-12T05:07:46.819Z"}
info: Connected to the database. {"timestamp":"2025-02-12T05:07:46.832Z"}
info: Server started at http://localhost:3000/api/v1/ {"timestamp":"2025-02-12T05:07:49.866Z"}
info: Connected to the database. {"timestamp":"2025-02-12T05:07:49.880Z"}
info: Server started at http://localhost:3000/api/v1/ {"timestamp":"2025-02-12T05:07:55.548Z"}
info: Connected to the database. {"timestamp":"2025-02-12T05:07:55.562Z"}
info: Server started at http://localhost:3000/api/v1/ {"timestamp":"2025-02-12T05:08:03.210Z"}
info: Connected to the database. {"timestamp":"2025-02-12T05:08:03.224Z"}
info: Server started at http://localhost:3000/api/v1/ {"timestamp":"2025-02-12T05:08:29.899Z"}
info: Connected to the database. {"timestamp":"2025-02-12T05:08:29.913Z"}
