error: uncaughtException: req.body is not a function
TypeError: req.body is not a function
    at _callee$ (C:\Users\ASUS\OneDrive\Desktop\BL_Backend\Fundoo-Notes\src\services\/user.service.js:3:56)
    at tryCatch (C:\Users\ASUS\OneDrive\Desktop\BL_Backend\Fundoo-Notes\node_modules\@babel\runtime\helpers\regeneratorRuntime.js:45:16)
    at Generator.<anonymous> (C:\Users\ASUS\OneDrive\Desktop\BL_Backend\Fundoo-Notes\node_modules\@babel\runtime\helpers\regeneratorRuntime.js:133:17)
    at Generator.next (C:\Users\ASUS\OneDrive\Desktop\BL_Backend\Fundoo-Notes\node_modules\@babel\runtime\helpers\regeneratorRuntime.js:74:21)
    at asyncGeneratorStep (C:\Users\ASUS\OneDrive\Desktop\BL_Backend\Fundoo-Notes\node_modules\@babel\runtime\helpers\asyncToGenerator.js:3:17)
    at _next (C:\Users\ASUS\OneDrive\Desktop\BL_Backend\Fundoo-Notes\node_modules\@babel\runtime\helpers\asyncToGenerator.js:17:9)
    at C:\Users\ASUS\OneDrive\Desktop\BL_Backend\Fundoo-Notes\node_modules\@babel\runtime\helpers\asyncToGenerator.js:22:7
    at new Promise (<anonymous>)
    at apply (C:\Users\ASUS\OneDrive\Desktop\BL_Backend\Fundoo-Notes\node_modules\@babel\runtime\helpers\asyncToGenerator.js:14:12)
    at apply (C:\Users\ASUS\OneDrive\Desktop\BL_Backend\Fundoo-Notes\src\services\/user.service.js:16:2)
    at UserService (C:\Users\ASUS\OneDrive\Desktop\BL_Backend\Fundoo-Notes\src\services\/user.service.js:1:34)
    at _callee$ (C:\Users\ASUS\OneDrive\Desktop\BL_Backend\Fundoo-Notes\src\controllers\/user.controller.js:4:34)
    at tryCatch (C:\Users\ASUS\OneDrive\Desktop\BL_Backend\Fundoo-Notes\node_modules\@babel\runtime\helpers\regeneratorRuntime.js:45:16)
    at Generator.<anonymous> (C:\Users\ASUS\OneDrive\Desktop\BL_Backend\Fundoo-Notes\node_modules\@babel\runtime\helpers\regeneratorRuntime.js:133:17)
    at Generator.next (C:\Users\ASUS\OneDrive\Desktop\BL_Backend\Fundoo-Notes\node_modules\@babel\runtime\helpers\regeneratorRuntime.js:74:21)
    at asyncGeneratorStep (C:\Users\ASUS\OneDrive\Desktop\BL_Backend\Fundoo-Notes\node_modules\@babel\runtime\helpers\asyncToGenerator.js:3:17)
    at _next (C:\Users\ASUS\OneDrive\Desktop\BL_Backend\Fundoo-Notes\node_modules\@babel\runtime\helpers\asyncToGenerator.js:17:9)
    at C:\Users\ASUS\OneDrive\Desktop\BL_Backend\Fundoo-Notes\node_modules\@babel\runtime\helpers\asyncToGenerator.js:22:7
    at new Promise (<anonymous>)
    at apply (C:\Users\ASUS\OneDrive\Desktop\BL_Backend\Fundoo-Notes\node_modules\@babel\runtime\helpers\asyncToGenerator.js:14:12)
    at apply (C:\Users\ASUS\OneDrive\Desktop\BL_Backend\Fundoo-Notes\src\controllers\/user.controller.js:11:2)
    at registerUser (C:\Users\ASUS\OneDrive\Desktop\BL_Backend\Fundoo-Notes\src\controllers\/user.controller.js:3:35)
    at Layer.handle [as handle_request] (C:\Users\ASUS\OneDrive\Desktop\BL_Backend\Fundoo-Notes\node_modules\express\lib\router\layer.js:95:5)
    at next (C:\Users\ASUS\OneDrive\Desktop\BL_Backend\Fundoo-Notes\node_modules\express\lib\router\route.js:149:13)
    at Route.dispatch (C:\Users\ASUS\OneDrive\Desktop\BL_Backend\Fundoo-Notes\node_modules\express\lib\router\route.js:119:3)
    at Layer.handle [as handle_request] (C:\Users\ASUS\OneDrive\Desktop\BL_Backend\Fundoo-Notes\node_modules\express\lib\router\layer.js:95:5)
    at C:\Users\ASUS\OneDrive\Desktop\BL_Backend\Fundoo-Notes\node_modules\express\lib\router\index.js:284:15
    at Function.process_params (C:\Users\ASUS\OneDrive\Desktop\BL_Backend\Fundoo-Notes\node_modules\express\lib\router\index.js:346:12)
    at next (C:\Users\ASUS\OneDrive\Desktop\BL_Backend\Fundoo-Notes\node_modules\express\lib\router\index.js:280:10)
    at Function.handle (C:\Users\ASUS\OneDrive\Desktop\BL_Backend\Fundoo-Notes\node_modules\express\lib\router\index.js:175:3)
    at router (C:\Users\ASUS\OneDrive\Desktop\BL_Backend\Fundoo-Notes\node_modules\express\lib\router\index.js:47:12)
    at Layer.handle [as handle_request] (C:\Users\ASUS\OneDrive\Desktop\BL_Backend\Fundoo-Notes\node_modules\express\lib\router\layer.js:95:5)
    at trim_prefix (C:\Users\ASUS\OneDrive\Desktop\BL_Backend\Fundoo-Notes\node_modules\express\lib\router\index.js:328:13)
    at C:\Users\ASUS\OneDrive\Desktop\BL_Backend\Fundoo-Notes\node_modules\express\lib\router\index.js:286:9
    at Function.process_params (C:\Users\ASUS\OneDrive\Desktop\BL_Backend\Fundoo-Notes\node_modules\express\lib\router\index.js:346:12)
    at next (C:\Users\ASUS\OneDrive\Desktop\BL_Backend\Fundoo-Notes\node_modules\express\lib\router\index.js:280:10)
    at Function.handle (C:\Users\ASUS\OneDrive\Desktop\BL_Backend\Fundoo-Notes\node_modules\express\lib\router\index.js:175:3)
    at router (C:\Users\ASUS\OneDrive\Desktop\BL_Backend\Fundoo-Notes\node_modules\express\lib\router\index.js:47:12)
    at Layer.handle [as handle_request] (C:\Users\ASUS\OneDrive\Desktop\BL_Backend\Fundoo-Notes\node_modules\express\lib\router\layer.js:95:5)
    at trim_prefix (C:\Users\ASUS\OneDrive\Desktop\BL_Backend\Fundoo-Notes\node_modules\express\lib\router\index.js:328:13)
    at C:\Users\ASUS\OneDrive\Desktop\BL_Backend\Fundoo-Notes\node_modules\express\lib\router\index.js:286:9
    at Function.process_params (C:\Users\ASUS\OneDrive\Desktop\BL_Backend\Fundoo-Notes\node_modules\express\lib\router\index.js:346:12)
    at next (C:\Users\ASUS\OneDrive\Desktop\BL_Backend\Fundoo-Notes\node_modules\express\lib\router\index.js:280:10)
    at logger (C:\Users\ASUS\OneDrive\Desktop\BL_Backend\Fundoo-Notes\node_modules\morgan\index.js:144:5)
    at Layer.handle [as handle_request] (C:\Users\ASUS\OneDrive\Desktop\BL_Backend\Fundoo-Notes\node_modules\express\lib\router\layer.js:95:5)
    at trim_prefix (C:\Users\ASUS\OneDrive\Desktop\BL_Backend\Fundoo-Notes\node_modules\express\lib\router\index.js:328:13)
    at C:\Users\ASUS\OneDrive\Desktop\BL_Backend\Fundoo-Notes\node_modules\express\lib\router\index.js:286:9
    at Function.process_params (C:\Users\ASUS\OneDrive\Desktop\BL_Backend\Fundoo-Notes\node_modules\express\lib\router\index.js:346:12)
    at next (C:\Users\ASUS\OneDrive\Desktop\BL_Backend\Fundoo-Notes\node_modules\express\lib\router\index.js:280:10)
    at C:\Users\ASUS\OneDrive\Desktop\BL_Backend\Fundoo-Notes\node_modules\body-parser\lib\read.js:137:5
    at AsyncResource.runInAsyncScope (node:async_hooks:211:14)
    at invokeCallback (C:\Users\ASUS\OneDrive\Desktop\BL_Backend\Fundoo-Notes\node_modules\raw-body\index.js:238:16)
    at done (C:\Users\ASUS\OneDrive\Desktop\BL_Backend\Fundoo-Notes\node_modules\raw-body\index.js:227:7)
    at IncomingMessage.onEnd (C:\Users\ASUS\OneDrive\Desktop\BL_Backend\Fundoo-Notes\node_modules\raw-body\index.js:287:7)
    at IncomingMessage.emit (node:events:518:28)
    at IncomingMessage.emit (node:domain:489:12) {"date":"Wed Feb 12 2025 00:09:47 GMT+0530 (India Standard Time)","error":{},"exception":true,"os":{"loadavg":[0,0,0],"uptime":657336.031},"process":{"argv":["node","C:\\Users\\ASUS\\OneDrive\\Desktop\\BL_Backend\\Fundoo-Notes\\src\\index.js"],"cwd":"C:\\Users\\ASUS\\OneDrive\\Desktop\\BL_Backend\\Fundoo-Notes","execPath":"C:\\Program Files\\nodejs\\node.exe","gid":null,"memoryUsage":{"arrayBuffers":18262450,"external":21306837,"heapTotal":48570368,"heapUsed":45752152,"rss":92499968},"pid":8772,"uid":null,"version":"v22.11.0"},"stack":"TypeError: req.body is not a function\n    at _callee$ (C:\\Users\\ASUS\\OneDrive\\Desktop\\BL_Backend\\Fundoo-Notes\\src\\services\\/user.service.js:3:56)\n    at tryCatch (C:\\Users\\ASUS\\OneDrive\\Desktop\\BL_Backend\\Fundoo-Notes\\node_modules\\@babel\\runtime\\helpers\\regeneratorRuntime.js:45:16)\n    at Generator.<anonymous> (C:\\Users\\ASUS\\OneDrive\\Desktop\\BL_Backend\\Fundoo-Notes\\node_modules\\@babel\\runtime\\helpers\\regeneratorRuntime.js:133:17)\n    at Generator.next (C:\\Users\\ASUS\\OneDrive\\Desktop\\BL_Backend\\Fundoo-Notes\\node_modules\\@babel\\runtime\\helpers\\regeneratorRuntime.js:74:21)\n    at asyncGeneratorStep (C:\\Users\\ASUS\\OneDrive\\Desktop\\BL_Backend\\Fundoo-Notes\\node_modules\\@babel\\runtime\\helpers\\asyncToGenerator.js:3:17)\n    at _next (C:\\Users\\ASUS\\OneDrive\\Desktop\\BL_Backend\\Fundoo-Notes\\node_modules\\@babel\\runtime\\helpers\\asyncToGenerator.js:17:9)\n    at C:\\Users\\ASUS\\OneDrive\\Desktop\\BL_Backend\\Fundoo-Notes\\node_modules\\@babel\\runtime\\helpers\\asyncToGenerator.js:22:7\n    at new Promise (<anonymous>)\n    at apply (C:\\Users\\ASUS\\OneDrive\\Desktop\\BL_Backend\\Fundoo-Notes\\node_modules\\@babel\\runtime\\helpers\\asyncToGenerator.js:14:12)\n    at apply (C:\\Users\\ASUS\\OneDrive\\Desktop\\BL_Backend\\Fundoo-Notes\\src\\services\\/user.service.js:16:2)\n    at UserService (C:\\Users\\ASUS\\OneDrive\\Desktop\\BL_Backend\\Fundoo-Notes\\src\\services\\/user.service.js:1:34)\n    at _callee$ (C:\\Users\\ASUS\\OneDrive\\Desktop\\BL_Backend\\Fundoo-Notes\\src\\controllers\\/user.controller.js:4:34)\n    at tryCatch (C:\\Users\\ASUS\\OneDrive\\Desktop\\BL_Backend\\Fundoo-Notes\\node_modules\\@babel\\runtime\\helpers\\regeneratorRuntime.js:45:16)\n    at Generator.<anonymous> (C:\\Users\\ASUS\\OneDrive\\Desktop\\BL_Backend\\Fundoo-Notes\\node_modules\\@babel\\runtime\\helpers\\regeneratorRuntime.js:133:17)\n    at Generator.next (C:\\Users\\ASUS\\OneDrive\\Desktop\\BL_Backend\\Fundoo-Notes\\node_modules\\@babel\\runtime\\helpers\\regeneratorRuntime.js:74:21)\n    at asyncGeneratorStep (C:\\Users\\ASUS\\OneDrive\\Desktop\\BL_Backend\\Fundoo-Notes\\node_modules\\@babel\\runtime\\helpers\\asyncToGenerator.js:3:17)\n    at _next (C:\\Users\\ASUS\\OneDrive\\Desktop\\BL_Backend\\Fundoo-Notes\\node_modules\\@babel\\runtime\\helpers\\asyncToGenerator.js:17:9)\n    at C:\\Users\\ASUS\\OneDrive\\Desktop\\BL_Backend\\Fundoo-Notes\\node_modules\\@babel\\runtime\\helpers\\asyncToGenerator.js:22:7\n    at new Promise (<anonymous>)\n    at apply (C:\\Users\\ASUS\\OneDrive\\Desktop\\BL_Backend\\Fundoo-Notes\\node_modules\\@babel\\runtime\\helpers\\asyncToGenerator.js:14:12)\n    at apply (C:\\Users\\ASUS\\OneDrive\\Desktop\\BL_Backend\\Fundoo-Notes\\src\\controllers\\/user.controller.js:11:2)\n    at registerUser (C:\\Users\\ASUS\\OneDrive\\Desktop\\BL_Backend\\Fundoo-Notes\\src\\controllers\\/user.controller.js:3:35)\n    at Layer.handle [as handle_request] (C:\\Users\\ASUS\\OneDrive\\Desktop\\BL_Backend\\Fundoo-Notes\\node_modules\\express\\lib\\router\\layer.js:95:5)\n    at next (C:\\Users\\ASUS\\OneDrive\\Desktop\\BL_Backend\\Fundoo-Notes\\node_modules\\express\\lib\\router\\route.js:149:13)\n    at Route.dispatch (C:\\Users\\ASUS\\OneDrive\\Desktop\\BL_Backend\\Fundoo-Notes\\node_modules\\express\\lib\\router\\route.js:119:3)\n    at Layer.handle [as handle_request] (C:\\Users\\ASUS\\OneDrive\\Desktop\\BL_Backend\\Fundoo-Notes\\node_modules\\express\\lib\\router\\layer.js:95:5)\n    at C:\\Users\\ASUS\\OneDrive\\Desktop\\BL_Backend\\Fundoo-Notes\\node_modules\\express\\lib\\router\\index.js:284:15\n    at Function.process_params (C:\\Users\\ASUS\\OneDrive\\Desktop\\BL_Backend\\Fundoo-Notes\\node_modules\\express\\lib\\router\\index.js:346:12)\n    at next (C:\\Users\\ASUS\\OneDrive\\Desktop\\BL_Backend\\Fundoo-Notes\\node_modules\\express\\lib\\router\\index.js:280:10)\n    at Function.handle (C:\\Users\\ASUS\\OneDrive\\Desktop\\BL_Backend\\Fundoo-Notes\\node_modules\\express\\lib\\router\\index.js:175:3)\n    at router (C:\\Users\\ASUS\\OneDrive\\Desktop\\BL_Backend\\Fundoo-Notes\\node_modules\\express\\lib\\router\\index.js:47:12)\n    at Layer.handle [as handle_request] (C:\\Users\\ASUS\\OneDrive\\Desktop\\BL_Backend\\Fundoo-Notes\\node_modules\\express\\lib\\router\\layer.js:95:5)\n    at trim_prefix (C:\\Users\\ASUS\\OneDrive\\Desktop\\BL_Backend\\Fundoo-Notes\\node_modules\\express\\lib\\router\\index.js:328:13)\n    at C:\\Users\\ASUS\\OneDrive\\Desktop\\BL_Backend\\Fundoo-Notes\\node_modules\\express\\lib\\router\\index.js:286:9\n    at Function.process_params (C:\\Users\\ASUS\\OneDrive\\Desktop\\BL_Backend\\Fundoo-Notes\\node_modules\\express\\lib\\router\\index.js:346:12)\n    at next (C:\\Users\\ASUS\\OneDrive\\Desktop\\BL_Backend\\Fundoo-Notes\\node_modules\\express\\lib\\router\\index.js:280:10)\n    at Function.handle (C:\\Users\\ASUS\\OneDrive\\Desktop\\BL_Backend\\Fundoo-Notes\\node_modules\\express\\lib\\router\\index.js:175:3)\n    at router (C:\\Users\\ASUS\\OneDrive\\Desktop\\BL_Backend\\Fundoo-Notes\\node_modules\\express\\lib\\router\\index.js:47:12)\n    at Layer.handle [as handle_request] (C:\\Users\\ASUS\\OneDrive\\Desktop\\BL_Backend\\Fundoo-Notes\\node_modules\\express\\lib\\router\\layer.js:95:5)\n    at trim_prefix (C:\\Users\\ASUS\\OneDrive\\Desktop\\BL_Backend\\Fundoo-Notes\\node_modules\\express\\lib\\router\\index.js:328:13)\n    at C:\\Users\\ASUS\\OneDrive\\Desktop\\BL_Backend\\Fundoo-Notes\\node_modules\\express\\lib\\router\\index.js:286:9\n    at Function.process_params (C:\\Users\\ASUS\\OneDrive\\Desktop\\BL_Backend\\Fundoo-Notes\\node_modules\\express\\lib\\router\\index.js:346:12)\n    at next (C:\\Users\\ASUS\\OneDrive\\Desktop\\BL_Backend\\Fundoo-Notes\\node_modules\\express\\lib\\router\\index.js:280:10)\n    at logger (C:\\Users\\ASUS\\OneDrive\\Desktop\\BL_Backend\\Fundoo-Notes\\node_modules\\morgan\\index.js:144:5)\n    at Layer.handle [as handle_request] (C:\\Users\\ASUS\\OneDrive\\Desktop\\BL_Backend\\Fundoo-Notes\\node_modules\\express\\lib\\router\\layer.js:95:5)\n    at trim_prefix (C:\\Users\\ASUS\\OneDrive\\Desktop\\BL_Backend\\Fundoo-Notes\\node_modules\\express\\lib\\router\\index.js:328:13)\n    at C:\\Users\\ASUS\\OneDrive\\Desktop\\BL_Backend\\Fundoo-Notes\\node_modules\\express\\lib\\router\\index.js:286:9\n    at Function.process_params (C:\\Users\\ASUS\\OneDrive\\Desktop\\BL_Backend\\Fundoo-Notes\\node_modules\\express\\lib\\router\\index.js:346:12)\n    at next (C:\\Users\\ASUS\\OneDrive\\Desktop\\BL_Backend\\Fundoo-Notes\\node_modules\\express\\lib\\router\\index.js:280:10)\n    at C:\\Users\\ASUS\\OneDrive\\Desktop\\BL_Backend\\Fundoo-Notes\\node_modules\\body-parser\\lib\\read.js:137:5\n    at AsyncResource.runInAsyncScope (node:async_hooks:211:14)\n    at invokeCallback (C:\\Users\\ASUS\\OneDrive\\Desktop\\BL_Backend\\Fundoo-Notes\\node_modules\\raw-body\\index.js:238:16)\n    at done (C:\\Users\\ASUS\\OneDrive\\Desktop\\BL_Backend\\Fundoo-Notes\\node_modules\\raw-body\\index.js:227:7)\n    at IncomingMessage.onEnd (C:\\Users\\ASUS\\OneDrive\\Desktop\\BL_Backend\\Fundoo-Notes\\node_modules\\raw-body\\index.js:287:7)\n    at IncomingMessage.emit (node:events:518:28)\n    at IncomingMessage.emit (node:domain:489:12)","timestamp":"2025-02-11T18:39:47.546Z","trace":[{"column":56,"file":"C:\\Users\\ASUS\\OneDrive\\Desktop\\BL_Backend\\Fundoo-Notes\\src\\services\\/user.service.js","function":"_callee$","line":3,"method":null,"native":false},{"column":16,"file":"C:\\Users\\ASUS\\OneDrive\\Desktop\\BL_Backend\\Fundoo-Notes\\node_modules\\@babel\\runtime\\helpers\\regeneratorRuntime.js","function":"tryCatch","line":45,"method":null,"native":false},{"column":17,"file":"C:\\Users\\ASUS\\OneDrive\\Desktop\\BL_Backend\\Fundoo-Notes\\node_modules\\@babel\\runtime\\helpers\\regeneratorRuntime.js","function":null,"line":133,"method":null,"native":false},{"column":21,"file":"C:\\Users\\ASUS\\OneDrive\\Desktop\\BL_Backend\\Fundoo-Notes\\node_modules\\@babel\\runtime\\helpers\\regeneratorRuntime.js","function":"Generator.next","line":74,"method":"next","native":false},{"column":17,"file":"C:\\Users\\ASUS\\OneDrive\\Desktop\\BL_Backend\\Fundoo-Notes\\node_modules\\@babel\\runtime\\helpers\\asyncToGenerator.js","function":"asyncGeneratorStep","line":3,"method":null,"native":false},{"column":9,"file":"C:\\Users\\ASUS\\OneDrive\\Desktop\\BL_Backend\\Fundoo-Notes\\node_modules\\@babel\\runtime\\helpers\\asyncToGenerator.js","function":"_next","line":17,"method":null,"native":false},{"column":7,"file":"C:\\Users\\ASUS\\OneDrive\\Desktop\\BL_Backend\\Fundoo-Notes\\node_modules\\@babel\\runtime\\helpers\\asyncToGenerator.js","function":null,"line":22,"method":null,"native":false},{"column":null,"file":null,"function":"new Promise","line":null,"method":null,"native":false},{"column":12,"file":"C:\\Users\\ASUS\\OneDrive\\Desktop\\BL_Backend\\Fundoo-Notes\\node_modules\\@babel\\runtime\\helpers\\asyncToGenerator.js","function":"apply","line":14,"method":null,"native":false},{"column":2,"file":"C:\\Users\\ASUS\\OneDrive\\Desktop\\BL_Backend\\Fundoo-Notes\\src\\services\\/user.service.js","function":"apply","line":16,"method":null,"native":false},{"column":34,"file":"C:\\Users\\ASUS\\OneDrive\\Desktop\\BL_Backend\\Fundoo-Notes\\src\\services\\/user.service.js","function":"UserService","line":1,"method":null,"native":false},{"column":34,"file":"C:\\Users\\ASUS\\OneDrive\\Desktop\\BL_Backend\\Fundoo-Notes\\src\\controllers\\/user.controller.js","function":"_callee$","line":4,"method":null,"native":false},{"column":16,"file":"C:\\Users\\ASUS\\OneDrive\\Desktop\\BL_Backend\\Fundoo-Notes\\node_modules\\@babel\\runtime\\helpers\\regeneratorRuntime.js","function":"tryCatch","line":45,"method":null,"native":false},{"column":17,"file":"C:\\Users\\ASUS\\OneDrive\\Desktop\\BL_Backend\\Fundoo-Notes\\node_modules\\@babel\\runtime\\helpers\\regeneratorRuntime.js","function":null,"line":133,"method":null,"native":false},{"column":21,"file":"C:\\Users\\ASUS\\OneDrive\\Desktop\\BL_Backend\\Fundoo-Notes\\node_modules\\@babel\\runtime\\helpers\\regeneratorRuntime.js","function":"Generator.next","line":74,"method":"next","native":false},{"column":17,"file":"C:\\Users\\ASUS\\OneDrive\\Desktop\\BL_Backend\\Fundoo-Notes\\node_modules\\@babel\\runtime\\helpers\\asyncToGenerator.js","function":"asyncGeneratorStep","line":3,"method":null,"native":false},{"column":9,"file":"C:\\Users\\ASUS\\OneDrive\\Desktop\\BL_Backend\\Fundoo-Notes\\node_modules\\@babel\\runtime\\helpers\\asyncToGenerator.js","function":"_next","line":17,"method":null,"native":false},{"column":7,"file":"C:\\Users\\ASUS\\OneDrive\\Desktop\\BL_Backend\\Fundoo-Notes\\node_modules\\@babel\\runtime\\helpers\\asyncToGenerator.js","function":null,"line":22,"method":null,"native":false},{"column":null,"file":null,"function":"new Promise","line":null,"method":null,"native":false},{"column":12,"file":"C:\\Users\\ASUS\\OneDrive\\Desktop\\BL_Backend\\Fundoo-Notes\\node_modules\\@babel\\runtime\\helpers\\asyncToGenerator.js","function":"apply","line":14,"method":null,"native":false},{"column":2,"file":"C:\\Users\\ASUS\\OneDrive\\Desktop\\BL_Backend\\Fundoo-Notes\\src\\controllers\\/user.controller.js","function":"apply","line":11,"method":null,"native":false},{"column":35,"file":"C:\\Users\\ASUS\\OneDrive\\Desktop\\BL_Backend\\Fundoo-Notes\\src\\controllers\\/user.controller.js","function":"registerUser","line":3,"method":null,"native":false},{"column":5,"file":"C:\\Users\\ASUS\\OneDrive\\Desktop\\BL_Backend\\Fundoo-Notes\\node_modules\\express\\lib\\router\\layer.js","function":"Layer.handle [as handle_request]","line":95,"method":"handle [as handle_request]","native":false},{"column":13,"file":"C:\\Users\\ASUS\\OneDrive\\Desktop\\BL_Backend\\Fundoo-Notes\\node_modules\\express\\lib\\router\\route.js","function":"next","line":149,"method":null,"native":false},{"column":3,"file":"C:\\Users\\ASUS\\OneDrive\\Desktop\\BL_Backend\\Fundoo-Notes\\node_modules\\express\\lib\\router\\route.js","function":"Route.dispatch","line":119,"method":"dispatch","native":false},{"column":5,"file":"C:\\Users\\ASUS\\OneDrive\\Desktop\\BL_Backend\\Fundoo-Notes\\node_modules\\express\\lib\\router\\layer.js","function":"Layer.handle [as handle_request]","line":95,"method":"handle [as handle_request]","native":false},{"column":15,"file":"C:\\Users\\ASUS\\OneDrive\\Desktop\\BL_Backend\\Fundoo-Notes\\node_modules\\express\\lib\\router\\index.js","function":null,"line":284,"method":null,"native":false},{"column":12,"file":"C:\\Users\\ASUS\\OneDrive\\Desktop\\BL_Backend\\Fundoo-Notes\\node_modules\\express\\lib\\router\\index.js","function":"Function.process_params","line":346,"method":"process_params","native":false},{"column":10,"file":"C:\\Users\\ASUS\\OneDrive\\Desktop\\BL_Backend\\Fundoo-Notes\\node_modules\\express\\lib\\router\\index.js","function":"next","line":280,"method":null,"native":false},{"column":3,"file":"C:\\Users\\ASUS\\OneDrive\\Desktop\\BL_Backend\\Fundoo-Notes\\node_modules\\express\\lib\\router\\index.js","function":"Function.handle","line":175,"method":"handle","native":false},{"column":12,"file":"C:\\Users\\ASUS\\OneDrive\\Desktop\\BL_Backend\\Fundoo-Notes\\node_modules\\express\\lib\\router\\index.js","function":"router","line":47,"method":null,"native":false},{"column":5,"file":"C:\\Users\\ASUS\\OneDrive\\Desktop\\BL_Backend\\Fundoo-Notes\\node_modules\\express\\lib\\router\\layer.js","function":"Layer.handle [as handle_request]","line":95,"method":"handle [as handle_request]","native":false},{"column":13,"file":"C:\\Users\\ASUS\\OneDrive\\Desktop\\BL_Backend\\Fundoo-Notes\\node_modules\\express\\lib\\router\\index.js","function":"trim_prefix","line":328,"method":null,"native":false},{"column":9,"file":"C:\\Users\\ASUS\\OneDrive\\Desktop\\BL_Backend\\Fundoo-Notes\\node_modules\\express\\lib\\router\\index.js","function":null,"line":286,"method":null,"native":false},{"column":12,"file":"C:\\Users\\ASUS\\OneDrive\\Desktop\\BL_Backend\\Fundoo-Notes\\node_modules\\express\\lib\\router\\index.js","function":"Function.process_params","line":346,"method":"process_params","native":false},{"column":10,"file":"C:\\Users\\ASUS\\OneDrive\\Desktop\\BL_Backend\\Fundoo-Notes\\node_modules\\express\\lib\\router\\index.js","function":"next","line":280,"method":null,"native":false},{"column":3,"file":"C:\\Users\\ASUS\\OneDrive\\Desktop\\BL_Backend\\Fundoo-Notes\\node_modules\\express\\lib\\router\\index.js","function":"Function.handle","line":175,"method":"handle","native":false},{"column":12,"file":"C:\\Users\\ASUS\\OneDrive\\Desktop\\BL_Backend\\Fundoo-Notes\\node_modules\\express\\lib\\router\\index.js","function":"router","line":47,"method":null,"native":false},{"column":5,"file":"C:\\Users\\ASUS\\OneDrive\\Desktop\\BL_Backend\\Fundoo-Notes\\node_modules\\express\\lib\\router\\layer.js","function":"Layer.handle [as handle_request]","line":95,"method":"handle [as handle_request]","native":false},{"column":13,"file":"C:\\Users\\ASUS\\OneDrive\\Desktop\\BL_Backend\\Fundoo-Notes\\node_modules\\express\\lib\\router\\index.js","function":"trim_prefix","line":328,"method":null,"native":false},{"column":9,"file":"C:\\Users\\ASUS\\OneDrive\\Desktop\\BL_Backend\\Fundoo-Notes\\node_modules\\express\\lib\\router\\index.js","function":null,"line":286,"method":null,"native":false},{"column":12,"file":"C:\\Users\\ASUS\\OneDrive\\Desktop\\BL_Backend\\Fundoo-Notes\\node_modules\\express\\lib\\router\\index.js","function":"Function.process_params","line":346,"method":"process_params","native":false},{"column":10,"file":"C:\\Users\\ASUS\\OneDrive\\Desktop\\BL_Backend\\Fundoo-Notes\\node_modules\\express\\lib\\router\\index.js","function":"next","line":280,"method":null,"native":false},{"column":5,"file":"C:\\Users\\ASUS\\OneDrive\\Desktop\\BL_Backend\\Fundoo-Notes\\node_modules\\morgan\\index.js","function":"logger","line":144,"method":null,"native":false},{"column":5,"file":"C:\\Users\\ASUS\\OneDrive\\Desktop\\BL_Backend\\Fundoo-Notes\\node_modules\\express\\lib\\router\\layer.js","function":"Layer.handle [as handle_request]","line":95,"method":"handle [as handle_request]","native":false},{"column":13,"file":"C:\\Users\\ASUS\\OneDrive\\Desktop\\BL_Backend\\Fundoo-Notes\\node_modules\\express\\lib\\router\\index.js","function":"trim_prefix","line":328,"method":null,"native":false},{"column":9,"file":"C:\\Users\\ASUS\\OneDrive\\Desktop\\BL_Backend\\Fundoo-Notes\\node_modules\\express\\lib\\router\\index.js","function":null,"line":286,"method":null,"native":false},{"column":12,"file":"C:\\Users\\ASUS\\OneDrive\\Desktop\\BL_Backend\\Fundoo-Notes\\node_modules\\express\\lib\\router\\index.js","function":"Function.process_params","line":346,"method":"process_params","native":false},{"column":10,"file":"C:\\Users\\ASUS\\OneDrive\\Desktop\\BL_Backend\\Fundoo-Notes\\node_modules\\express\\lib\\router\\index.js","function":"next","line":280,"method":null,"native":false},{"column":5,"file":"C:\\Users\\ASUS\\OneDrive\\Desktop\\BL_Backend\\Fundoo-Notes\\node_modules\\body-parser\\lib\\read.js","function":null,"line":137,"method":null,"native":false},{"column":14,"file":"node:async_hooks","function":"AsyncResource.runInAsyncScope","line":211,"method":"runInAsyncScope","native":false},{"column":16,"file":"C:\\Users\\ASUS\\OneDrive\\Desktop\\BL_Backend\\Fundoo-Notes\\node_modules\\raw-body\\index.js","function":"invokeCallback","line":238,"method":null,"native":false},{"column":7,"file":"C:\\Users\\ASUS\\OneDrive\\Desktop\\BL_Backend\\Fundoo-Notes\\node_modules\\raw-body\\index.js","function":"done","line":227,"method":null,"native":false},{"column":7,"file":"C:\\Users\\ASUS\\OneDrive\\Desktop\\BL_Backend\\Fundoo-Notes\\node_modules\\raw-body\\index.js","function":"IncomingMessage.onEnd","line":287,"method":"onEnd","native":false},{"column":28,"file":"node:events","function":"IncomingMessage.emit","line":518,"method":"emit","native":false},{"column":12,"file":"node:domain","function":"IncomingMessage.emit","line":489,"method":"emit","native":false}]}
error: uncaughtException: Email already exists
Error: Email already exists
    at _callee$ (C:\Users\ASUS\OneDrive\Desktop\BL_Backend\Fundoo-Notes\src\services\/user.service.js:13:13)
    at tryCatch (C:\Users\ASUS\OneDrive\Desktop\BL_Backend\Fundoo-Notes\node_modules\@babel\runtime\helpers\regeneratorRuntime.js:45:16)
    at Generator.<anonymous> (C:\Users\ASUS\OneDrive\Desktop\BL_Backend\Fundoo-Notes\node_modules\@babel\runtime\helpers\regeneratorRuntime.js:133:17)
    at Generator.next (C:\Users\ASUS\OneDrive\Desktop\BL_Backend\Fundoo-Notes\node_modules\@babel\runtime\helpers\regeneratorRuntime.js:74:21)
    at asyncGeneratorStep (C:\Users\ASUS\OneDrive\Desktop\BL_Backend\Fundoo-Notes\node_modules\@babel\runtime\helpers\asyncToGenerator.js:3:17)
    at _next (C:\Users\ASUS\OneDrive\Desktop\BL_Backend\Fundoo-Notes\node_modules\@babel\runtime\helpers\asyncToGenerator.js:17:9)
    at processTicksAndRejections (node:internal/process/task_queues:105:5) {"date":"Wed Feb 12 2025 00:19:42 GMT+0530 (India Standard Time)","error":{},"exception":true,"os":{"loadavg":[0,0,0],"uptime":657931.421},"process":{"argv":["node","C:\\Users\\ASUS\\OneDrive\\Desktop\\BL_Backend\\Fundoo-Notes\\src\\index.js"],"cwd":"C:\\Users\\ASUS\\OneDrive\\Desktop\\BL_Backend\\Fundoo-Notes","execPath":"C:\\Program Files\\nodejs\\node.exe","gid":null,"memoryUsage":{"arrayBuffers":18272586,"external":21313860,"heapTotal":95313920,"heapUsed":55670552,"rss":137326592},"pid":10628,"uid":null,"version":"v22.11.0"},"stack":"Error: Email already exists\n    at _callee$ (C:\\Users\\ASUS\\OneDrive\\Desktop\\BL_Backend\\Fundoo-Notes\\src\\services\\/user.service.js:13:13)\n    at tryCatch (C:\\Users\\ASUS\\OneDrive\\Desktop\\BL_Backend\\Fundoo-Notes\\node_modules\\@babel\\runtime\\helpers\\regeneratorRuntime.js:45:16)\n    at Generator.<anonymous> (C:\\Users\\ASUS\\OneDrive\\Desktop\\BL_Backend\\Fundoo-Notes\\node_modules\\@babel\\runtime\\helpers\\regeneratorRuntime.js:133:17)\n    at Generator.next (C:\\Users\\ASUS\\OneDrive\\Desktop\\BL_Backend\\Fundoo-Notes\\node_modules\\@babel\\runtime\\helpers\\regeneratorRuntime.js:74:21)\n    at asyncGeneratorStep (C:\\Users\\ASUS\\OneDrive\\Desktop\\BL_Backend\\Fundoo-Notes\\node_modules\\@babel\\runtime\\helpers\\asyncToGenerator.js:3:17)\n    at _next (C:\\Users\\ASUS\\OneDrive\\Desktop\\BL_Backend\\Fundoo-Notes\\node_modules\\@babel\\runtime\\helpers\\asyncToGenerator.js:17:9)\n    at processTicksAndRejections (node:internal/process/task_queues:105:5)","timestamp":"2025-02-11T18:49:42.931Z","trace":[{"column":13,"file":"C:\\Users\\ASUS\\OneDrive\\Desktop\\BL_Backend\\Fundoo-Notes\\src\\services\\/user.service.js","function":"_callee$","line":13,"method":null,"native":false},{"column":16,"file":"C:\\Users\\ASUS\\OneDrive\\Desktop\\BL_Backend\\Fundoo-Notes\\node_modules\\@babel\\runtime\\helpers\\regeneratorRuntime.js","function":"tryCatch","line":45,"method":null,"native":false},{"column":17,"file":"C:\\Users\\ASUS\\OneDrive\\Desktop\\BL_Backend\\Fundoo-Notes\\node_modules\\@babel\\runtime\\helpers\\regeneratorRuntime.js","function":null,"line":133,"method":null,"native":false},{"column":21,"file":"C:\\Users\\ASUS\\OneDrive\\Desktop\\BL_Backend\\Fundoo-Notes\\node_modules\\@babel\\runtime\\helpers\\regeneratorRuntime.js","function":"Generator.next","line":74,"method":"next","native":false},{"column":17,"file":"C:\\Users\\ASUS\\OneDrive\\Desktop\\BL_Backend\\Fundoo-Notes\\node_modules\\@babel\\runtime\\helpers\\asyncToGenerator.js","function":"asyncGeneratorStep","line":3,"method":null,"native":false},{"column":9,"file":"C:\\Users\\ASUS\\OneDrive\\Desktop\\BL_Backend\\Fundoo-Notes\\node_modules\\@babel\\runtime\\helpers\\asyncToGenerator.js","function":"_next","line":17,"method":null,"native":false},{"column":5,"file":"node:internal/process/task_queues","function":"processTicksAndRejections","line":105,"method":null,"native":false}]}
error: 
    status - 500 
    message - ValidationError: "email" must be a valid email 
    url - /api/v1/users/register 
    method - POST 
    IP - ::1
   {"timestamp":"2025-02-11T19:03:00.951Z"}
error: 
    status - 500 
    message - ValidationError: "password" length must be at least 8 characters long 
    url - /api/v1/users/register 
    method - POST 
    IP - ::1
   {"timestamp":"2025-02-11T19:03:28.794Z"}
error: 
    status - 500 
    message - ValidationError: "password" length must be at least 8 characters long 
    url - /api/v1/users/login 
    method - POST 
    IP - ::1
   {"timestamp":"2025-02-11T19:15:40.106Z"}
error: 
    status - 500 
    message - ValidationError: "name" is required 
    url - /api/v1/users/login 
    method - POST 
    IP - ::1
   {"timestamp":"2025-02-11T19:15:52.026Z"}
error: 
    status - 500 
    message - ValidationError: "password" is not allowed 
    url - /api/v1/users/login 
    method - POST 
    IP - ::1
   {"timestamp":"2025-02-11T19:18:08.878Z"}
error: 
    status - 500 
    message - ValidationError: "password" length must be at least 8 characters long 
    url - /api/v1/users/login 
    method - POST 
    IP - ::1
   {"timestamp":"2025-02-11T19:18:55.154Z"}
error: 
    status - 500 
    message - ValidationError: "name" is required 
    url - /api/v1/users/register 
    method - POST 
    IP - ::1
   {"timestamp":"2025-02-11T19:19:44.635Z"}
error: 
    status - 500 
    message - ValidationError: "name" is required 
    url - /api/v1/users/register 
    method - POST 
    IP - ::1
   {"timestamp":"2025-02-12T04:23:59.762Z"}
error: 
    status - 500 
    message - ValidationError: "email" must be a valid email 
    url - /api/v1/users/login 
    method - POST 
    IP - ::1
   {"timestamp":"2025-02-12T04:25:11.425Z"}
