info: ::1 - - [11/Feb/2025:04:37:26 +0000] "GET / HTTP/1.1" 404 47 "-" "Mozilla/5.0 (Windows NT 10.0; Win64; x64) AppleWebKit/537.36 (KHTML, like Gecko) Chrome/132.0.0.0 Safari/537.36"

info: ::1 - - [11/Feb/2025:04:37:26 +0000] "GET /favicon.ico HTTP/1.1" 404 47 "-" "Mozilla/5.0 (Windows NT 10.0; Win64; x64) AppleWebKit/537.36 (KHTML, like Gecko) Chrome/132.0.0.0 Safari/537.36"

info: ::1 - - [11/Feb/2025:04:37:39 +0000] "GET /api/v1 HTTP/1.1" 200 9 "-" "Mozilla/5.0 (Windows NT 10.0; Win64; x64) AppleWebKit/537.36 (KHTML, like Gecko) Chrome/132.0.0.0 Safari/537.36"

error: uncaughtException: req.body is not a function
TypeError: req.body is not a function
    at _callee$ (C:\Users\ASUS\OneDrive\Desktop\BL_Backend\Fundoo-Notes\src\services\/user.service.js:3:56)
    at tryCatch (C:\Users\ASUS\OneDrive\Desktop\BL_Backend\Fundoo-Notes\node_modules\@babel\runtime\helpers\regeneratorRuntime.js:45:16)
    at Generator.<anonymous> (C:\Users\ASUS\OneDrive\Desktop\BL_Backend\Fundoo-Notes\node_modules\@babel\runtime\helpers\regeneratorRuntime.js:133:17)
    at Generator.next (C:\Users\ASUS\OneDrive\Desktop\BL_Backend\Fundoo-Notes\node_modules\@babel\runtime\helpers\regeneratorRuntime.js:74:21)
    at asyncGeneratorStep (C:\Users\ASUS\OneDrive\Desktop\BL_Backend\Fundoo-Notes\node_modules\@babel\runtime\helpers\asyncToGenerator.js:3:17)
    at _next (C:\Users\ASUS\OneDrive\Desktop\BL_Backend\Fundoo-Notes\node_modules\@babel\runtime\helpers\asyncToGenerator.js:17:9)
    at C:\Users\ASUS\OneDrive\Desktop\BL_Backend\Fundoo-Notes\node_modules\@babel\runtime\helpers\asyncToGenerator.js:22:7
    at new Promise (<anonymous>)
    at apply (C:\Users\ASUS\OneDrive\Desktop\BL_Backend\Fundoo-Notes\node_modules\@babel\runtime\helpers\asyncToGenerator.js:14:12)
    at apply (C:\Users\ASUS\OneDrive\Desktop\BL_Backend\Fundoo-Notes\src\services\/user.service.js:16:2)
    at UserService (C:\Users\ASUS\OneDrive\Desktop\BL_Backend\Fundoo-Notes\src\services\/user.service.js:1:34)
    at _callee$ (C:\Users\ASUS\OneDrive\Desktop\BL_Backend\Fundoo-Notes\src\controllers\/user.controller.js:4:34)
    at tryCatch (C:\Users\ASUS\OneDrive\Desktop\BL_Backend\Fundoo-Notes\node_modules\@babel\runtime\helpers\regeneratorRuntime.js:45:16)
    at Generator.<anonymous> (C:\Users\ASUS\OneDrive\Desktop\BL_Backend\Fundoo-Notes\node_modules\@babel\runtime\helpers\regeneratorRuntime.js:133:17)
    at Generator.next (C:\Users\ASUS\OneDrive\Desktop\BL_Backend\Fundoo-Notes\node_modules\@babel\runtime\helpers\regeneratorRuntime.js:74:21)
    at asyncGeneratorStep (C:\Users\ASUS\OneDrive\Desktop\BL_Backend\Fundoo-Notes\node_modules\@babel\runtime\helpers\asyncToGenerator.js:3:17)
    at _next (C:\Users\ASUS\OneDrive\Desktop\BL_Backend\Fundoo-Notes\node_modules\@babel\runtime\helpers\asyncToGenerator.js:17:9)
    at C:\Users\ASUS\OneDrive\Desktop\BL_Backend\Fundoo-Notes\node_modules\@babel\runtime\helpers\asyncToGenerator.js:22:7
    at new Promise (<anonymous>)
    at apply (C:\Users\ASUS\OneDrive\Desktop\BL_Backend\Fundoo-Notes\node_modules\@babel\runtime\helpers\asyncToGenerator.js:14:12)
    at apply (C:\Users\ASUS\OneDrive\Desktop\BL_Backend\Fundoo-Notes\src\controllers\/user.controller.js:11:2)
    at registerUser (C:\Users\ASUS\OneDrive\Desktop\BL_Backend\Fundoo-Notes\src\controllers\/user.controller.js:3:35)
    at Layer.handle [as handle_request] (C:\Users\ASUS\OneDrive\Desktop\BL_Backend\Fundoo-Notes\node_modules\express\lib\router\layer.js:95:5)
    at next (C:\Users\ASUS\OneDrive\Desktop\BL_Backend\Fundoo-Notes\node_modules\express\lib\router\route.js:149:13)
    at Route.dispatch (C:\Users\ASUS\OneDrive\Desktop\BL_Backend\Fundoo-Notes\node_modules\express\lib\router\route.js:119:3)
    at Layer.handle [as handle_request] (C:\Users\ASUS\OneDrive\Desktop\BL_Backend\Fundoo-Notes\node_modules\express\lib\router\layer.js:95:5)
    at C:\Users\ASUS\OneDrive\Desktop\BL_Backend\Fundoo-Notes\node_modules\express\lib\router\index.js:284:15
    at Function.process_params (C:\Users\ASUS\OneDrive\Desktop\BL_Backend\Fundoo-Notes\node_modules\express\lib\router\index.js:346:12)
    at next (C:\Users\ASUS\OneDrive\Desktop\BL_Backend\Fundoo-Notes\node_modules\express\lib\router\index.js:280:10)
    at Function.handle (C:\Users\ASUS\OneDrive\Desktop\BL_Backend\Fundoo-Notes\node_modules\express\lib\router\index.js:175:3)
    at router (C:\Users\ASUS\OneDrive\Desktop\BL_Backend\Fundoo-Notes\node_modules\express\lib\router\index.js:47:12)
    at Layer.handle [as handle_request] (C:\Users\ASUS\OneDrive\Desktop\BL_Backend\Fundoo-Notes\node_modules\express\lib\router\layer.js:95:5)
    at trim_prefix (C:\Users\ASUS\OneDrive\Desktop\BL_Backend\Fundoo-Notes\node_modules\express\lib\router\index.js:328:13)
    at C:\Users\ASUS\OneDrive\Desktop\BL_Backend\Fundoo-Notes\node_modules\express\lib\router\index.js:286:9
    at Function.process_params (C:\Users\ASUS\OneDrive\Desktop\BL_Backend\Fundoo-Notes\node_modules\express\lib\router\index.js:346:12)
    at next (C:\Users\ASUS\OneDrive\Desktop\BL_Backend\Fundoo-Notes\node_modules\express\lib\router\index.js:280:10)
    at Function.handle (C:\Users\ASUS\OneDrive\Desktop\BL_Backend\Fundoo-Notes\node_modules\express\lib\router\index.js:175:3)
    at router (C:\Users\ASUS\OneDrive\Desktop\BL_Backend\Fundoo-Notes\node_modules\express\lib\router\index.js:47:12)
    at Layer.handle [as handle_request] (C:\Users\ASUS\OneDrive\Desktop\BL_Backend\Fundoo-Notes\node_modules\express\lib\router\layer.js:95:5)
    at trim_prefix (C:\Users\ASUS\OneDrive\Desktop\BL_Backend\Fundoo-Notes\node_modules\express\lib\router\index.js:328:13)
    at C:\Users\ASUS\OneDrive\Desktop\BL_Backend\Fundoo-Notes\node_modules\express\lib\router\index.js:286:9
    at Function.process_params (C:\Users\ASUS\OneDrive\Desktop\BL_Backend\Fundoo-Notes\node_modules\express\lib\router\index.js:346:12)
    at next (C:\Users\ASUS\OneDrive\Desktop\BL_Backend\Fundoo-Notes\node_modules\express\lib\router\index.js:280:10)
    at logger (C:\Users\ASUS\OneDrive\Desktop\BL_Backend\Fundoo-Notes\node_modules\morgan\index.js:144:5)
    at Layer.handle [as handle_request] (C:\Users\ASUS\OneDrive\Desktop\BL_Backend\Fundoo-Notes\node_modules\express\lib\router\layer.js:95:5)
    at trim_prefix (C:\Users\ASUS\OneDrive\Desktop\BL_Backend\Fundoo-Notes\node_modules\express\lib\router\index.js:328:13)
    at C:\Users\ASUS\OneDrive\Desktop\BL_Backend\Fundoo-Notes\node_modules\express\lib\router\index.js:286:9
    at Function.process_params (C:\Users\ASUS\OneDrive\Desktop\BL_Backend\Fundoo-Notes\node_modules\express\lib\router\index.js:346:12)
    at next (C:\Users\ASUS\OneDrive\Desktop\BL_Backend\Fundoo-Notes\node_modules\express\lib\router\index.js:280:10)
    at C:\Users\ASUS\OneDrive\Desktop\BL_Backend\Fundoo-Notes\node_modules\body-parser\lib\read.js:137:5
    at AsyncResource.runInAsyncScope (node:async_hooks:211:14)
    at invokeCallback (C:\Users\ASUS\OneDrive\Desktop\BL_Backend\Fundoo-Notes\node_modules\raw-body\index.js:238:16)
    at done (C:\Users\ASUS\OneDrive\Desktop\BL_Backend\Fundoo-Notes\node_modules\raw-body\index.js:227:7)
    at IncomingMessage.onEnd (C:\Users\ASUS\OneDrive\Desktop\BL_Backend\Fundoo-Notes\node_modules\raw-body\index.js:287:7)
    at IncomingMessage.emit (node:events:518:28)
    at IncomingMessage.emit (node:domain:489:12) {"date":"Wed Feb 12 2025 00:09:47 GMT+0530 (India Standard Time)","error":{},"exception":true,"os":{"loadavg":[0,0,0],"uptime":657336.125},"process":{"argv":["node","C:\\Users\\ASUS\\OneDrive\\Desktop\\BL_Backend\\Fundoo-Notes\\src\\index.js"],"cwd":"C:\\Users\\ASUS\\OneDrive\\Desktop\\BL_Backend\\Fundoo-Notes","execPath":"C:\\Program Files\\nodejs\\node.exe","gid":null,"memoryUsage":{"arrayBuffers":18313174,"external":21354488,"heapTotal":48046080,"heapUsed":45660016,"rss":92999680},"pid":8772,"uid":null,"version":"v22.11.0"},"stack":"TypeError: req.body is not a function\n    at _callee$ (C:\\Users\\ASUS\\OneDrive\\Desktop\\BL_Backend\\Fundoo-Notes\\src\\services\\/user.service.js:3:56)\n    at tryCatch (C:\\Users\\ASUS\\OneDrive\\Desktop\\BL_Backend\\Fundoo-Notes\\node_modules\\@babel\\runtime\\helpers\\regeneratorRuntime.js:45:16)\n    at Generator.<anonymous> (C:\\Users\\ASUS\\OneDrive\\Desktop\\BL_Backend\\Fundoo-Notes\\node_modules\\@babel\\runtime\\helpers\\regeneratorRuntime.js:133:17)\n    at Generator.next (C:\\Users\\ASUS\\OneDrive\\Desktop\\BL_Backend\\Fundoo-Notes\\node_modules\\@babel\\runtime\\helpers\\regeneratorRuntime.js:74:21)\n    at asyncGeneratorStep (C:\\Users\\ASUS\\OneDrive\\Desktop\\BL_Backend\\Fundoo-Notes\\node_modules\\@babel\\runtime\\helpers\\asyncToGenerator.js:3:17)\n    at _next (C:\\Users\\ASUS\\OneDrive\\Desktop\\BL_Backend\\Fundoo-Notes\\node_modules\\@babel\\runtime\\helpers\\asyncToGenerator.js:17:9)\n    at C:\\Users\\ASUS\\OneDrive\\Desktop\\BL_Backend\\Fundoo-Notes\\node_modules\\@babel\\runtime\\helpers\\asyncToGenerator.js:22:7\n    at new Promise (<anonymous>)\n    at apply (C:\\Users\\ASUS\\OneDrive\\Desktop\\BL_Backend\\Fundoo-Notes\\node_modules\\@babel\\runtime\\helpers\\asyncToGenerator.js:14:12)\n    at apply (C:\\Users\\ASUS\\OneDrive\\Desktop\\BL_Backend\\Fundoo-Notes\\src\\services\\/user.service.js:16:2)\n    at UserService (C:\\Users\\ASUS\\OneDrive\\Desktop\\BL_Backend\\Fundoo-Notes\\src\\services\\/user.service.js:1:34)\n    at _callee$ (C:\\Users\\ASUS\\OneDrive\\Desktop\\BL_Backend\\Fundoo-Notes\\src\\controllers\\/user.controller.js:4:34)\n    at tryCatch (C:\\Users\\ASUS\\OneDrive\\Desktop\\BL_Backend\\Fundoo-Notes\\node_modules\\@babel\\runtime\\helpers\\regeneratorRuntime.js:45:16)\n    at Generator.<anonymous> (C:\\Users\\ASUS\\OneDrive\\Desktop\\BL_Backend\\Fundoo-Notes\\node_modules\\@babel\\runtime\\helpers\\regeneratorRuntime.js:133:17)\n    at Generator.next (C:\\Users\\ASUS\\OneDrive\\Desktop\\BL_Backend\\Fundoo-Notes\\node_modules\\@babel\\runtime\\helpers\\regeneratorRuntime.js:74:21)\n    at asyncGeneratorStep (C:\\Users\\ASUS\\OneDrive\\Desktop\\BL_Backend\\Fundoo-Notes\\node_modules\\@babel\\runtime\\helpers\\asyncToGenerator.js:3:17)\n    at _next (C:\\Users\\ASUS\\OneDrive\\Desktop\\BL_Backend\\Fundoo-Notes\\node_modules\\@babel\\runtime\\helpers\\asyncToGenerator.js:17:9)\n    at C:\\Users\\ASUS\\OneDrive\\Desktop\\BL_Backend\\Fundoo-Notes\\node_modules\\@babel\\runtime\\helpers\\asyncToGenerator.js:22:7\n    at new Promise (<anonymous>)\n    at apply (C:\\Users\\ASUS\\OneDrive\\Desktop\\BL_Backend\\Fundoo-Notes\\node_modules\\@babel\\runtime\\helpers\\asyncToGenerator.js:14:12)\n    at apply (C:\\Users\\ASUS\\OneDrive\\Desktop\\BL_Backend\\Fundoo-Notes\\src\\controllers\\/user.controller.js:11:2)\n    at registerUser (C:\\Users\\ASUS\\OneDrive\\Desktop\\BL_Backend\\Fundoo-Notes\\src\\controllers\\/user.controller.js:3:35)\n    at Layer.handle [as handle_request] (C:\\Users\\ASUS\\OneDrive\\Desktop\\BL_Backend\\Fundoo-Notes\\node_modules\\express\\lib\\router\\layer.js:95:5)\n    at next (C:\\Users\\ASUS\\OneDrive\\Desktop\\BL_Backend\\Fundoo-Notes\\node_modules\\express\\lib\\router\\route.js:149:13)\n    at Route.dispatch (C:\\Users\\ASUS\\OneDrive\\Desktop\\BL_Backend\\Fundoo-Notes\\node_modules\\express\\lib\\router\\route.js:119:3)\n    at Layer.handle [as handle_request] (C:\\Users\\ASUS\\OneDrive\\Desktop\\BL_Backend\\Fundoo-Notes\\node_modules\\express\\lib\\router\\layer.js:95:5)\n    at C:\\Users\\ASUS\\OneDrive\\Desktop\\BL_Backend\\Fundoo-Notes\\node_modules\\express\\lib\\router\\index.js:284:15\n    at Function.process_params (C:\\Users\\ASUS\\OneDrive\\Desktop\\BL_Backend\\Fundoo-Notes\\node_modules\\express\\lib\\router\\index.js:346:12)\n    at next (C:\\Users\\ASUS\\OneDrive\\Desktop\\BL_Backend\\Fundoo-Notes\\node_modules\\express\\lib\\router\\index.js:280:10)\n    at Function.handle (C:\\Users\\ASUS\\OneDrive\\Desktop\\BL_Backend\\Fundoo-Notes\\node_modules\\express\\lib\\router\\index.js:175:3)\n    at router (C:\\Users\\ASUS\\OneDrive\\Desktop\\BL_Backend\\Fundoo-Notes\\node_modules\\express\\lib\\router\\index.js:47:12)\n    at Layer.handle [as handle_request] (C:\\Users\\ASUS\\OneDrive\\Desktop\\BL_Backend\\Fundoo-Notes\\node_modules\\express\\lib\\router\\layer.js:95:5)\n    at trim_prefix (C:\\Users\\ASUS\\OneDrive\\Desktop\\BL_Backend\\Fundoo-Notes\\node_modules\\express\\lib\\router\\index.js:328:13)\n    at C:\\Users\\ASUS\\OneDrive\\Desktop\\BL_Backend\\Fundoo-Notes\\node_modules\\express\\lib\\router\\index.js:286:9\n    at Function.process_params (C:\\Users\\ASUS\\OneDrive\\Desktop\\BL_Backend\\Fundoo-Notes\\node_modules\\express\\lib\\router\\index.js:346:12)\n    at next (C:\\Users\\ASUS\\OneDrive\\Desktop\\BL_Backend\\Fundoo-Notes\\node_modules\\express\\lib\\router\\index.js:280:10)\n    at Function.handle (C:\\Users\\ASUS\\OneDrive\\Desktop\\BL_Backend\\Fundoo-Notes\\node_modules\\express\\lib\\router\\index.js:175:3)\n    at router (C:\\Users\\ASUS\\OneDrive\\Desktop\\BL_Backend\\Fundoo-Notes\\node_modules\\express\\lib\\router\\index.js:47:12)\n    at Layer.handle [as handle_request] (C:\\Users\\ASUS\\OneDrive\\Desktop\\BL_Backend\\Fundoo-Notes\\node_modules\\express\\lib\\router\\layer.js:95:5)\n    at trim_prefix (C:\\Users\\ASUS\\OneDrive\\Desktop\\BL_Backend\\Fundoo-Notes\\node_modules\\express\\lib\\router\\index.js:328:13)\n    at C:\\Users\\ASUS\\OneDrive\\Desktop\\BL_Backend\\Fundoo-Notes\\node_modules\\express\\lib\\router\\index.js:286:9\n    at Function.process_params (C:\\Users\\ASUS\\OneDrive\\Desktop\\BL_Backend\\Fundoo-Notes\\node_modules\\express\\lib\\router\\index.js:346:12)\n    at next (C:\\Users\\ASUS\\OneDrive\\Desktop\\BL_Backend\\Fundoo-Notes\\node_modules\\express\\lib\\router\\index.js:280:10)\n    at logger (C:\\Users\\ASUS\\OneDrive\\Desktop\\BL_Backend\\Fundoo-Notes\\node_modules\\morgan\\index.js:144:5)\n    at Layer.handle [as handle_request] (C:\\Users\\ASUS\\OneDrive\\Desktop\\BL_Backend\\Fundoo-Notes\\node_modules\\express\\lib\\router\\layer.js:95:5)\n    at trim_prefix (C:\\Users\\ASUS\\OneDrive\\Desktop\\BL_Backend\\Fundoo-Notes\\node_modules\\express\\lib\\router\\index.js:328:13)\n    at C:\\Users\\ASUS\\OneDrive\\Desktop\\BL_Backend\\Fundoo-Notes\\node_modules\\express\\lib\\router\\index.js:286:9\n    at Function.process_params (C:\\Users\\ASUS\\OneDrive\\Desktop\\BL_Backend\\Fundoo-Notes\\node_modules\\express\\lib\\router\\index.js:346:12)\n    at next (C:\\Users\\ASUS\\OneDrive\\Desktop\\BL_Backend\\Fundoo-Notes\\node_modules\\express\\lib\\router\\index.js:280:10)\n    at C:\\Users\\ASUS\\OneDrive\\Desktop\\BL_Backend\\Fundoo-Notes\\node_modules\\body-parser\\lib\\read.js:137:5\n    at AsyncResource.runInAsyncScope (node:async_hooks:211:14)\n    at invokeCallback (C:\\Users\\ASUS\\OneDrive\\Desktop\\BL_Backend\\Fundoo-Notes\\node_modules\\raw-body\\index.js:238:16)\n    at done (C:\\Users\\ASUS\\OneDrive\\Desktop\\BL_Backend\\Fundoo-Notes\\node_modules\\raw-body\\index.js:227:7)\n    at IncomingMessage.onEnd (C:\\Users\\ASUS\\OneDrive\\Desktop\\BL_Backend\\Fundoo-Notes\\node_modules\\raw-body\\index.js:287:7)\n    at IncomingMessage.emit (node:events:518:28)\n    at IncomingMessage.emit (node:domain:489:12)","trace":[{"column":56,"file":"C:\\Users\\ASUS\\OneDrive\\Desktop\\BL_Backend\\Fundoo-Notes\\src\\services\\/user.service.js","function":"_callee$","line":3,"method":null,"native":false},{"column":16,"file":"C:\\Users\\ASUS\\OneDrive\\Desktop\\BL_Backend\\Fundoo-Notes\\node_modules\\@babel\\runtime\\helpers\\regeneratorRuntime.js","function":"tryCatch","line":45,"method":null,"native":false},{"column":17,"file":"C:\\Users\\ASUS\\OneDrive\\Desktop\\BL_Backend\\Fundoo-Notes\\node_modules\\@babel\\runtime\\helpers\\regeneratorRuntime.js","function":null,"line":133,"method":null,"native":false},{"column":21,"file":"C:\\Users\\ASUS\\OneDrive\\Desktop\\BL_Backend\\Fundoo-Notes\\node_modules\\@babel\\runtime\\helpers\\regeneratorRuntime.js","function":"Generator.next","line":74,"method":"next","native":false},{"column":17,"file":"C:\\Users\\ASUS\\OneDrive\\Desktop\\BL_Backend\\Fundoo-Notes\\node_modules\\@babel\\runtime\\helpers\\asyncToGenerator.js","function":"asyncGeneratorStep","line":3,"method":null,"native":false},{"column":9,"file":"C:\\Users\\ASUS\\OneDrive\\Desktop\\BL_Backend\\Fundoo-Notes\\node_modules\\@babel\\runtime\\helpers\\asyncToGenerator.js","function":"_next","line":17,"method":null,"native":false},{"column":7,"file":"C:\\Users\\ASUS\\OneDrive\\Desktop\\BL_Backend\\Fundoo-Notes\\node_modules\\@babel\\runtime\\helpers\\asyncToGenerator.js","function":null,"line":22,"method":null,"native":false},{"column":null,"file":null,"function":"new Promise","line":null,"method":null,"native":false},{"column":12,"file":"C:\\Users\\ASUS\\OneDrive\\Desktop\\BL_Backend\\Fundoo-Notes\\node_modules\\@babel\\runtime\\helpers\\asyncToGenerator.js","function":"apply","line":14,"method":null,"native":false},{"column":2,"file":"C:\\Users\\ASUS\\OneDrive\\Desktop\\BL_Backend\\Fundoo-Notes\\src\\services\\/user.service.js","function":"apply","line":16,"method":null,"native":false},{"column":34,"file":"C:\\Users\\ASUS\\OneDrive\\Desktop\\BL_Backend\\Fundoo-Notes\\src\\services\\/user.service.js","function":"UserService","line":1,"method":null,"native":false},{"column":34,"file":"C:\\Users\\ASUS\\OneDrive\\Desktop\\BL_Backend\\Fundoo-Notes\\src\\controllers\\/user.controller.js","function":"_callee$","line":4,"method":null,"native":false},{"column":16,"file":"C:\\Users\\ASUS\\OneDrive\\Desktop\\BL_Backend\\Fundoo-Notes\\node_modules\\@babel\\runtime\\helpers\\regeneratorRuntime.js","function":"tryCatch","line":45,"method":null,"native":false},{"column":17,"file":"C:\\Users\\ASUS\\OneDrive\\Desktop\\BL_Backend\\Fundoo-Notes\\node_modules\\@babel\\runtime\\helpers\\regeneratorRuntime.js","function":null,"line":133,"method":null,"native":false},{"column":21,"file":"C:\\Users\\ASUS\\OneDrive\\Desktop\\BL_Backend\\Fundoo-Notes\\node_modules\\@babel\\runtime\\helpers\\regeneratorRuntime.js","function":"Generator.next","line":74,"method":"next","native":false},{"column":17,"file":"C:\\Users\\ASUS\\OneDrive\\Desktop\\BL_Backend\\Fundoo-Notes\\node_modules\\@babel\\runtime\\helpers\\asyncToGenerator.js","function":"asyncGeneratorStep","line":3,"method":null,"native":false},{"column":9,"file":"C:\\Users\\ASUS\\OneDrive\\Desktop\\BL_Backend\\Fundoo-Notes\\node_modules\\@babel\\runtime\\helpers\\asyncToGenerator.js","function":"_next","line":17,"method":null,"native":false},{"column":7,"file":"C:\\Users\\ASUS\\OneDrive\\Desktop\\BL_Backend\\Fundoo-Notes\\node_modules\\@babel\\runtime\\helpers\\asyncToGenerator.js","function":null,"line":22,"method":null,"native":false},{"column":null,"file":null,"function":"new Promise","line":null,"method":null,"native":false},{"column":12,"file":"C:\\Users\\ASUS\\OneDrive\\Desktop\\BL_Backend\\Fundoo-Notes\\node_modules\\@babel\\runtime\\helpers\\asyncToGenerator.js","function":"apply","line":14,"method":null,"native":false},{"column":2,"file":"C:\\Users\\ASUS\\OneDrive\\Desktop\\BL_Backend\\Fundoo-Notes\\src\\controllers\\/user.controller.js","function":"apply","line":11,"method":null,"native":false},{"column":35,"file":"C:\\Users\\ASUS\\OneDrive\\Desktop\\BL_Backend\\Fundoo-Notes\\src\\controllers\\/user.controller.js","function":"registerUser","line":3,"method":null,"native":false},{"column":5,"file":"C:\\Users\\ASUS\\OneDrive\\Desktop\\BL_Backend\\Fundoo-Notes\\node_modules\\express\\lib\\router\\layer.js","function":"Layer.handle [as handle_request]","line":95,"method":"handle [as handle_request]","native":false},{"column":13,"file":"C:\\Users\\ASUS\\OneDrive\\Desktop\\BL_Backend\\Fundoo-Notes\\node_modules\\express\\lib\\router\\route.js","function":"next","line":149,"method":null,"native":false},{"column":3,"file":"C:\\Users\\ASUS\\OneDrive\\Desktop\\BL_Backend\\Fundoo-Notes\\node_modules\\express\\lib\\router\\route.js","function":"Route.dispatch","line":119,"method":"dispatch","native":false},{"column":5,"file":"C:\\Users\\ASUS\\OneDrive\\Desktop\\BL_Backend\\Fundoo-Notes\\node_modules\\express\\lib\\router\\layer.js","function":"Layer.handle [as handle_request]","line":95,"method":"handle [as handle_request]","native":false},{"column":15,"file":"C:\\Users\\ASUS\\OneDrive\\Desktop\\BL_Backend\\Fundoo-Notes\\node_modules\\express\\lib\\router\\index.js","function":null,"line":284,"method":null,"native":false},{"column":12,"file":"C:\\Users\\ASUS\\OneDrive\\Desktop\\BL_Backend\\Fundoo-Notes\\node_modules\\express\\lib\\router\\index.js","function":"Function.process_params","line":346,"method":"process_params","native":false},{"column":10,"file":"C:\\Users\\ASUS\\OneDrive\\Desktop\\BL_Backend\\Fundoo-Notes\\node_modules\\express\\lib\\router\\index.js","function":"next","line":280,"method":null,"native":false},{"column":3,"file":"C:\\Users\\ASUS\\OneDrive\\Desktop\\BL_Backend\\Fundoo-Notes\\node_modules\\express\\lib\\router\\index.js","function":"Function.handle","line":175,"method":"handle","native":false},{"column":12,"file":"C:\\Users\\ASUS\\OneDrive\\Desktop\\BL_Backend\\Fundoo-Notes\\node_modules\\express\\lib\\router\\index.js","function":"router","line":47,"method":null,"native":false},{"column":5,"file":"C:\\Users\\ASUS\\OneDrive\\Desktop\\BL_Backend\\Fundoo-Notes\\node_modules\\express\\lib\\router\\layer.js","function":"Layer.handle [as handle_request]","line":95,"method":"handle [as handle_request]","native":false},{"column":13,"file":"C:\\Users\\ASUS\\OneDrive\\Desktop\\BL_Backend\\Fundoo-Notes\\node_modules\\express\\lib\\router\\index.js","function":"trim_prefix","line":328,"method":null,"native":false},{"column":9,"file":"C:\\Users\\ASUS\\OneDrive\\Desktop\\BL_Backend\\Fundoo-Notes\\node_modules\\express\\lib\\router\\index.js","function":null,"line":286,"method":null,"native":false},{"column":12,"file":"C:\\Users\\ASUS\\OneDrive\\Desktop\\BL_Backend\\Fundoo-Notes\\node_modules\\express\\lib\\router\\index.js","function":"Function.process_params","line":346,"method":"process_params","native":false},{"column":10,"file":"C:\\Users\\ASUS\\OneDrive\\Desktop\\BL_Backend\\Fundoo-Notes\\node_modules\\express\\lib\\router\\index.js","function":"next","line":280,"method":null,"native":false},{"column":3,"file":"C:\\Users\\ASUS\\OneDrive\\Desktop\\BL_Backend\\Fundoo-Notes\\node_modules\\express\\lib\\router\\index.js","function":"Function.handle","line":175,"method":"handle","native":false},{"column":12,"file":"C:\\Users\\ASUS\\OneDrive\\Desktop\\BL_Backend\\Fundoo-Notes\\node_modules\\express\\lib\\router\\index.js","function":"router","line":47,"method":null,"native":false},{"column":5,"file":"C:\\Users\\ASUS\\OneDrive\\Desktop\\BL_Backend\\Fundoo-Notes\\node_modules\\express\\lib\\router\\layer.js","function":"Layer.handle [as handle_request]","line":95,"method":"handle [as handle_request]","native":false},{"column":13,"file":"C:\\Users\\ASUS\\OneDrive\\Desktop\\BL_Backend\\Fundoo-Notes\\node_modules\\express\\lib\\router\\index.js","function":"trim_prefix","line":328,"method":null,"native":false},{"column":9,"file":"C:\\Users\\ASUS\\OneDrive\\Desktop\\BL_Backend\\Fundoo-Notes\\node_modules\\express\\lib\\router\\index.js","function":null,"line":286,"method":null,"native":false},{"column":12,"file":"C:\\Users\\ASUS\\OneDrive\\Desktop\\BL_Backend\\Fundoo-Notes\\node_modules\\express\\lib\\router\\index.js","function":"Function.process_params","line":346,"method":"process_params","native":false},{"column":10,"file":"C:\\Users\\ASUS\\OneDrive\\Desktop\\BL_Backend\\Fundoo-Notes\\node_modules\\express\\lib\\router\\index.js","function":"next","line":280,"method":null,"native":false},{"column":5,"file":"C:\\Users\\ASUS\\OneDrive\\Desktop\\BL_Backend\\Fundoo-Notes\\node_modules\\morgan\\index.js","function":"logger","line":144,"method":null,"native":false},{"column":5,"file":"C:\\Users\\ASUS\\OneDrive\\Desktop\\BL_Backend\\Fundoo-Notes\\node_modules\\express\\lib\\router\\layer.js","function":"Layer.handle [as handle_request]","line":95,"method":"handle [as handle_request]","native":false},{"column":13,"file":"C:\\Users\\ASUS\\OneDrive\\Desktop\\BL_Backend\\Fundoo-Notes\\node_modules\\express\\lib\\router\\index.js","function":"trim_prefix","line":328,"method":null,"native":false},{"column":9,"file":"C:\\Users\\ASUS\\OneDrive\\Desktop\\BL_Backend\\Fundoo-Notes\\node_modules\\express\\lib\\router\\index.js","function":null,"line":286,"method":null,"native":false},{"column":12,"file":"C:\\Users\\ASUS\\OneDrive\\Desktop\\BL_Backend\\Fundoo-Notes\\node_modules\\express\\lib\\router\\index.js","function":"Function.process_params","line":346,"method":"process_params","native":false},{"column":10,"file":"C:\\Users\\ASUS\\OneDrive\\Desktop\\BL_Backend\\Fundoo-Notes\\node_modules\\express\\lib\\router\\index.js","function":"next","line":280,"method":null,"native":false},{"column":5,"file":"C:\\Users\\ASUS\\OneDrive\\Desktop\\BL_Backend\\Fundoo-Notes\\node_modules\\body-parser\\lib\\read.js","function":null,"line":137,"method":null,"native":false},{"column":14,"file":"node:async_hooks","function":"AsyncResource.runInAsyncScope","line":211,"method":"runInAsyncScope","native":false},{"column":16,"file":"C:\\Users\\ASUS\\OneDrive\\Desktop\\BL_Backend\\Fundoo-Notes\\node_modules\\raw-body\\index.js","function":"invokeCallback","line":238,"method":null,"native":false},{"column":7,"file":"C:\\Users\\ASUS\\OneDrive\\Desktop\\BL_Backend\\Fundoo-Notes\\node_modules\\raw-body\\index.js","function":"done","line":227,"method":null,"native":false},{"column":7,"file":"C:\\Users\\ASUS\\OneDrive\\Desktop\\BL_Backend\\Fundoo-Notes\\node_modules\\raw-body\\index.js","function":"IncomingMessage.onEnd","line":287,"method":"onEnd","native":false},{"column":28,"file":"node:events","function":"IncomingMessage.emit","line":518,"method":"emit","native":false},{"column":12,"file":"node:domain","function":"IncomingMessage.emit","line":489,"method":"emit","native":false}]}
info: ::1 - - [11/Feb/2025:18:42:21 +0000] "POST /api/v1/users/register HTTP/1.1" 201 250 "-" "PostmanRuntime/7.35.0"

info: ::1 - - [11/Feb/2025:18:47:38 +0000] "POST /api/v1/users/register HTTP/1.1" 201 301 "-" "PostmanRuntime/7.35.0"

error: uncaughtException: Email already exists
Error: Email already exists
    at _callee$ (C:\Users\ASUS\OneDrive\Desktop\BL_Backend\Fundoo-Notes\src\services\/user.service.js:13:13)
    at tryCatch (C:\Users\ASUS\OneDrive\Desktop\BL_Backend\Fundoo-Notes\node_modules\@babel\runtime\helpers\regeneratorRuntime.js:45:16)
    at Generator.<anonymous> (C:\Users\ASUS\OneDrive\Desktop\BL_Backend\Fundoo-Notes\node_modules\@babel\runtime\helpers\regeneratorRuntime.js:133:17)
    at Generator.next (C:\Users\ASUS\OneDrive\Desktop\BL_Backend\Fundoo-Notes\node_modules\@babel\runtime\helpers\regeneratorRuntime.js:74:21)
    at asyncGeneratorStep (C:\Users\ASUS\OneDrive\Desktop\BL_Backend\Fundoo-Notes\node_modules\@babel\runtime\helpers\asyncToGenerator.js:3:17)
    at _next (C:\Users\ASUS\OneDrive\Desktop\BL_Backend\Fundoo-Notes\node_modules\@babel\runtime\helpers\asyncToGenerator.js:17:9)
    at processTicksAndRejections (node:internal/process/task_queues:105:5) {"date":"Wed Feb 12 2025 00:19:42 GMT+0530 (India Standard Time)","error":{},"exception":true,"os":{"loadavg":[0,0,0],"uptime":657931.437},"process":{"argv":["node","C:\\Users\\ASUS\\OneDrive\\Desktop\\BL_Backend\\Fundoo-Notes\\src\\index.js"],"cwd":"C:\\Users\\ASUS\\OneDrive\\Desktop\\BL_Backend\\Fundoo-Notes","execPath":"C:\\Program Files\\nodejs\\node.exe","gid":null,"memoryUsage":{"arrayBuffers":18280802,"external":21322116,"heapTotal":95576064,"heapUsed":55773984,"rss":137363456},"pid":10628,"uid":null,"version":"v22.11.0"},"stack":"Error: Email already exists\n    at _callee$ (C:\\Users\\ASUS\\OneDrive\\Desktop\\BL_Backend\\Fundoo-Notes\\src\\services\\/user.service.js:13:13)\n    at tryCatch (C:\\Users\\ASUS\\OneDrive\\Desktop\\BL_Backend\\Fundoo-Notes\\node_modules\\@babel\\runtime\\helpers\\regeneratorRuntime.js:45:16)\n    at Generator.<anonymous> (C:\\Users\\ASUS\\OneDrive\\Desktop\\BL_Backend\\Fundoo-Notes\\node_modules\\@babel\\runtime\\helpers\\regeneratorRuntime.js:133:17)\n    at Generator.next (C:\\Users\\ASUS\\OneDrive\\Desktop\\BL_Backend\\Fundoo-Notes\\node_modules\\@babel\\runtime\\helpers\\regeneratorRuntime.js:74:21)\n    at asyncGeneratorStep (C:\\Users\\ASUS\\OneDrive\\Desktop\\BL_Backend\\Fundoo-Notes\\node_modules\\@babel\\runtime\\helpers\\asyncToGenerator.js:3:17)\n    at _next (C:\\Users\\ASUS\\OneDrive\\Desktop\\BL_Backend\\Fundoo-Notes\\node_modules\\@babel\\runtime\\helpers\\asyncToGenerator.js:17:9)\n    at processTicksAndRejections (node:internal/process/task_queues:105:5)","trace":[{"column":13,"file":"C:\\Users\\ASUS\\OneDrive\\Desktop\\BL_Backend\\Fundoo-Notes\\src\\services\\/user.service.js","function":"_callee$","line":13,"method":null,"native":false},{"column":16,"file":"C:\\Users\\ASUS\\OneDrive\\Desktop\\BL_Backend\\Fundoo-Notes\\node_modules\\@babel\\runtime\\helpers\\regeneratorRuntime.js","function":"tryCatch","line":45,"method":null,"native":false},{"column":17,"file":"C:\\Users\\ASUS\\OneDrive\\Desktop\\BL_Backend\\Fundoo-Notes\\node_modules\\@babel\\runtime\\helpers\\regeneratorRuntime.js","function":null,"line":133,"method":null,"native":false},{"column":21,"file":"C:\\Users\\ASUS\\OneDrive\\Desktop\\BL_Backend\\Fundoo-Notes\\node_modules\\@babel\\runtime\\helpers\\regeneratorRuntime.js","function":"Generator.next","line":74,"method":"next","native":false},{"column":17,"file":"C:\\Users\\ASUS\\OneDrive\\Desktop\\BL_Backend\\Fundoo-Notes\\node_modules\\@babel\\runtime\\helpers\\asyncToGenerator.js","function":"asyncGeneratorStep","line":3,"method":null,"native":false},{"column":9,"file":"C:\\Users\\ASUS\\OneDrive\\Desktop\\BL_Backend\\Fundoo-Notes\\node_modules\\@babel\\runtime\\helpers\\asyncToGenerator.js","function":"_next","line":17,"method":null,"native":false},{"column":5,"file":"node:internal/process/task_queues","function":"processTicksAndRejections","line":105,"method":null,"native":false}]}
info: ::1 - - [11/Feb/2025:18:52:27 +0000] "POST /api/v1/users/register HTTP/1.1" 500 34 "-" "PostmanRuntime/7.35.0"

info: ::1 - - [11/Feb/2025:19:03:00 +0000] "POST /api/v1/users/register HTTP/1.1" 500 66 "-" "PostmanRuntime/7.35.0"

info: ::1 - - [11/Feb/2025:19:03:28 +0000] "POST /api/v1/users/register HTTP/1.1" 500 89 "-" "PostmanRuntime/7.35.0"

info: ::1 - - [11/Feb/2025:19:15:40 +0000] "POST /api/v1/users/login HTTP/1.1" 500 89 "-" "PostmanRuntime/7.35.0"

info: ::1 - - [11/Feb/2025:19:15:52 +0000] "POST /api/v1/users/login HTTP/1.1" 500 55 "-" "PostmanRuntime/7.35.0"

info: ::1 - - [11/Feb/2025:19:18:08 +0000] "POST /api/v1/users/login HTTP/1.1" 500 62 "-" "PostmanRuntime/7.35.0"

info: ::1 - - [11/Feb/2025:19:18:55 +0000] "POST /api/v1/users/login HTTP/1.1" 500 89 "-" "PostmanRuntime/7.35.0"

info: ::1 - - [11/Feb/2025:19:19:07 +0000] "POST /api/v1/users/login HTTP/1.1" 500 29 "-" "PostmanRuntime/7.35.0"

info: ::1 - - [11/Feb/2025:19:19:22 +0000] "POST /api/v1/users/login HTTP/1.1" 500 30 "-" "PostmanRuntime/7.35.0"

info: ::1 - - [11/Feb/2025:19:19:44 +0000] "POST /api/v1/users/register HTTP/1.1" 500 55 "-" "PostmanRuntime/7.35.0"

info: ::1 - - [11/Feb/2025:19:20:28 +0000] "POST /api/v1/users/register HTTP/1.1" 201 303 "-" "PostmanRuntime/7.35.0"

info: ::1 - - [11/Feb/2025:19:20:45 +0000] "POST /api/v1/users/login HTTP/1.1" 201 305 "-" "PostmanRuntime/7.35.0"

info: ::1 - - [12/Feb/2025:04:23:59 +0000] "POST /api/v1/users/register HTTP/1.1" 500 55 "-" "PostmanRuntime/7.43.0"

info: ::1 - - [12/Feb/2025:04:24:39 +0000] "POST /api/v1/users/register HTTP/1.1" 500 34 "-" "PostmanRuntime/7.43.0"

info: ::1 - - [12/Feb/2025:04:24:47 +0000] "POST /api/v1/users/register HTTP/1.1" 201 304 "-" "PostmanRuntime/7.43.0"

info: ::1 - - [12/Feb/2025:04:25:11 +0000] "POST /api/v1/users/login HTTP/1.1" 500 66 "-" "PostmanRuntime/7.43.0"

info: ::1 - - [12/Feb/2025:04:25:26 +0000] "POST /api/v1/users/login HTTP/1.1" 201 306 "-" "PostmanRuntime/7.43.0"

info: ::1 - - [12/Feb/2025:04:42:10 +0000] "POST /api/v1/users/login HTTP/1.1" 500 32 "-" "PostmanRuntime/7.43.0"

info: ::1 - - [12/Feb/2025:04:43:27 +0000] "POST /api/v1/users/login HTTP/1.1" 500 32 "-" "PostmanRuntime/7.43.0"

info: ::1 - - [12/Feb/2025:04:44:41 +0000] "POST /api/v1/users/login HTTP/1.1" 500 32 "-" "PostmanRuntime/7.43.0"

info: ::1 - - [12/Feb/2025:04:45:15 +0000] "POST /api/v1/users/login HTTP/1.1" 500 32 "-" "PostmanRuntime/7.43.0"

info: ::1 - - [12/Feb/2025:04:47:50 +0000] "POST /api/v1/users/login HTTP/1.1" 201 261 "-" "PostmanRuntime/7.43.0"

info: ::1 - - [12/Feb/2025:04:48:06 +0000] "POST /api/v1/users/login HTTP/1.1" 201 261 "-" "PostmanRuntime/7.43.0"

info: ::1 - - [12/Feb/2025:05:02:38 +0000] "GET /api/v1/users/getallusers HTTP/1.1" 500 67 "-" "PostmanRuntime/7.43.0"

info: ::1 - - [12/Feb/2025:05:04:26 +0000] "GET /api/v1/users/getallusers HTTP/1.1" 500 67 "-" "PostmanRuntime/7.43.0"

info: ::1 - - [12/Feb/2025:05:06:23 +0000] "GET /api/v1/users/getallusers HTTP/1.1" 201 974 "-" "PostmanRuntime/7.43.0"

info: ::1 - - [12/Feb/2025:05:08:06 +0000] "GET /api/v1/users/getallusers HTTP/1.1" 201 974 "-" "PostmanRuntime/7.43.0"

info: ::1 - - [12/Feb/2025:05:44:21 +0000] "POST /api/v1/notes/create HTTP/1.1" 500 72 "-" "PostmanRuntime/7.43.0"

info: ::1 - - [12/Feb/2025:05:44:58 +0000] "POST /api/v1/notes/create HTTP/1.1" 500 72 "-" "PostmanRuntime/7.43.0"

info: ::1 - - [12/Feb/2025:05:46:03 +0000] "POST /api/v1/notes/create HTTP/1.1" 500 72 "-" "PostmanRuntime/7.43.0"

info: ::1 - - [12/Feb/2025:05:46:25 +0000] "POST /api/v1/notes/create HTTP/1.1" 500 72 "-" "PostmanRuntime/7.43.0"

info: ::1 - - [12/Feb/2025:05:46:46 +0000] "POST /api/v1/notes/create HTTP/1.1" 201 292 "-" "PostmanRuntime/7.43.0"

info: ::1 - - [12/Feb/2025:05:48:17 +0000] "POST /api/v1/notes/create HTTP/1.1" 201 292 "-" "PostmanRuntime/7.43.0"

info: ::1 - - [12/Feb/2025:05:52:59 +0000] "POST /api/v1/notes/getallnotes HTTP/1.1" 404 47 "-" "PostmanRuntime/7.43.0"

info: ::1 - - [12/Feb/2025:05:53:09 +0000] "GET /api/v1/notes/getallnotes HTTP/1.1" 201 528 "-" "PostmanRuntime/7.43.0"

info: ::1 - - [12/Feb/2025:05:53:16 +0000] "GET /api/v1/notes/getallnotes HTTP/1.1" 201 528 "-" "PostmanRuntime/7.43.0"

info: ::1 - - [12/Feb/2025:05:54:52 +0000] "POST /api/v1/notes/create HTTP/1.1" 201 305 "-" "PostmanRuntime/7.43.0"

info: ::1 - - [12/Feb/2025:05:56:24 +0000] "GET /api/v1/notes/getallnotes HTTP/1.1" 201 770 "-" "PostmanRuntime/7.43.0"

info: ::1 - - [12/Feb/2025:06:12:47 +0000] "GET /api/v1/notes/getnotebyid/67ac37aced2cab4618b29baa HTTP/1.1" 404 47 "-" "PostmanRuntime/7.43.0"

info: ::1 - - [12/Feb/2025:06:13:40 +0000] "GET /api/v1/notes/getnotebyid/67ac37aced2cab4618b29baa HTTP/1.1" 500 66 "-" "PostmanRuntime/7.43.0"

info: ::1 - - [12/Feb/2025:06:13:59 +0000] "GET /api/v1/notes/getnotebyid/67ac37aced2cab4618b29baa HTTP/1.1" 500 35 "-" "PostmanRuntime/7.43.0"

info: ::1 - - [12/Feb/2025:06:14:11 +0000] "GET /api/v1/notes/getnotebyid/67ac37aced2cab4618b29baa HTTP/1.1" 201 68 "-" "PostmanRuntime/7.43.0"

info: ::1 - - [12/Feb/2025:06:14:45 +0000] "GET /api/v1/notes/getnotebyid/67ac37aced2cab4618b29baa HTTP/1.1" 201 68 "-" "PostmanRuntime/7.43.0"

info: ::1 - - [12/Feb/2025:06:17:18 +0000] "GET /api/v1/notes/getnotebyid/67ac37aced2cab4618b29baa HTTP/1.1" 500 68 "-" "PostmanRuntime/7.43.0"

info: ::1 - - [12/Feb/2025:06:18:00 +0000] "GET /api/v1/notes/getnotebyid/67ac37aced2cab4618b29baa HTTP/1.1" 500 68 "-" "PostmanRuntime/7.43.0"

info: ::1 - - [12/Feb/2025:06:18:14 +0000] "GET /api/v1/notes/getnotebyid/67ac37aced2cab4618b29baa HTTP/1.1" 500 68 "-" "PostmanRuntime/7.43.0"

info: ::1 - - [12/Feb/2025:06:18:39 +0000] "GET /api/v1/notes/getnotebyid/67ac37aced2cab4618b29baa HTTP/1.1" 500 68 "-" "PostmanRuntime/7.43.0"

info: ::1 - - [12/Feb/2025:06:19:27 +0000] "GET /api/v1/notes/getnotebyid/67ac37aced2cab4618b29baa HTTP/1.1" 500 68 "-" "PostmanRuntime/7.43.0"

info: ::1 - - [12/Feb/2025:06:19:54 +0000] "GET /api/v1/notes/getnotebyid/67ac37aced2cab4618b29baa HTTP/1.1" 500 68 "-" "PostmanRuntime/7.43.0"

info: ::1 - - [12/Feb/2025:06:20:21 +0000] "GET /api/v1/notes/getnotebyid/67ac37aced2cab4618b29baa HTTP/1.1" 500 68 "-" "PostmanRuntime/7.43.0"

info: ::1 - - [12/Feb/2025:06:20:38 +0000] "GET /api/v1/notes/getnotebyid/67ac37aced2cab4618b29baa HTTP/1.1" 500 68 "-" "PostmanRuntime/7.43.0"

info: ::1 - - [12/Feb/2025:06:21:15 +0000] "GET /api/v1/notes/getnotebyid/67ac37aced2cab4618b29baa HTTP/1.1" 500 68 "-" "PostmanRuntime/7.43.0"

info: ::1 - - [12/Feb/2025:06:21:29 +0000] "GET /api/v1/notes/getnotebyid/67ac37aced2cab4618b29baa HTTP/1.1" 500 68 "-" "PostmanRuntime/7.43.0"

info: ::1 - - [12/Feb/2025:06:22:14 +0000] "GET /api/v1/notes/getnotebyid/67ac37aced2cab4618b29baa HTTP/1.1" 201 305 "-" "PostmanRuntime/7.43.0"

info: ::1 - - [12/Feb/2025:08:03:02 +0000] "GET /api/v1/notes/getnotebyid/67ac37aced2cab4618b29baa HTTP/1.1" 201 305 "-" "PostmanRuntime/7.43.0"

info: ::1 - - [12/Feb/2025:08:03:53 +0000] "POST /api/v1/users/login HTTP/1.1" 201 261 "-" "PostmanRuntime/7.43.0"

info: ::1 - - [12/Feb/2025:08:04:40 +0000] "PUT /api/v1/notes/update/67ac37aced2cab4618b29baa HTTP/1.1" 500 46 "-" "PostmanRuntime/7.43.0"

info: ::1 - - [12/Feb/2025:08:05:21 +0000] "PUT /api/v1/notes/update/67ac37aced2cab4618b29baa HTTP/1.1" 500 46 "-" "PostmanRuntime/7.43.0"

info: ::1 - - [12/Feb/2025:08:05:41 +0000] "PUT /api/v1/notes/update/67ac37aced2cab4618b29baa HTTP/1.1" 201 307 "-" "PostmanRuntime/7.43.0"

info: ::1 - - [12/Feb/2025:08:19:34 +0000] "DELETE /api/v1/notes/delete/67ac37aced2cab4618b29baa HTTP/1.1" 200 307 "-" "PostmanRuntime/7.43.0"

info: ::1 - - [12/Feb/2025:08:19:39 +0000] "DELETE /api/v1/notes/delete/67ac37aced2cab4618b29baa HTTP/1.1" 200 307 "-" "PostmanRuntime/7.43.0"

info: ::1 - - [12/Feb/2025:08:19:45 +0000] "DELETE /api/v1/notes/delete/67ac37aced2cab4618b29baa HTTP/1.1" 200 307 "-" "PostmanRuntime/7.43.0"

info: ::1 - - [12/Feb/2025:08:20:39 +0000] "DELETE /api/v1/notes/delete/67ac37aced2cab4618b29baa HTTP/1.1" 200 307 "-" "PostmanRuntime/7.43.0"

info: ::1 - - [12/Feb/2025:08:20:40 +0000] "DELETE /api/v1/notes/delete/67ac37aced2cab4618b29baa HTTP/1.1" 200 307 "-" "PostmanRuntime/7.43.0"

info: ::1 - - [12/Feb/2025:08:22:01 +0000] "DELETE /api/v1/notes/delete/67ac37aced2cab4618b29baa HTTP/1.1" 200 307 "-" "PostmanRuntime/7.43.0"

info: ::1 - - [12/Feb/2025:08:26:14 +0000] "DELETE /api/v1/notes/delete/67ac37aced2cab4618b29baa HTTP/1.1" 200 307 "-" "PostmanRuntime/7.43.0"

info: ::1 - - [12/Feb/2025:08:26:15 +0000] "DELETE /api/v1/notes/delete/67ac37aced2cab4618b29baa HTTP/1.1" 200 306 "-" "PostmanRuntime/7.43.0"

info: ::1 - - [12/Feb/2025:08:26:21 +0000] "DELETE /api/v1/notes/delete/67ac37aced2cab4618b29baa HTTP/1.1" 200 307 "-" "PostmanRuntime/7.43.0"

info: ::1 - - [12/Feb/2025:08:26:23 +0000] "DELETE /api/v1/notes/delete/67ac37aced2cab4618b29baa HTTP/1.1" 200 306 "-" "PostmanRuntime/7.43.0"

info: ::1 - - [12/Feb/2025:08:52:41 +0000] "PUT /api/v1/users/forgotpassword HTTP/1.1" 404 47 "-" "PostmanRuntime/7.43.0"

info: ::1 - - [12/Feb/2025:08:53:08 +0000] "PUT /api/v1/note/forgotpassword HTTP/1.1" 404 47 "-" "PostmanRuntime/7.43.0"

info: ::1 - - [12/Feb/2025:08:53:29 +0000] "PUT /api/v1/note/forgotpassword HTTP/1.1" 404 47 "-" "PostmanRuntime/7.43.0"

info: ::1 - - [12/Feb/2025:08:53:36 +0000] "PUT /api/v1/notes/forgotpassword HTTP/1.1" 200 77 "-" "PostmanRuntime/7.43.0"

info: ::1 - - [12/Feb/2025:08:54:49 +0000] "PUT /api/v1/notes/forgotpassword HTTP/1.1" 200 77 "-" "PostmanRuntime/7.43.0"

info: ::1 - - [12/Feb/2025:08:55:16 +0000] "PUT /api/v1/notes/forgotpassword HTTP/1.1" 200 66 "-" "PostmanRuntime/7.43.0"

info: ::1 - - [12/Feb/2025:09:23:47 +0000] "PUT /api/v1/notes/forgotpassword HTTP/1.1" 404 47 "-" "PostmanRuntime/7.43.0"

info: ::1 - - [12/Feb/2025:09:23:55 +0000] "PUT /api/v1/users/forgotpassword HTTP/1.1" 200 66 "-" "PostmanRuntime/7.43.0"

info: ::1 - - [12/Feb/2025:09:24:45 +0000] "PUT /api/v1/users/resetpassword HTTP/1.1" 500 67 "-" "PostmanRuntime/7.43.0"

info: ::1 - - [12/Feb/2025:09:25:16 +0000] "PUT /api/v1/users/resetpassword HTTP/1.1" 500 67 "-" "PostmanRuntime/7.43.0"

info: ::1 - - [12/Feb/2025:09:26:00 +0000] "PUT /api/v1/users/resetpassword HTTP/1.1" 500 67 "-" "PostmanRuntime/7.43.0"

info: ::1 - - [12/Feb/2025:09:26:51 +0000] "PUT /api/v1/users/resetpassword HTTP/1.1" 500 67 "-" "PostmanRuntime/7.43.0"

info: ::1 - - [12/Feb/2025:09:29:23 +0000] "PUT /api/v1/users/resetpassword HTTP/1.1" 500 67 "-" "PostmanRuntime/7.43.0"

info: ::1 - - [12/Feb/2025:09:30:09 +0000] "PUT /api/v1/users/resetpassword HTTP/1.1" 500 67 "-" "PostmanRuntime/7.43.0"

info: ::1 - - [12/Feb/2025:09:30:42 +0000] "PUT /api/v1/users/resetpassword HTTP/1.1" 500 67 "-" "PostmanRuntime/7.43.0"

info: ::1 - - [12/Feb/2025:09:32:19 +0000] "PUT /api/v1/users/resetpassword HTTP/1.1" 500 67 "-" "PostmanRuntime/7.43.0"

info: ::1 - - [12/Feb/2025:09:33:16 +0000] "PUT /api/v1/users/resetpassword HTTP/1.1" 500 32 "-" "PostmanRuntime/7.43.0"

info: ::1 - - [12/Feb/2025:09:33:40 +0000] "PUT /api/v1/users/resetpassword HTTP/1.1" 200 91 "-" "PostmanRuntime/7.43.0"

info: ::1 - - [12/Feb/2025:09:34:53 +0000] "PUT /api/v1/users/forgotpassword HTTP/1.1" 200 66 "-" "PostmanRuntime/7.43.0"

info: ::1 - - [12/Feb/2025:09:35:11 +0000] "PUT /api/v1/users/resetpassword HTTP/1.1" 500 119 "-" "PostmanRuntime/7.43.0"

info: ::1 - - [12/Feb/2025:09:35:52 +0000] "PUT /api/v1/users/resetpassword HTTP/1.1" 500 119 "-" "PostmanRuntime/7.43.0"

info: ::1 - - [12/Feb/2025:09:36:02 +0000] "PUT /api/v1/users/forgotpassword HTTP/1.1" 200 66 "-" "PostmanRuntime/7.43.0"

info: ::1 - - [12/Feb/2025:09:36:15 +0000] "PUT /api/v1/users/resetpassword HTTP/1.1" 500 119 "-" "PostmanRuntime/7.43.0"

info: ::1 - - [12/Feb/2025:09:37:29 +0000] "PUT /api/v1/users/resetpassword HTTP/1.1" 500 119 "-" "PostmanRuntime/7.43.0"

info: ::1 - - [12/Feb/2025:09:38:33 +0000] "PUT /api/v1/users/resetpassword HTTP/1.1" 200 91 "-" "PostmanRuntime/7.43.0"

info: ::1 - - [12/Feb/2025:09:38:43 +0000] "PUT /api/v1/users/forgotpassword HTTP/1.1" 200 66 "-" "PostmanRuntime/7.43.0"

info: ::1 - - [12/Feb/2025:09:38:55 +0000] "PUT /api/v1/users/resetpassword HTTP/1.1" 500 119 "-" "PostmanRuntime/7.43.0"

info: ::1 - - [12/Feb/2025:09:39:36 +0000] "PUT /api/v1/users/forgotpassword HTTP/1.1" 200 66 "-" "PostmanRuntime/7.43.0"

info: ::1 - - [12/Feb/2025:09:39:46 +0000] "PUT /api/v1/users/resetpassword HTTP/1.1" 200 254 "-" "PostmanRuntime/7.43.0"

info: ::1 - - [12/Feb/2025:09:39:53 +0000] "PUT /api/v1/users/resetpassword HTTP/1.1" 200 253 "-" "PostmanRuntime/7.43.0"

info: ::1 - - [12/Feb/2025:09:41:06 +0000] "PUT /api/v1/users/forgotpassword HTTP/1.1" 200 66 "-" "PostmanRuntime/7.43.0"

info: ::1 - - [12/Feb/2025:09:41:18 +0000] "PUT /api/v1/users/resetpassword HTTP/1.1" 200 253 "-" "PostmanRuntime/7.43.0"

info: ::1 - - [12/Feb/2025:09:41:21 +0000] "PUT /api/v1/users/resetpassword HTTP/1.1" 200 91 "-" "PostmanRuntime/7.43.0"

info: ::1 - - [12/Feb/2025:09:47:32 +0000] "PUT /api/v1/users/forgotpassword HTTP/1.1" 200 66 "-" "PostmanRuntime/7.43.0"

info: ::1 - - [12/Feb/2025:09:47:44 +0000] "PUT /api/v1/users/resetpassword HTTP/1.1" 200 253 "-" "PostmanRuntime/7.43.0"

info: ::1 - - [12/Feb/2025:09:47:48 +0000] "PUT /api/v1/users/resetpassword HTTP/1.1" 200 91 "-" "PostmanRuntime/7.43.0"

info: ::1 - - [12/Feb/2025:09:48:56 +0000] "PUT /api/v1/users/forgotpassword HTTP/1.1" 200 66 "-" "PostmanRuntime/7.43.0"

info: ::1 - - [12/Feb/2025:09:49:07 +0000] "PUT /api/v1/users/resetpassword HTTP/1.1" 200 253 "-" "PostmanRuntime/7.43.0"

info: ::1 - - [12/Feb/2025:09:51:18 +0000] "PUT /api/v1/users/forgotpassword HTTP/1.1" 200 66 "-" "PostmanRuntime/7.43.0"

info: ::1 - - [12/Feb/2025:09:51:29 +0000] "PUT /api/v1/users/resetpassword HTTP/1.1" 200 253 "-" "PostmanRuntime/7.43.0"

info: ::1 - - [12/Feb/2025:09:51:35 +0000] "PUT /api/v1/users/resetpassword HTTP/1.1" 200 91 "-" "PostmanRuntime/7.43.0"

